#
# There is insufficient memory for the Java Runtime Environment to continue.
# Native memory allocation (mmap) failed to map 65536 bytes. Error detail: Failed to commit metaspace.
# Possible reasons:
#   The system is out of physical RAM or swap space
#   This process is running with CompressedOops enabled, and the Java Heap may be blocking the growth of the native heap
# Possible solutions:
#   Reduce memory load on the system
#   Increase physical memory or swap space
#   Check if swap backing store is full
#   Decrease Java heap size (-Xmx/-Xms)
#   Decrease number of Java threads
#   Decrease Java thread stack sizes (-Xss)
#   Set larger code cache with -XX:ReservedCodeCacheSize=
#   JVM is running with Unscaled Compressed Oops mode in which the Java heap is
#     placed in the first 4GB address space. The Java Heap base address is the
#     maximum limit for the native heap growth. Please use -XX:HeapBaseMinAddress
#     to set the Java Heap base and to place the Java Heap above 4GB virtual address.
# This output file may be truncated or incomplete.
#
#  Out of Memory Error (virtualSpaceNode.cpp:113), pid=31324, tid=26252
#
# JRE version: OpenJDK Runtime Environment Temurin-21.0.9+10 (21.0.9+10) (build 21.0.9+10-LTS)
# Java VM: OpenJDK 64-Bit Server VM Temurin-21.0.9+10 (21.0.9+10-LTS, mixed mode, sharing, tiered, compressed oops, compressed class ptrs, parallel gc, windows-amd64)
# No core dump will be written. Minidumps are not enabled by default on client versions of Windows
#

---------------  S U M M A R Y ------------

Command Line: --add-modules=ALL-SYSTEM --add-opens=java.base/java.util=ALL-UNNAMED --add-opens=java.base/java.lang=ALL-UNNAMED --add-opens=java.base/sun.nio.fs=ALL-UNNAMED -Declipse.application=org.eclipse.jdt.ls.core.id1 -Dosgi.bundles.defaultStartLevel=4 -Declipse.product=org.eclipse.jdt.ls.core.product -Djava.import.generatesMetadataFilesAtProjectRoot=false -DDetectVMInstallationsJob.disabled=true -Dfile.encoding=utf8 -XX:+UseParallelGC -XX:GCTimeRatio=4 -XX:AdaptiveSizePolicyWeight=90 -Dsun.zip.disableMemoryMapping=true -Xmx2G -Xms100m -Xlog:disable -javaagent:c:\Users\jane\.trae\extensions\redhat.java-1.51.0-win32-x64\lombok\lombok-1.18.39-4050.jar -XX:+HeapDumpOnOutOfMemoryError -XX:HeapDumpPath=c:\Users\jane\AppData\Roaming\Trae\User\workspaceStorage\ae4f4d08618131b1e596844c1662fb19\redhat.java -Daether.dependencyCollector.impl=bf c:\Users\jane\.trae\extensions\redhat.java-1.51.0-win32-x64\server\plugins\org.eclipse.equinox.launcher_1.7.100.v20251111-0406.jar -configuration c:\Users\jane\AppData\Roaming\Trae\User\globalStorage\redhat.java\1.51.0\config_win -data c:\Users\jane\AppData\Roaming\Trae\User\workspaceStorage\ae4f4d08618131b1e596844c1662fb19\redhat.java\jdt_ws --pipe=\\.\pipe\lsp-a82077e24d72bfd5f7da7bd738ebf831-sock

Host: AMD Ryzen 5 6600H with Radeon Graphics         , 12 cores, 15G,  Windows 11 , 64 bit Build 26100 (10.0.26100.7623)
Time: Thu Jan 29 19:58:31 2026 elapsed time: 19.063443 seconds (0d 0h 0m 19s)

---------------  T H R E A D  ---------------

Current thread (0x000002aeebe86fa0):  JavaThread "Start Level: Equinox Container: 09140f38-cb1c-41ac-a30d-13bfa3620b39" daemon [_thread_in_vm, id=26252, stack(0x000000d02b500000,0x000000d02b600000) (1024K)]

Stack: [0x000000d02b500000,0x000000d02b600000]
Native frames: (J=compiled Java code, j=interpreted, Vv=VM code, C=native code)
V  [jvm.dll+0x6d6e29]
V  [jvm.dll+0x8b4b76]
V  [jvm.dll+0x8b712e]
V  [jvm.dll+0x8b7813]
V  [jvm.dll+0x283d86]
V  [jvm.dll+0x8b08be]
V  [jvm.dll+0x678824]
V  [jvm.dll+0x67888a]
V  [jvm.dll+0x67b086]
V  [jvm.dll+0x67af52]
V  [jvm.dll+0x6791fe]
V  [jvm.dll+0x280c57]
V  [jvm.dll+0x72d13f]
V  [jvm.dll+0x72dc7f]
V  [jvm.dll+0x3cbed1]
V  [jvm.dll+0x3caca7]
V  [jvm.dll+0x3cac48]
V  [jvm.dll+0x3dc78a]
C  0x000002aede6b925f

The last pc belongs to new (printed below).
Java frames: (J=compiled Java code, j=interpreted, Vv=VM code)
j  java.util.logging.Logger.log(Ljava/util/logging/Level;Ljava/lang/String;Ljava/lang/Throwable;)V+9 java.logging@21.0.9
j  org.apache.aries.spifly.BaseActivator.log(Ljava/util/logging/Level;Ljava/lang/String;Ljava/lang/Throwable;)V+16
j  org.apache.aries.spifly.BaseActivator.log(Ljava/util/logging/Level;Ljava/lang/String;)V+4
j  org.apache.aries.spifly.ProviderBundleTrackerCustomizer.log(Ljava/util/logging/Level;Ljava/lang/String;)V+6
j  org.apache.aries.spifly.ProviderBundleTrackerCustomizer.addingBundle(Lorg/osgi/framework/Bundle;Lorg/osgi/framework/BundleEvent;)Ljava/util/List;+829
j  org.apache.aries.spifly.ProviderBundleTrackerCustomizer.addingBundle(Lorg/osgi/framework/Bundle;Lorg/osgi/framework/BundleEvent;)Ljava/lang/Object;+3
j  org.osgi.util.tracker.BundleTracker$Tracked.customizerAdding(Lorg/osgi/framework/Bundle;Lorg/osgi/framework/BundleEvent;)Ljava/lang/Object;+9
j  org.osgi.util.tracker.BundleTracker$Tracked.customizerAdding(Ljava/lang/Object;Ljava/lang/Object;)Ljava/lang/Object;+9
j  org.osgi.util.tracker.AbstractTracked.trackAdding(Ljava/lang/Object;Ljava/lang/Object;)V+8
j  org.osgi.util.tracker.AbstractTracked.trackInitial()V+90
j  org.osgi.util.tracker.BundleTracker.open()V+130
j  org.apache.aries.spifly.BaseActivator.start(Lorg/osgi/framework/BundleContext;Ljava/lang/String;)V+105
j  org.apache.aries.spifly.dynamic.DynamicWeavingActivator.start(Lorg/osgi/framework/BundleContext;)V+31
j  org.eclipse.osgi.internal.framework.BundleContextImpl$2.run()Ljava/lang/Void;+23
j  org.eclipse.osgi.internal.framework.BundleContextImpl$2.run()Ljava/lang/Object;+1
J 1169 c1 java.security.AccessController.executePrivileged(Ljava/security/PrivilegedExceptionAction;Ljava/security/AccessControlContext;Ljava/lang/Class;)Ljava/lang/Object; java.base@21.0.9 (65 bytes) @ 0x000002aed734e9c4 [0x000002aed734e860+0x0000000000000164]
j  java.security.AccessController.doPrivileged(Ljava/security/PrivilegedExceptionAction;)Ljava/lang/Object;+9 java.base@21.0.9
j  org.eclipse.osgi.internal.framework.BundleContextImpl.startActivator(Lorg/osgi/framework/BundleActivator;)V+9
j  org.eclipse.osgi.internal.framework.BundleContextImpl.start()V+141
j  org.eclipse.osgi.internal.framework.EquinoxBundle.startWorker0()V+35
j  org.eclipse.osgi.internal.framework.EquinoxBundle$EquinoxModule.startWorker()V+4
j  org.eclipse.osgi.container.Module.doStart([Lorg/eclipse/osgi/container/Module$StartOptions;)Lorg/eclipse/osgi/container/ModuleContainerAdaptor$ModuleEvent;+200
j  org.eclipse.osgi.container.Module.start([Lorg/eclipse/osgi/container/Module$StartOptions;)V+460
j  org.eclipse.osgi.container.ModuleContainer$ContainerStartLevel$2.run()V+83
j  org.eclipse.osgi.internal.framework.EquinoxContainerAdaptor$1$1.execute(Ljava/lang/Runnable;)V+1
j  org.eclipse.osgi.container.ModuleContainer$ContainerStartLevel.incStartLevel(ILjava/util/List;Z)V+193
j  org.eclipse.osgi.container.ModuleContainer$ContainerStartLevel.incStartLevel(ILjava/util/List;Ljava/util/List;Ljava/util/List;Ljava/util/List;)V+19
j  org.eclipse.osgi.container.ModuleContainer$ContainerStartLevel.doContainerStartLevel(Lorg/eclipse/osgi/container/Module;I[Lorg/osgi/framework/FrameworkListener;)V+358
j  org.eclipse.osgi.container.ModuleContainer$ContainerStartLevel.dispatchEvent(Lorg/eclipse/osgi/container/Module;[Lorg/osgi/framework/FrameworkListener;ILjava/lang/Integer;)V+32
j  org.eclipse.osgi.container.ModuleContainer$ContainerStartLevel.dispatchEvent(Ljava/lang/Object;Ljava/lang/Object;ILjava/lang/Object;)V+15
j  org.eclipse.osgi.framework.eventmgr.EventManager.dispatchEvent(Ljava/util/Set;Lorg/eclipse/osgi/framework/eventmgr/EventDispatcher;ILjava/lang/Object;)V+48
j  org.eclipse.osgi.framework.eventmgr.EventManager$EventThread.run()V+26
v  ~StubRoutines::call_stub 0x000002aede6a100d
new  187 new  [0x000002aede6b90e0, 0x000002aede6b92e8]  520 bytes
[MachCode]
  0x000002aede6b90e0: 4883 ec08 | c5fa 1104 | 24eb 1f48 | 83ec 10c5 | fb11 0424 | eb14 4883 | ec10 4889 | 0424 48c7 
  0x000002aede6b9100: 4424 0800 | 0000 00eb | 0150 410f | b755 010f | cac1 ea10 | 488b 4de8 | 488b 4908 | 488b 4908 
  0x000002aede6b9120: 488b 4108 | 807c 1004 | 070f 85d3 | 0000 0066 | 8b54 d148 | 488b 4928 | 488b 4cd1 | 0851 80b9 
  0x000002aede6b9140: 3101 0000 | 040f 85b6 | 0000 008b | 5108 f6c2 | 010f 85aa | 0000 0049 | 8b87 b801 | 0000 488d 
  0x000002aede6b9160: 1c10 493b | 9fc8 0100 | 000f 8792 | 0000 0049 | 899f b801 | 0000 4883 | ea10 0f84 | 0f00 0000 
  0x000002aede6b9180: 33c9 c1ea | 0348 894c | d008 48ff | ca75 f648 | c700 0100 | 0000 5933 | f689 700c | 49ba 0000 
  0x000002aede6b91a0: 0080 ae02 | 0000 492b | ca89 4808 | 49ba d84d | f0cd fe7f | 0000 4180 | 3a00 0f84 | 3c00 0000 
  0x000002aede6b91c0: 5048 8bc8 | 4883 ec20 | 40f6 c40f | 0f84 1900 | 0000 4883 | ec08 48b8 | 80d5 99cd | fe7f 0000 
  0x000002aede6b91e0: ffd0 4883 | c408 e90c | 0000 0048 | b880 d599 | cdfe 7f00 | 00ff d048 | 83c4 2058 | e9cb 0000 
  0x000002aede6b9200: 0059 488b | 55e8 488b | 5208 488b | 5208 450f | b745 0141 | 0fc8 41c1 | e810 e805 | 0000 00e9 
  0x000002aede6b9220: a800 0000 | 488d 4424 | 084c 896d | c049 8bcf | c5f8 7749 | 89af a803 | 0000 4989 | 8798 0300 
  0x000002aede6b9240: 0048 83ec | 2040 f6c4 | 0f0f 8419 | 0000 0048 | 83ec 0848 | b800 c763 | cdfe 7f00 | 00ff d048 
  0x000002aede6b9260: 83c4 08e9 | 0c00 0000 | 48b8 00c7 | 63cd fe7f | 0000 ffd0 | 4883 c420 | 49c7 8798 | 0300 0000 
  0x000002aede6b9280: 0000 0049 | c787 a803 | 0000 0000 | 0000 49c7 | 87a0 0300 | 0000 0000 | 00c5 f877 | 4983 7f08 
  0x000002aede6b92a0: 000f 8405 | 0000 00e9 | 547c feff | 498b 87f0 | 0300 0049 | c787 f003 | 0000 0000 | 0000 4c8b 
  0x000002aede6b92c0: 6dc0 4c8b | 75c8 4e8d | 74f5 00c3 | 410f b65d | 0349 83c5 | 0349 ba30 | 15f3 cdfe | 7f00 0041 
  0x000002aede6b92e0: ff24 da0f | 1f44 0000 
[/MachCode]

Compiled method (c1) 19094 1169       3       java.security.AccessController::executePrivileged (65 bytes)
 total in heap  [0x000002aed734e690,0x000002aed734ec80] = 1520
 relocation     [0x000002aed734e7f0,0x000002aed734e858] = 104
 main code      [0x000002aed734e860,0x000002aed734eb08] = 680
 stub code      [0x000002aed734eb08,0x000002aed734eb60] = 88
 metadata       [0x000002aed734eb60,0x000002aed734eb70] = 16
 scopes data    [0x000002aed734eb70,0x000002aed734ebe8] = 120
 scopes pcs     [0x000002aed734ebe8,0x000002aed734ec68] = 128
 dependencies   [0x000002aed734ec68,0x000002aed734ec70] = 8
 nul chk table  [0x000002aed734ec70,0x000002aed734ec80] = 16

[Constant Pool (empty)]

[MachCode]
[Verified Entry Point]
  # {method} {0x000002ae804724f0} 'executePrivileged' '(Ljava/security/PrivilegedExceptionAction;Ljava/security/AccessControlContext;Ljava/lang/Class;)Ljava/lang/Object;' in 'java/security/AccessController'
  # parm0:    rdx:rdx   = 'java/security/PrivilegedExceptionAction'
  # parm1:    r8:r8     = 'java/security/AccessControlContext'
  # parm2:    r9:r9     = 'java/lang/Class'
  #           [sp+0x50]  (sp of caller)
  0x000002aed734e860: 8984 2400 | 80ff ff55 | 4883 ec40 | 4181 7f20 | 0100 0000 

  0x000002aed734e874: ;   {runtime_call StubRoutines (final stubs)}
  0x000002aed734e874: 7405 e865 | a138 074c | 8944 2430 

  0x000002aed734e880: ;   {metadata(method data for {method} {0x000002ae804724f0} 'executePrivileged' '(Ljava/security/PrivilegedExceptionAction;Ljava/security/AccessControlContext;Ljava/lang/Class;)Ljava/lang/Object;' in 'java/security/AccessController')}
  0x000002aed734e880: 48be d8d9 | 31ed ae02 | 0000 8bbe | cc00 0000 | 83c7 0289 | becc 0000 | 0081 e7fe | 0700 0085 
  0x000002aed734e8a0: ff0f 84bf | 0100 004d 

  0x000002aed734e8a8: ;   {metadata(method data for {method} {0x000002ae804724f0} 'executePrivileged' '(Ljava/security/PrivilegedExceptionAction;Ljava/security/AccessControlContext;Ljava/lang/Class;)Ljava/lang/Object;' in 'java/security/AccessController')}
  0x000002aed734e8a8: 85c0 48be | d8d9 31ed | ae02 0000 | 48c7 c710 | 0100 0074 | 0748 c7c7 | 2001 0000 | 488b 1c3e 
  0x000002aed734e8c8: 488d 5b01 | 4889 1c3e | 4c89 4c24 | 2848 8954 | 2420 0f84 | 2400 0000 

  0x000002aed734e8e0: ;   {metadata(method data for {method} {0x000002ae804724f0} 'executePrivileged' '(Ljava/security/PrivilegedExceptionAction;Ljava/security/AccessControlContext;Ljava/lang/Class;)Ljava/lang/Object;' in 'java/security/AccessController')}
  0x000002aed734e8e0: 48be d8d9 | 31ed ae02 | 0000 4883 | 8630 0100 | 0001 498b 

  0x000002aed734e8f4: ;   {static_call}
  0x000002aed734e8f4: d066 90e8 

  0x000002aed734e8f8: ; ImmutableOopMap {[32]=Oop [40]=Oop [48]=Oop }
                      ;*invokestatic ensureMaterializedForStackWalk {reexecute=0 rethrow=0 return_oop=0}
                      ; - java.security.AccessController::executePrivileged@5
  0x000002aed734e8f8: 643b 9607 

  0x000002aed734e8fc: ;   {other}
  0x000002aed734e8fc: 0f1f 8400 | 6c02 0000 

  0x000002aed734e904: ;   {metadata(method data for {method} {0x000002ae804724f0} 'executePrivileged' '(Ljava/security/PrivilegedExceptionAction;Ljava/security/AccessControlContext;Ljava/lang/Class;)Ljava/lang/Object;' in 'java/security/AccessController')}
  0x000002aed734e904: 48ba d8d9 | 31ed ae02 | 0000 ff82 | 4001 0000 | 488b 5424 | 2048 3b02 

  0x000002aed734e91c: ;   {metadata(method data for {method} {0x000002ae804724f0} 'executePrivileged' '(Ljava/security/PrivilegedExceptionAction;Ljava/security/AccessControlContext;Ljava/lang/Class;)Ljava/lang/Object;' in 'java/security/AccessController')}
  0x000002aed734e91c: 488b f248 | bfd8 d931 | edae 0200 | 008b 7608 | 49ba 0000 | 0080 ae02 | 0000 4903 | f248 3bb7 
  0x000002aed734e93c: b001 0000 | 750d 4883 | 87b8 0100 | 0001 e960 | 0000 0048 | 3bb7 c001 | 0000 750d | 4883 87c8 
  0x000002aed734e95c: 0100 0001 | e94a 0000 | 0048 83bf | b001 0000 | 0075 1748 | 89b7 b001 | 0000 48c7 | 87b8 0100 
  0x000002aed734e97c: 0001 0000 | 00e9 2900 | 0000 4883 | bfc0 0100 | 0000 7517 | 4889 b7c0 | 0100 0048 | c787 c801 
  0x000002aed734e99c: 0000 0100 | 0000 e908 | 0000 0048 | 8387 a001 | 0000 0166 | 0f1f 4400 | 0048 b890 | 717d f1ae 
  0x000002aed734e9bc: ;   {virtual_call}
  0x000002aed734e9bc: 0200 00e8 

  0x000002aed734e9c0: ; ImmutableOopMap {[40]=Oop [48]=Oop }
                      ;*invokeinterface run {reexecute=0 rethrow=0 return_oop=0}
                      ; - java.security.AccessController::executePrivileged@29
  0x000002aed734e9c0: cc90 4507 

  0x000002aed734e9c4: ;   {other}
  0x000002aed734e9c4: 0f1f 8400 | 3403 0001 

  0x000002aed734e9cc: ;   {metadata(method data for {method} {0x000002ae804724f0} 'executePrivileged' '(Ljava/security/PrivilegedExceptionAction;Ljava/security/AccessControlContext;Ljava/lang/Class;)Ljava/lang/Object;' in 'java/security/AccessController')}
  0x000002aed734e9cc: 48be d8d9 | 31ed ae02 | 0000 ff86 | d801 0000 | 4c8b 4c24 

  0x000002aed734e9e0: ;   {metadata(method data for {method} {0x000002ae804724f0} 'executePrivileged' '(Ljava/security/PrivilegedExceptionAction;Ljava/security/AccessControlContext;Ljava/lang/Class;)Ljava/lang/Object;' in 'java/security/AccessController')}
  0x000002aed734e9e0: 2848 bed8 | d931 edae | 0200 0048 | 8386 3802 

  0x000002aed734e9f0: ;   {metadata(method data for {method} {0x000002ae8003d898} 'reachabilityFence' '(Ljava/lang/Object;)V' in 'java/lang/ref/Reference')}
  0x000002aed734e9f0: 0000 0148 | be60 4c06 | edae 0200 | 008b becc | 0000 0083 | c702 89be | cc00 0000 | 81e7 feff 
  0x000002aed734ea10: 1f00 85ff | 0f84 7200 

  0x000002aed734ea18: ;   {metadata(method data for {method} {0x000002ae804724f0} 'executePrivileged' '(Ljava/security/PrivilegedExceptionAction;Ljava/security/AccessControlContext;Ljava/lang/Class;)Ljava/lang/Object;' in 'java/security/AccessController')}
  0x000002aed734ea18: 0000 48be | d8d9 31ed | ae02 0000 | 4883 8648 | 0200 0001 

  0x000002aed734ea2c: ;   {metadata(method data for {method} {0x000002ae8003d898} 'reachabilityFence' '(Ljava/lang/Object;)V' in 'java/lang/ref/Reference')}
  0x000002aed734ea2c: 48be 604c | 06ed ae02 | 0000 8bbe | cc00 0000 | 83c7 0289 | becc 0000 | 0081 e7fe | ff1f 0085 
  0x000002aed734ea4c: ff0f 845a | 0000 0048 | 83c4 405d 

  0x000002aed734ea58: ;   {poll_return}
  0x000002aed734ea58: 493b a748 | 0400 000f | 8766 0000 

  0x000002aed734ea64: ;   {metadata({method} {0x000002ae804724f0} 'executePrivileged' '(Ljava/security/PrivilegedExceptionAction;Ljava/security/AccessControlContext;Ljava/lang/Class;)Ljava/lang/Object;' in 'java/security/AccessController')}
  0x000002aed734ea64: 00c3 49ba | e824 4780 | ae02 0000 | 4c89 5424 | 0848 c704 | 24ff ffff 

  0x000002aed734ea7c: ;   {runtime_call counter_overflow Runtime1 stub}
  0x000002aed734ea7c: ffe8 7e72 

  0x000002aed734ea80: ; ImmutableOopMap {rdx=Oop r8=Oop r9=Oop [48]=Oop }
                      ;*synchronization entry
                      ; - java.security.AccessController::executePrivileged@-1
  0x000002aed734ea80: 4507 e920 

  0x000002aed734ea84: ;   {runtime_call throw_null_pointer_exception Runtime1 stub}
  0x000002aed734ea84: feff ffe8 

  0x000002aed734ea88: ; ImmutableOopMap {rdx=Oop [40]=Oop [48]=Oop }
                      ;*invokeinterface run {reexecute=0 rethrow=0 return_oop=0}
                      ; - java.security.AccessController::executePrivileged@29
  0x000002aed734ea88: 7417 4507 

  0x000002aed734ea8c: ;   {metadata({method} {0x000002ae8003d898} 'reachabilityFence' '(Ljava/lang/Object;)V' in 'java/lang/ref/Reference')}
  0x000002aed734ea8c: 49ba 90d8 | 0380 ae02 | 0000 4c89 | 5424 0848 | c704 24ff 

  0x000002aed734eaa0: ;   {runtime_call counter_overflow Runtime1 stub}
  0x000002aed734eaa0: ffff ffe8 

  0x000002aed734eaa4: ; ImmutableOopMap {rax=Oop r9=Oop }
                      ;*synchronization entry
                      ; - java.lang.ref.Reference::reachabilityFence@-1
                      ; - java.security.AccessController::executePrivileged@56
  0x000002aed734eaa4: 5872 4507 | e96d ffff 

  0x000002aed734eaac: ;   {metadata({method} {0x000002ae8003d898} 'reachabilityFence' '(Ljava/lang/Object;)V' in 'java/lang/ref/Reference')}
  0x000002aed734eaac: ff49 ba90 | d803 80ae | 0200 004c | 8954 2408 | 48c7 0424 | ffff ffff 

  0x000002aed734eac4: ;   {runtime_call counter_overflow Runtime1 stub}
  0x000002aed734eac4: e837 7245 

  0x000002aed734eac8: ; ImmutableOopMap {rax=Oop }
                      ;*synchronization entry
                      ; - java.lang.ref.Reference::reachabilityFence@-1
                      ; - java.security.AccessController::executePrivileged@60
                      ;   {internal_word}
  0x000002aed734eac8: 07eb 8849 | ba58 ea34 | d7ae 0200 | 004d 8997 | 6004 0000 

  0x000002aed734eadc: ;   {runtime_call SafepointBlob}
  0x000002aed734eadc: e91f 603a | 0749 8b87 | f804 0000 | 49c7 87f8 | 0400 0000 | 0000 0049 | c787 0005 | 0000 0000 
  0x000002aed734eafc: 0000 4883 

  0x000002aed734eb00: ;   {runtime_call unwind_exception Runtime1 stub}
  0x000002aed734eb00: c440 5de9 | f807 4507 
[Stub Code]
  0x000002aed734eb08: ;   {no_reloc}
  0x000002aed734eb08: 0f1f 4400 

  0x000002aed734eb0c: ;   {static_stub}
  0x000002aed734eb0c: 0048 bb00 | 0000 0000 

  0x000002aed734eb14: ;   {runtime_call nmethod}
  0x000002aed734eb14: 0000 00e9 | fbff ffff 

  0x000002aed734eb1c: ;   {static_stub}
  0x000002aed734eb1c: 48bb 6823 | 4780 ae02 

  0x000002aed734eb24: ;   {runtime_call I2C/C2I adapters}
  0x000002aed734eb24: 0000 e9b8 

  0x000002aed734eb28: ;   {runtime_call handle_exception_from_callee Runtime1 stub}
  0x000002aed734eb28: f039 07e8 | d037 4507 

  0x000002aed734eb30: ;   {external_word}
  0x000002aed734eb30: 48b9 2053 | c6cd fe7f | 0000 4883 

  0x000002aed734eb3c: ;   {runtime_call}
  0x000002aed734eb3c: e4f0 48b8 | 90b7 88cd | fe7f 0000 

  0x000002aed734eb48: ;   {section_word}
  0x000002aed734eb48: ffd0 f449 | ba4b eb34 | d7ae 0200 

  0x000002aed734eb54: ;   {runtime_call DeoptimizationBlob}
  0x000002aed734eb54: 0041 52e9 | 4452 3a07 | f4f4 f4f4 
[/MachCode]


---------------  P R O C E S S  ---------------

Threads class SMR info:
_java_thread_list=0x000002aef1a26810, length=15, elements={
0x000002aed3f71e00, 0x000002aed3f1ded0, 0x000002aed4017b50, 0x000002aed4021480,
0x000002aed4022280, 0x000002aed4023b20, 0x000002aed40273d0, 0x000002aeebc88cd0,
0x000002aeebc918a0, 0x000002aeebe9e3b0, 0x000002aeebfb2450, 0x000002aef1815e30,
0x000002aef1747420, 0x000002aef10465f0, 0x000002aeebe86fa0
}

Java Threads: ( => current thread )
  0x000002aed3f71e00 JavaThread "main"                              [_thread_blocked, id=31588, stack(0x000000d029d00000,0x000000d029e00000) (1024K)]
  0x000002aed3f1ded0 JavaThread "Reference Handler"          daemon [_thread_blocked, id=20752, stack(0x000000d02a100000,0x000000d02a200000) (1024K)]
  0x000002aed4017b50 JavaThread "Finalizer"                  daemon [_thread_blocked, id=13392, stack(0x000000d02a200000,0x000000d02a300000) (1024K)]
  0x000002aed4021480 JavaThread "Signal Dispatcher"          daemon [_thread_blocked, id=29072, stack(0x000000d02a300000,0x000000d02a400000) (1024K)]
  0x000002aed4022280 JavaThread "Attach Listener"            daemon [_thread_blocked, id=1984, stack(0x000000d02a400000,0x000000d02a500000) (1024K)]
  0x000002aed4023b20 JavaThread "Service Thread"             daemon [_thread_blocked, id=30500, stack(0x000000d02a500000,0x000000d02a600000) (1024K)]
  0x000002aed40273d0 JavaThread "Monitor Deflation Thread"   daemon [_thread_blocked, id=27148, stack(0x000000d02a600000,0x000000d02a700000) (1024K)]
  0x000002aeebc88cd0 JavaThread "C2 CompilerThread0"         daemon [_thread_blocked, id=27936, stack(0x000000d02a700000,0x000000d02a800000) (1024K)]
  0x000002aeebc918a0 JavaThread "C1 CompilerThread0"         daemon [_thread_blocked, id=30408, stack(0x000000d02a800000,0x000000d02a900000) (1024K)]
  0x000002aeebe9e3b0 JavaThread "Common-Cleaner"             daemon [_thread_blocked, id=26556, stack(0x000000d02aa00000,0x000000d02ab00000) (1024K)]
  0x000002aeebfb2450 JavaThread "Notification Thread"        daemon [_thread_blocked, id=380, stack(0x000000d02ab00000,0x000000d02ac00000) (1024K)]
  0x000002aef1815e30 JavaThread "Active Thread: Equinox Container: 09140f38-cb1c-41ac-a30d-13bfa3620b39"        [_thread_blocked, id=19192, stack(0x000000d02b300000,0x000000d02b400000) (1024K)]
  0x000002aef1747420 JavaThread "Refresh Thread: Equinox Container: 09140f38-cb1c-41ac-a30d-13bfa3620b39" daemon [_thread_blocked, id=25632, stack(0x000000d02ac00000,0x000000d02ad00000) (1024K)]
  0x000002aef10465f0 JavaThread "Framework Event Dispatcher: Equinox Container: 09140f38-cb1c-41ac-a30d-13bfa3620b39" daemon [_thread_blocked, id=23352, stack(0x000000d02b400000,0x000000d02b500000) (1024K)]
=>0x000002aeebe86fa0 JavaThread "Start Level: Equinox Container: 09140f38-cb1c-41ac-a30d-13bfa3620b39" daemon [_thread_in_vm, id=26252, stack(0x000000d02b500000,0x000000d02b600000) (1024K)]
Total: 15

Other Threads:
  0x000002aed40147c0 VMThread "VM Thread"                           [id=15184, stack(0x000000d02a000000,0x000000d02a100000) (1024K)]
  0x000002aed3dfba00 WatcherThread "VM Periodic Task Thread"        [id=30092, stack(0x000000d029f00000,0x000000d02a000000) (1024K)]
  0x000002aed3f907f0 WorkerThread "GC Thread#0"                     [id=28620, stack(0x000000d029e00000,0x000000d029f00000) (1024K)]
  0x000002aeec00e440 WorkerThread "GC Thread#1"                     [id=19820, stack(0x000000d02ad00000,0x000000d02ae00000) (1024K)]
  0x000002aef145d370 WorkerThread "GC Thread#2"                     [id=28508, stack(0x000000d02ae00000,0x000000d02af00000) (1024K)]
  0x000002aef1910420 WorkerThread "GC Thread#3"                     [id=19508, stack(0x000000d02af00000,0x000000d02b000000) (1024K)]
  0x000002aef19107c0 WorkerThread "GC Thread#4"                     [id=4940, stack(0x000000d02b000000,0x000000d02b100000) (1024K)]
  0x000002aef1910b60 WorkerThread "GC Thread#5"                     [id=31024, stack(0x000000d02b100000,0x000000d02b200000) (1024K)]
  0x000002aef17b41f0 WorkerThread "GC Thread#6"                     [id=30872, stack(0x000000d02b200000,0x000000d02b300000) (1024K)]
  0x000002aef1a71f40 WorkerThread "GC Thread#7"                     [id=22968, stack(0x000000d02a900000,0x000000d02aa00000) (1024K)]
Total: 10

Threads with active compile tasks:
Total: 0

VM state: not at safepoint (normal execution)

VM Mutex/Monitor currently owned by a thread:  ([mutex/lock_event])
[0x00007ffecdf1b4f0] Metaspace_lock - owner thread: 0x000002aeebe86fa0

Heap address: 0x0000000080000000, size: 2048 MB, Compressed Oops mode: 32-bit

CDS archive(s) mapped at: [0x000002ae80000000-0x000002ae80ba0000-0x000002ae80ba0000), size 12189696, SharedBaseAddress: 0x000002ae80000000, ArchiveRelocationMode: 1.
Compressed class space mapped at: 0x000002ae81000000-0x000002aec1000000, reserved size: 1073741824
Narrow klass base: 0x000002ae80000000, Narrow klass shift: 0, Narrow klass range: 0x100000000

GC Precious Log:
 CardTable entry size: 512
 CPUs: 12 total, 12 available
 Memory: 15556M
 Large Page Support: Disabled
 NUMA Support: Disabled
 Compressed Oops: Enabled (32-bit)
 Alignments: Space 512K, Generation 512K, Heap 2M
 Heap Min Capacity: 100M
 Heap Initial Capacity: 100M
 Heap Max Capacity: 2G
 Pre-touch: Disabled
 Parallel Workers: 10

Heap:
 PSYoungGen      total 29696K, used 12514K [0x00000000d5580000, 0x00000000d7680000, 0x0000000100000000)
  eden space 25600K, 32% used [0x00000000d5580000,0x00000000d5dbd298,0x00000000d6e80000)
  from space 4096K, 99% used [0x00000000d7280000,0x00000000d767b820,0x00000000d7680000)
  to   space 4096K, 0% used [0x00000000d6e80000,0x00000000d6e80000,0x00000000d7280000)
 ParOldGen       total 68608K, used 2173K [0x0000000080000000, 0x0000000084300000, 0x00000000d5580000)
  object space 68608K, 3% used [0x0000000080000000,0x000000008021f5f0,0x0000000084300000)
 Metaspace       used 9086K, committed 9408K, reserved 1114112K
  class space    used 973K, committed 1152K, reserved 1048576K

Card table byte_map: [0x000002aed3910000,0x000002aed3d20000] _byte_map_base: 0x000002aed3510000

Marking Bits: (ParMarkBitMap*) 0x00007ffecdf22460
 Begin Bits: [0x000002aee6420000, 0x000002aee8420000)
 End Bits:   [0x000002aee8420000, 0x000002aeea420000)

Polling page: 0x000002aed1e90000

Metaspace:

Usage:
  Non-class:      7.92 MB used.
      Class:    973.40 KB used.
       Both:      8.87 MB used.

Virtual space:
  Non-class space:       64.00 MB reserved,       8.06 MB ( 13%) committed,  1 nodes.
      Class space:        1.00 GB reserved,       1.12 MB ( <1%) committed,  1 nodes.
             Both:        1.06 GB reserved,       9.19 MB ( <1%) committed. 

Chunk freelists:
   Non-Class:  7.89 MB
       Class:  14.79 MB
        Both:  22.68 MB

MaxMetaspaceSize: unlimited
CompressedClassSpaceSize: 1.00 GB
Initial GC threshold: 21.00 MB
Current GC threshold: 21.00 MB
CDS: on
 - commit_granule_bytes: 65536.
 - commit_granule_words: 8192.
 - virtual_space_node_default_size: 8388608.
 - enlarge_chunks_in_place: 1.
 - use_allocation_guard: 0.


Internal statistics:

num_allocs_failed_limit: 0.
num_arena_births: 252.
num_arena_deaths: 0.
num_vsnodes_births: 2.
num_vsnodes_deaths: 0.
num_space_committed: 147.
num_space_uncommitted: 0.
num_chunks_returned_to_freelist: 0.
num_chunks_taken_from_freelist: 496.
num_chunk_merges: 0.
num_chunk_splits: 316.
num_chunks_enlarged: 208.
num_inconsistent_stats: 0.

CodeHeap 'non-profiled nmethods': size=120000Kb used=817Kb max_used=817Kb free=119183Kb
 bounds [0x000002aedec40000, 0x000002aedeeb0000, 0x000002aee6170000]
CodeHeap 'profiled nmethods': size=120000Kb used=3645Kb max_used=3645Kb free=116355Kb
 bounds [0x000002aed7170000, 0x000002aed7500000, 0x000002aede6a0000]
CodeHeap 'non-nmethods': size=5760Kb used=1221Kb max_used=1247Kb free=4538Kb
 bounds [0x000002aede6a0000, 0x000002aede910000, 0x000002aedec40000]
CodeCache: size=245760Kb, used=5683Kb, max_used=5709Kb, free=240076Kb
 total_blobs=2485, nmethods=1996, adapters=396, full_count=0
Compilation: enabled, stopped_count=0, restarted_count=0

Compilation events (20 events):
Event: 19.041 Thread 0x000002aeebc918a0 1989       1       java.util.concurrent.atomic.AtomicReference::get (5 bytes)
Event: 19.041 Thread 0x000002aeebc918a0 nmethod 1989 0x000002aeded0b410 code [0x000002aeded0b5a0, 0x000002aeded0b668]
Event: 19.041 Thread 0x000002aeebc918a0 1990       3       java.lang.StringBuilder::append (9 bytes)
Event: 19.041 Thread 0x000002aeebc918a0 nmethod 1990 0x000002aed74fd710 code [0x000002aed74fd8e0, 0x000002aed74fdc18]
Event: 19.042 Thread 0x000002aeebc918a0 1991       1       org.eclipse.osgi.internal.hookregistry.HookRegistry::getClassLoaderHooks (5 bytes)
Event: 19.042 Thread 0x000002aeebc918a0 nmethod 1991 0x000002aeded0b710 code [0x000002aeded0b8a0, 0x000002aeded0b968]
Event: 19.046 Thread 0x000002aeebc88cd0 1992       4       java.util.zip.ZipFile$Source::zipCoderForPos (39 bytes)
Event: 19.046 Thread 0x000002aeebc918a0 1993       3       org.eclipse.osgi.storage.bundlefile.ZipBundleFile$1::hasNext (10 bytes)
Event: 19.046 Thread 0x000002aeebc918a0 nmethod 1993 0x000002aed74fdd90 code [0x000002aed74fdf40, 0x000002aed74fe118]
Event: 19.046 Thread 0x000002aeebc918a0 1994       3       org.eclipse.osgi.storage.bundlefile.ZipBundleFile$1::next (5 bytes)
Event: 19.046 Thread 0x000002aeebc918a0 nmethod 1994 0x000002aed74fe210 code [0x000002aed74fe3e0, 0x000002aed74fe7d0]
Event: 19.046 Thread 0x000002aeebc918a0 1995       3       org.eclipse.osgi.storage.bundlefile.ZipBundleFile$1::next (18 bytes)
Event: 19.046 Thread 0x000002aeebc918a0 nmethod 1995 0x000002aed74fe910 code [0x000002aed74feae0, 0x000002aed74fee68]
Event: 19.046 Thread 0x000002aeebc88cd0 nmethod 1992 0x000002aeded0ba10 code [0x000002aeded0bba0, 0x000002aeded0bc70]
Event: 19.048 Thread 0x000002aeebc918a0 1996       1       org.eclipse.osgi.storage.bundlefile.BundleFile::getMruIndex (5 bytes)
Event: 19.048 Thread 0x000002aeebc918a0 nmethod 1996 0x000002aeded0bd10 code [0x000002aeded0bea0, 0x000002aeded0bf68]
Event: 19.048 Thread 0x000002aeebc88cd0 1997       4       java.util.concurrent.locks.ReentrantLock::lock (8 bytes)
Event: 19.050 Thread 0x000002aeebc88cd0 nmethod 1997 0x000002aeded0c010 code [0x000002aeded0c1a0, 0x000002aeded0c2d8]
Event: 19.051 Thread 0x000002aeebc918a0 1998   !   3       org.eclipse.osgi.internal.serviceregistry.ServiceRegistrationImpl::getRanking (17 bytes)
Event: 19.051 Thread 0x000002aeebc918a0 nmethod 1998 0x000002aed74fef90 code [0x000002aed74ff140, 0x000002aed74ff340]

GC Heap History (4 events):
Event: 0.790 GC heap before
{Heap before GC invocations=1 (full 0):
 PSYoungGen      total 29696K, used 25600K [0x00000000d5580000, 0x00000000d7680000, 0x0000000100000000)
  eden space 25600K, 100% used [0x00000000d5580000,0x00000000d6e80000,0x00000000d6e80000)
  from space 4096K, 0% used [0x00000000d7280000,0x00000000d7280000,0x00000000d7680000)
  to   space 4096K, 0% used [0x00000000d6e80000,0x00000000d6e80000,0x00000000d7280000)
 ParOldGen       total 68608K, used 0K [0x0000000080000000, 0x0000000084300000, 0x00000000d5580000)
  object space 68608K, 0% used [0x0000000080000000,0x0000000080000000,0x0000000084300000)
 Metaspace       used 4317K, committed 4544K, reserved 1114112K
  class space    used 474K, committed 576K, reserved 1048576K
}
Event: 0.797 GC heap after
{Heap after GC invocations=1 (full 0):
 PSYoungGen      total 29696K, used 3439K [0x00000000d5580000, 0x00000000d7680000, 0x0000000100000000)
  eden space 25600K, 0% used [0x00000000d5580000,0x00000000d5580000,0x00000000d6e80000)
  from space 4096K, 83% used [0x00000000d6e80000,0x00000000d71dbeb8,0x00000000d7280000)
  to   space 4096K, 0% used [0x00000000d7280000,0x00000000d7280000,0x00000000d7680000)
 ParOldGen       total 68608K, used 16K [0x0000000080000000, 0x0000000084300000, 0x00000000d5580000)
  object space 68608K, 0% used [0x0000000080000000,0x0000000080004000,0x0000000084300000)
 Metaspace       used 4317K, committed 4544K, reserved 1114112K
  class space    used 474K, committed 576K, reserved 1048576K
}
Event: 7.123 GC heap before
{Heap before GC invocations=2 (full 0):
 PSYoungGen      total 29696K, used 29039K [0x00000000d5580000, 0x00000000d7680000, 0x0000000100000000)
  eden space 25600K, 100% used [0x00000000d5580000,0x00000000d6e80000,0x00000000d6e80000)
  from space 4096K, 83% used [0x00000000d6e80000,0x00000000d71dbeb8,0x00000000d7280000)
  to   space 4096K, 0% used [0x00000000d7280000,0x00000000d7280000,0x00000000d7680000)
 ParOldGen       total 68608K, used 16K [0x0000000080000000, 0x0000000084300000, 0x00000000d5580000)
  object space 68608K, 0% used [0x0000000080000000,0x0000000080004000,0x0000000084300000)
 Metaspace       used 7977K, committed 8256K, reserved 1114112K
  class space    used 835K, committed 960K, reserved 1048576K
}
Event: 7.129 GC heap after
{Heap after GC invocations=2 (full 0):
 PSYoungGen      total 29696K, used 4078K [0x00000000d5580000, 0x00000000d7680000, 0x0000000100000000)
  eden space 25600K, 0% used [0x00000000d5580000,0x00000000d5580000,0x00000000d6e80000)
  from space 4096K, 99% used [0x00000000d7280000,0x00000000d767b820,0x00000000d7680000)
  to   space 4096K, 0% used [0x00000000d6e80000,0x00000000d6e80000,0x00000000d7280000)
 ParOldGen       total 68608K, used 2173K [0x0000000080000000, 0x0000000084300000, 0x00000000d5580000)
  object space 68608K, 3% used [0x0000000080000000,0x000000008021f5f0,0x0000000084300000)
 Metaspace       used 7977K, committed 8256K, reserved 1114112K
  class space    used 835K, committed 960K, reserved 1048576K
}

Dll operation events (9 events):
Event: 0.014 Loaded shared library c:\Users\jane\.trae\extensions\redhat.java-1.51.0-win32-x64\jre\21.0.9-win32-x86_64\bin\java.dll
Event: 0.046 Loaded shared library c:\Users\jane\.trae\extensions\redhat.java-1.51.0-win32-x64\jre\21.0.9-win32-x86_64\bin\zip.dll
Event: 0.120 Loaded shared library C:\Users\jane\.trae\extensions\redhat.java-1.51.0-win32-x64\jre\21.0.9-win32-x86_64\bin\instrument.dll
Event: 0.126 Loaded shared library C:\Users\jane\.trae\extensions\redhat.java-1.51.0-win32-x64\jre\21.0.9-win32-x86_64\bin\net.dll
Event: 0.130 Loaded shared library C:\Users\jane\.trae\extensions\redhat.java-1.51.0-win32-x64\jre\21.0.9-win32-x86_64\bin\nio.dll
Event: 0.135 Loaded shared library C:\Users\jane\.trae\extensions\redhat.java-1.51.0-win32-x64\jre\21.0.9-win32-x86_64\bin\zip.dll
Event: 0.155 Loaded shared library C:\Users\jane\.trae\extensions\redhat.java-1.51.0-win32-x64\jre\21.0.9-win32-x86_64\bin\jimage.dll
Event: 0.248 Loaded shared library c:\Users\jane\.trae\extensions\redhat.java-1.51.0-win32-x64\jre\21.0.9-win32-x86_64\bin\verify.dll
Event: 18.901 Loaded shared library C:\Users\jane\AppData\Roaming\Trae\User\globalStorage\redhat.java\1.51.0\config_win\org.eclipse.equinox.launcher\org.eclipse.equinox.launcher.win32.win32.x86_64_1.2.1400.v20250801-0854\eclipse_11916.dll

Deoptimization events (20 events):
Event: 1.454 Thread 0x000002aed3f71e00 DEOPT PACKING pc=0x000002aed72e7a88 sp=0x000000d029dfc900
Event: 1.454 Thread 0x000002aed3f71e00 DEOPT UNPACKING pc=0x000002aede6f4242 sp=0x000000d029dfbd80 mode 0
Event: 1.455 Thread 0x000002aed3f71e00 DEOPT PACKING pc=0x000002aed72e7a88 sp=0x000000d029dfcc00
Event: 1.455 Thread 0x000002aed3f71e00 DEOPT UNPACKING pc=0x000002aede6f4242 sp=0x000000d029dfc080 mode 0
Event: 18.773 Thread 0x000002aef1747420 Uncommon trap: trap_request=0xffffff45 fr.pc=0x000002aedecd4048 relative=0x00000000000004c8
Event: 18.773 Thread 0x000002aef1747420 Uncommon trap: reason=unstable_if action=reinterpret pc=0x000002aedecd4048 method=java.util.HashMap$HashIterator.<init>(Ljava/util/HashMap;)V @ 45 c2
Event: 18.773 Thread 0x000002aef1747420 DEOPT PACKING pc=0x000002aedecd4048 sp=0x000000d02acff160
Event: 18.773 Thread 0x000002aef1747420 DEOPT UNPACKING pc=0x000002aede6f3aa2 sp=0x000000d02acfefd0 mode 2
Event: 18.778 Thread 0x000002aef1747420 Uncommon trap: trap_request=0xffffff45 fr.pc=0x000002aedec747c4 relative=0x00000000000002a4
Event: 18.779 Thread 0x000002aef1747420 Uncommon trap: reason=unstable_if action=reinterpret pc=0x000002aedec747c4 method=java.util.HashMap$HashIterator.<init>(Ljava/util/HashMap;)V @ 45 c2
Event: 18.779 Thread 0x000002aef1747420 DEOPT PACKING pc=0x000002aedec747c4 sp=0x000000d02acff000
Event: 18.779 Thread 0x000002aef1747420 DEOPT UNPACKING pc=0x000002aede6f3aa2 sp=0x000000d02acfef98 mode 2
Event: 18.924 Thread 0x000002aeebe86fa0 Uncommon trap: trap_request=0xffffff6e fr.pc=0x000002aedecafda8 relative=0x0000000000000368
Event: 18.924 Thread 0x000002aeebe86fa0 Uncommon trap: reason=loop_limit_check action=maybe_recompile pc=0x000002aedecafda8 method=java.lang.StringLatin1.indexOf([BI[BII)I @ 37 c2
Event: 18.924 Thread 0x000002aeebe86fa0 DEOPT PACKING pc=0x000002aedecafda8 sp=0x000000d02b5fcd60
Event: 18.924 Thread 0x000002aeebe86fa0 DEOPT UNPACKING pc=0x000002aede6f3aa2 sp=0x000000d02b5fccc0 mode 2
Event: 18.979 Thread 0x000002aeebe86fa0 Uncommon trap: trap_request=0xffffff45 fr.pc=0x000002aedecbbdb4 relative=0x0000000000000094
Event: 18.979 Thread 0x000002aeebe86fa0 Uncommon trap: reason=unstable_if action=reinterpret pc=0x000002aedecbbdb4 method=java.io.BufferedInputStream.getBufIfOpen(Z)[B @ 13 c2
Event: 18.979 Thread 0x000002aeebe86fa0 DEOPT PACKING pc=0x000002aedecbbdb4 sp=0x000000d02b5fdc70
Event: 18.979 Thread 0x000002aeebe86fa0 DEOPT UNPACKING pc=0x000002aede6f3aa2 sp=0x000000d02b5fdbf0 mode 2

Classes loaded (20 events):
Event: 18.940 Loading class sun/util/logging/internal/LoggingProviderImpl$JULWrapper
Event: 18.940 Loading class sun/util/logging/internal/LoggingProviderImpl$JULWrapper done
Event: 18.963 Loading class java/util/AbstractList$Itr
Event: 18.964 Loading class java/util/AbstractList$Itr done
Event: 18.978 Loading class java/util/MissingResourceException
Event: 18.978 Loading class java/util/MissingResourceException done
Event: 18.987 Loading class java/util/PropertyResourceBundle
Event: 18.989 Loading class java/util/PropertyResourceBundle done
Event: 18.990 Loading class sun/util/PropertyResourceBundleCharset
Event: 18.990 Loading class sun/util/PropertyResourceBundleCharset done
Event: 18.990 Loading class sun/util/PropertyResourceBundleCharset$PropertiesFileDecoder
Event: 18.990 Loading class sun/util/PropertyResourceBundleCharset$PropertiesFileDecoder done
Event: 19.012 Loading class sun/invoke/util/VerifyAccess$1
Event: 19.012 Loading class sun/invoke/util/VerifyAccess$1 done
Event: 19.030 Loading class java/util/Collections$SynchronizedSortedMap
Event: 19.030 Loading class java/util/Collections$SynchronizedSortedMap done
Event: 19.051 Loading class java/util/Hashtable$EntrySet
Event: 19.051 Loading class java/util/Hashtable$EntrySet done
Event: 19.052 Loading class java/util/logging/LogRecord
Event: 19.052 Loading class java/util/logging/LogRecord done

Classes unloaded (0 events):
No events

Classes redefined (0 events):
No events

Internal exceptions (20 events):
Event: 0.811 Thread 0x000002aed3f71e00 Exception <a 'java/io/FileNotFoundException'{0x00000000d55d2a90}> (0x00000000d55d2a90) 
thrown [s\src\hotspot\share\prims\jni.cpp, line 520]
Event: 0.840 Thread 0x000002aed3f71e00 Implicit null exception at 0x000002aedecaaf49 to 0x000002aedecaba08
Event: 0.840 Thread 0x000002aed3f71e00 Implicit null exception at 0x000002aedec9da1a to 0x000002aedec9dc24
Event: 0.840 Thread 0x000002aed3f71e00 Exception <a 'java/lang/NoSuchMethodError'{0x00000000d5742908}: 'void java.lang.invoke.DirectMethodHandle$Holder.invokeStatic(java.lang.Object, java.lang.Object, java.lang.Object, java.lang.Object)'> (0x00000000d5742908) 
thrown [s\src\hotspot\share\interpreter\linkResolver.cpp, line 773]
Event: 0.843 Thread 0x000002aed3f71e00 Implicit null exception at 0x000002aedec9b13c to 0x000002aedec9b3c8
Event: 0.843 Thread 0x000002aed3f71e00 Implicit null exception at 0x000002aedec97e3d to 0x000002aedec97ec1
Event: 0.959 Thread 0x000002aed3f71e00 Exception <a 'java/lang/NoSuchMethodError'{0x00000000d59e9748}: 'void java.lang.invoke.DirectMethodHandle$Holder.invokeSpecial(java.lang.Object, java.lang.Object, java.lang.Object)'> (0x00000000d59e9748) 
thrown [s\src\hotspot\share\interpreter\linkResolver.cpp, line 773]
Event: 1.277 Thread 0x000002aed3f71e00 Exception <a 'java/lang/NoSuchMethodError'{0x00000000d645fbc8}: 'int java.lang.invoke.DirectMethodHandle$Holder.invokeVirtual(java.lang.Object, java.lang.Object)'> (0x00000000d645fbc8) 
thrown [s\src\hotspot\share\interpreter\linkResolver.cpp, line 773]
Event: 1.324 Thread 0x000002aed3f71e00 Exception <a 'java/lang/NoSuchMethodError'{0x00000000d65e8138}: 'int java.lang.invoke.DirectMethodHandle$Holder.invokeStaticInit(java.lang.Object, java.lang.Object, java.lang.Object, java.lang.Object)'> (0x00000000d65e8138) 
thrown [s\src\hotspot\share\interpreter\linkResolver.cpp, line 773]
Event: 1.326 Thread 0x000002aed3f71e00 Exception <a 'java/lang/IncompatibleClassChangeError'{0x00000000d65f0540}: Found class java.lang.Object, but interface was expected> (0x00000000d65f0540) 
thrown [s\src\hotspot\share\interpreter\linkResolver.cpp, line 840]
Event: 1.326 Thread 0x000002aed3f71e00 Exception <a 'java/lang/NoSuchMethodError'{0x00000000d65f7410}: 'void java.lang.invoke.DirectMethodHandle$Holder.invokeStaticInit(java.lang.Object, java.lang.Object)'> (0x00000000d65f7410) 
thrown [s\src\hotspot\share\interpreter\linkResolver.cpp, line 773]
Event: 1.327 Thread 0x000002aed3f71e00 Exception <a 'java/lang/NoSuchMethodError'{0x00000000d6600f48}: 'int java.lang.invoke.DirectMethodHandle$Holder.invokeStaticInit(java.lang.Object, java.lang.Object)'> (0x00000000d6600f48) 
thrown [s\src\hotspot\share\interpreter\linkResolver.cpp, line 773]
Event: 1.377 Thread 0x000002aed3f71e00 Exception <a 'java/lang/NoSuchMethodError'{0x00000000d6872028}: 'java.lang.Object java.lang.invoke.DirectMethodHandle$Holder.newInvokeSpecial(java.lang.Object, int, java.lang.Object)'> (0x00000000d6872028) 
thrown [s\src\hotspot\share\interpreter\linkResolver.cpp, line 773]
Event: 1.425 Thread 0x000002aed3f71e00 Exception <a 'java/lang/ClassNotFoundException'{0x00000000d6aa20b0}: sun/net/www/protocol/plurl/Handler> (0x00000000d6aa20b0) 
thrown [s\src\hotspot\share\classfile\systemDictionary.cpp, line 312]
Event: 1.425 Thread 0x000002aed3f71e00 Exception <a 'java/lang/ClassNotFoundException'{0x00000000d6aa2f30}: sun/net/www/protocol/plurl/Handler> (0x00000000d6aa2f30) 
thrown [s\src\hotspot\share\classfile\systemDictionary.cpp, line 312]
Event: 18.748 Thread 0x000002aed3f71e00 Exception <a 'java/lang/UnsatisfiedLinkError'{0x00000000d5660a08}: 'void org.eclipse.equinox.launcher.JNIBridge._update_splash()'> (0x00000000d5660a08) 
thrown [s\src\hotspot\share\prims\nativeLookup.cpp, line 415]
Event: 18.882 Thread 0x000002aef1747420 Exception <a 'java/lang/NoSuchMethodError'{0x00000000d58e3f60}: 'void java.lang.invoke.DirectMethodHandle$Holder.invokeInterface(java.lang.Object, java.lang.Object, java.lang.Object)'> (0x00000000d58e3f60) 
thrown [s\src\hotspot\share\interpreter\linkResolver.cpp, line 773]
Event: 19.024 Thread 0x000002aeebe86fa0 Exception <a 'java/lang/NoSuchMethodError'{0x00000000d5ca9dd8}: 'java.lang.Object java.lang.invoke.DirectMethodHandle$Holder.newInvokeSpecial(java.lang.Object, java.lang.Object, int, java.lang.Object)'> (0x00000000d5ca9dd8) 
thrown [s\src\hotspot\share\interpreter\linkResolver.cpp, line 773]
Event: 19.024 Thread 0x000002aeebe86fa0 Exception <a 'java/lang/NoSuchMethodError'{0x00000000d5cadc08}: 'java.lang.Object java.lang.invoke.DirectMethodHandle$Holder.invokeSpecial(java.lang.Object, java.lang.Object, java.lang.Object, int, java.lang.Object)'> (0x00000000d5cadc08) 
thrown [s\src\hotspot\share\interpreter\linkResolver.cpp, line 773]
Event: 19.042 Thread 0x000002aeebe86fa0 Exception <a 'java/lang/NoClassDefFoundError'{0x00000000d5d54a10}: jakarta/servlet/ServletContainerInitializer> (0x00000000d5d54a10) 
thrown [s\src\hotspot\share\classfile\systemDictionary.cpp, line 301]

ZGC Phase Switch (0 events):
No events

VM Operations (20 events):
Event: 0.763 Executing VM operation: ICBufferFull
Event: 0.763 Executing VM operation: ICBufferFull done
Event: 0.790 Executing VM operation: ParallelGCFailedAllocation (Allocation Failure)
Event: 0.797 Executing VM operation: ParallelGCFailedAllocation (Allocation Failure) done
Event: 1.355 Executing VM operation: HandshakeAllThreads (Deoptimize)
Event: 1.355 Executing VM operation: HandshakeAllThreads (Deoptimize) done
Event: 1.365 Executing VM operation: HandshakeAllThreads (Deoptimize)
Event: 1.365 Executing VM operation: HandshakeAllThreads (Deoptimize) done
Event: 1.402 Executing VM operation: HandshakeAllThreads (Deoptimize)
Event: 1.403 Executing VM operation: HandshakeAllThreads (Deoptimize) done
Event: 1.422 Executing VM operation: HandshakeAllThreads (Deoptimize)
Event: 1.422 Executing VM operation: HandshakeAllThreads (Deoptimize) done
Event: 1.453 Executing VM operation: ICBufferFull
Event: 1.453 Executing VM operation: ICBufferFull done
Event: 2.458 Executing VM operation: Cleanup
Event: 2.458 Executing VM operation: Cleanup done
Event: 3.471 Executing VM operation: Cleanup
Event: 3.471 Executing VM operation: Cleanup done
Event: 7.122 Executing VM operation: ParallelGCFailedAllocation (Allocation Failure)
Event: 7.129 Executing VM operation: ParallelGCFailedAllocation (Allocation Failure) done

Memory protections (0 events):
No events

Nmethod flushes (0 events):
No events

Events (20 events):
Event: 0.060 Thread 0x000002aed3f71e00 Thread added: 0x000002aed3f1ded0
Event: 0.061 Thread 0x000002aed3f71e00 Thread added: 0x000002aed4017b50
Event: 0.061 Thread 0x000002aed3f71e00 Thread added: 0x000002aed4021480
Event: 0.061 Thread 0x000002aed3f71e00 Thread added: 0x000002aed4022280
Event: 0.061 Thread 0x000002aed3f71e00 Thread added: 0x000002aed4023b20
Event: 0.061 Thread 0x000002aed3f71e00 Thread added: 0x000002aed40273d0
Event: 0.061 Thread 0x000002aed3f71e00 Thread added: 0x000002aeebc88cd0
Event: 0.061 Thread 0x000002aed3f71e00 Thread added: 0x000002aeebc918a0
Event: 0.106 Thread 0x000002aeebc918a0 Thread added: 0x000002aeebe216b0
Event: 0.122 Thread 0x000002aed3f71e00 Thread added: 0x000002aeebe9e3b0
Event: 0.365 Thread 0x000002aed3f71e00 Thread added: 0x000002aeebfb2450
Event: 0.505 Thread 0x000002aeebc918a0 Thread added: 0x000002aef100b7f0
Event: 0.945 Thread 0x000002aef100b7f0 Thread exited: 0x000002aef100b7f0
Event: 1.018 Thread 0x000002aeebc918a0 Thread added: 0x000002aef1737500
Event: 1.340 Thread 0x000002aed3f71e00 Thread added: 0x000002aef1815e30
Event: 2.146 Thread 0x000002aef1737500 Thread exited: 0x000002aef1737500
Event: 2.147 Thread 0x000002aeebe216b0 Thread exited: 0x000002aeebe216b0
Event: 18.746 Thread 0x000002aed3f71e00 Thread added: 0x000002aef1747420
Event: 18.886 Thread 0x000002aef1747420 Thread added: 0x000002aef10465f0
Event: 18.905 Thread 0x000002aed3f71e00 Thread added: 0x000002aeebe86fa0


Dynamic libraries:
0x00007ff6cee20000 - 0x00007ff6cee2e000 	c:\Users\jane\.trae\extensions\redhat.java-1.51.0-win32-x64\jre\21.0.9-win32-x86_64\bin\java.exe
0x00007fff0d280000 - 0x00007fff0d4e7000 	C:\WINDOWS\SYSTEM32\ntdll.dll
0x00007fff0c570000 - 0x00007fff0c639000 	C:\WINDOWS\System32\KERNEL32.DLL
0x00007fff0a460000 - 0x00007fff0a84f000 	C:\WINDOWS\System32\KERNELBASE.dll
0x00007fff0a860000 - 0x00007fff0a9ab000 	C:\WINDOWS\System32\ucrtbase.dll
0x00007ffed63e0000 - 0x00007ffed63f8000 	c:\Users\jane\.trae\extensions\redhat.java-1.51.0-win32-x64\jre\21.0.9-win32-x86_64\bin\jli.dll
0x00007ffed9930000 - 0x00007ffed994e000 	c:\Users\jane\.trae\extensions\redhat.java-1.51.0-win32-x64\jre\21.0.9-win32-x86_64\bin\VCRUNTIME140.dll
0x00007fff0c640000 - 0x00007fff0c805000 	C:\WINDOWS\System32\USER32.dll
0x00007ffef7560000 - 0x00007ffef77f3000 	C:\WINDOWS\WinSxS\amd64_microsoft.windows.common-controls_6595b64144ccf1df_6.0.26100.7309_none_3e05feeae336a044\COMCTL32.dll
0x00007fff0ad10000 - 0x00007fff0ad37000 	C:\WINDOWS\System32\win32u.dll
0x00007fff0d100000 - 0x00007fff0d1a9000 	C:\WINDOWS\System32\msvcrt.dll
0x00007fff0c8c0000 - 0x00007fff0c8eb000 	C:\WINDOWS\System32\GDI32.dll
0x00007fff0abe0000 - 0x00007fff0ad0c000 	C:\WINDOWS\System32\gdi32full.dll
0x00007fff0a9b0000 - 0x00007fff0aa53000 	C:\WINDOWS\System32\msvcp_win.dll
0x00007fff0b260000 - 0x00007fff0b291000 	C:\WINDOWS\System32\IMM32.DLL
0x00007fff04e60000 - 0x00007fff04e6c000 	c:\Users\jane\.trae\extensions\redhat.java-1.51.0-win32-x64\jre\21.0.9-win32-x86_64\bin\vcruntime140_1.dll
0x00007ffece000000 - 0x00007ffece08d000 	c:\Users\jane\.trae\extensions\redhat.java-1.51.0-win32-x64\jre\21.0.9-win32-x86_64\bin\msvcp140.dll
0x00007ffecd260000 - 0x00007ffece000000 	c:\Users\jane\.trae\extensions\redhat.java-1.51.0-win32-x64\jre\21.0.9-win32-x86_64\bin\server\jvm.dll
0x00007fff0b030000 - 0x00007fff0b0e4000 	C:\WINDOWS\System32\ADVAPI32.dll
0x00007fff0bf80000 - 0x00007fff0c026000 	C:\WINDOWS\System32\sechost.dll
0x00007fff0c130000 - 0x00007fff0c248000 	C:\WINDOWS\System32\RPCRT4.dll
0x00007fff0ccf0000 - 0x00007fff0cd64000 	C:\WINDOWS\System32\WS2_32.dll
0x00007fff0a1f0000 - 0x00007fff0a24e000 	C:\WINDOWS\SYSTEM32\POWRPROF.dll
0x00007fff021b0000 - 0x00007fff021bb000 	C:\WINDOWS\SYSTEM32\VERSION.dll
0x00007fff02170000 - 0x00007fff021a5000 	C:\WINDOWS\SYSTEM32\WINMM.dll
0x00007fff0a1d0000 - 0x00007fff0a1e4000 	C:\WINDOWS\SYSTEM32\UMPDC.dll
0x00007fff09120000 - 0x00007fff0913b000 	C:\WINDOWS\SYSTEM32\kernel.appcore.dll
0x00007ffef9dd0000 - 0x00007ffef9dda000 	c:\Users\jane\.trae\extensions\redhat.java-1.51.0-win32-x64\jre\21.0.9-win32-x86_64\bin\jimage.dll
0x00007fff07b40000 - 0x00007fff07d82000 	C:\WINDOWS\SYSTEM32\DBGHELP.DLL
0x00007fff0cd70000 - 0x00007fff0d0f6000 	C:\WINDOWS\System32\combase.dll
0x00007fff0c310000 - 0x00007fff0c3e6000 	C:\WINDOWS\System32\OLEAUT32.dll
0x00007ffef1c90000 - 0x00007ffef1ccc000 	C:\WINDOWS\SYSTEM32\dbgcore.DLL
0x00007fff0af70000 - 0x00007fff0b015000 	C:\WINDOWS\System32\bcryptPrimitives.dll
0x00007ffee2e70000 - 0x00007ffee2e7f000 	c:\Users\jane\.trae\extensions\redhat.java-1.51.0-win32-x64\jre\21.0.9-win32-x86_64\bin\instrument.dll
0x00007ffece2d0000 - 0x00007ffece2f0000 	c:\Users\jane\.trae\extensions\redhat.java-1.51.0-win32-x64\jre\21.0.9-win32-x86_64\bin\java.dll
0x00007fff0b730000 - 0x00007fff0be83000 	C:\WINDOWS\System32\SHELL32.dll
0x00007fff0ad40000 - 0x00007fff0aeaa000 	C:\WINDOWS\System32\wintypes.dll
0x00007fff07f50000 - 0x00007fff087ae000 	C:\WINDOWS\SYSTEM32\windows.storage.dll
0x00007fff0c030000 - 0x00007fff0c125000 	C:\WINDOWS\System32\SHCORE.dll
0x00007fff0be90000 - 0x00007fff0bef6000 	C:\WINDOWS\System32\shlwapi.dll
0x00007fff0a2b0000 - 0x00007fff0a2d9000 	C:\WINDOWS\SYSTEM32\profapi.dll
0x00007ffece2b0000 - 0x00007ffece2c8000 	c:\Users\jane\.trae\extensions\redhat.java-1.51.0-win32-x64\jre\21.0.9-win32-x86_64\bin\zip.dll
0x00007ffedc4b0000 - 0x00007ffedc4c0000 	C:\Users\jane\.trae\extensions\redhat.java-1.51.0-win32-x64\jre\21.0.9-win32-x86_64\bin\net.dll
0x00007ffeff760000 - 0x00007ffeff888000 	C:\WINDOWS\SYSTEM32\WINHTTP.dll
0x00007fff096b0000 - 0x00007fff0971b000 	C:\WINDOWS\system32\mswsock.dll
0x00007ffece290000 - 0x00007ffece2a6000 	C:\Users\jane\.trae\extensions\redhat.java-1.51.0-win32-x64\jre\21.0.9-win32-x86_64\bin\nio.dll
0x00007ffeda040000 - 0x00007ffeda050000 	c:\Users\jane\.trae\extensions\redhat.java-1.51.0-win32-x64\jre\21.0.9-win32-x86_64\bin\verify.dll
0x00007ffece1f0000 - 0x00007ffece234000 	C:\Users\jane\AppData\Roaming\Trae\User\globalStorage\redhat.java\1.51.0\config_win\org.eclipse.equinox.launcher\org.eclipse.equinox.launcher.win32.win32.x86_64_1.2.1400.v20250801-0854\eclipse_11916.dll
0x00007fff0cb20000 - 0x00007fff0ccb7000 	C:\WINDOWS\System32\ole32.dll

JVMTI agents:
c:\Users\jane\.trae\extensions\redhat.java-1.51.0-win32-x64\lombok\lombok-1.18.39-4050.jar path:c:\Users\jane\.trae\extensions\redhat.java-1.51.0-win32-x64\jre\21.0.9-win32-x86_64\bin\instrument.dll, loaded, initialized, instrumentlib options:none

dbghelp: loaded successfully - version: 4.0.5 - missing functions: none
symbol engine: initialized successfully - sym options: 0x614 - pdb path: .;c:\Users\jane\.trae\extensions\redhat.java-1.51.0-win32-x64\jre\21.0.9-win32-x86_64\bin;C:\WINDOWS\SYSTEM32;C:\WINDOWS\WinSxS\amd64_microsoft.windows.common-controls_6595b64144ccf1df_6.0.26100.7309_none_3e05feeae336a044;c:\Users\jane\.trae\extensions\redhat.java-1.51.0-win32-x64\jre\21.0.9-win32-x86_64\bin\server;C:\Users\jane\AppData\Roaming\Trae\User\globalStorage\redhat.java\1.51.0\config_win\org.eclipse.equinox.launcher\org.eclipse.equinox.launcher.win32.win32.x86_64_1.2.1400.v20250801-0854

VM Arguments:
jvm_args: --add-modules=ALL-SYSTEM --add-opens=java.base/java.util=ALL-UNNAMED --add-opens=java.base/java.lang=ALL-UNNAMED --add-opens=java.base/sun.nio.fs=ALL-UNNAMED -Declipse.application=org.eclipse.jdt.ls.core.id1 -Dosgi.bundles.defaultStartLevel=4 -Declipse.product=org.eclipse.jdt.ls.core.product -Djava.import.generatesMetadataFilesAtProjectRoot=false -DDetectVMInstallationsJob.disabled=true -Dfile.encoding=utf8 -XX:+UseParallelGC -XX:GCTimeRatio=4 -XX:AdaptiveSizePolicyWeight=90 -Dsun.zip.disableMemoryMapping=true -Xmx2G -Xms100m -Xlog:disable -javaagent:c:\Users\jane\.trae\extensions\redhat.java-1.51.0-win32-x64\lombok\lombok-1.18.39-4050.jar -XX:+HeapDumpOnOutOfMemoryError -XX:HeapDumpPath=c:\Users\jane\AppData\Roaming\Trae\User\workspaceStorage\ae4f4d08618131b1e596844c1662fb19\redhat.java -Daether.dependencyCollector.impl=bf 
java_command: c:\Users\jane\.trae\extensions\redhat.java-1.51.0-win32-x64\server\plugins\org.eclipse.equinox.launcher_1.7.100.v20251111-0406.jar -configuration c:\Users\jane\AppData\Roaming\Trae\User\globalStorage\redhat.java\1.51.0\config_win -data c:\Users\jane\AppData\Roaming\Trae\User\workspaceStorage\ae4f4d08618131b1e596844c1662fb19\redhat.java\jdt_ws --pipe=\\.\pipe\lsp-a82077e24d72bfd5f7da7bd738ebf831-sock
java_class_path (initial): c:\Users\jane\.trae\extensions\redhat.java-1.51.0-win32-x64\server\plugins\org.eclipse.equinox.launcher_1.7.100.v20251111-0406.jar
Launcher Type: SUN_STANDARD

[Global flags]
    uintx AdaptiveSizePolicyWeight                 = 90                                        {product} {command line}
     intx CICompilerCount                          = 4                                         {product} {ergonomic}
    uintx GCTimeRatio                              = 4                                         {product} {command line}
     bool HeapDumpOnOutOfMemoryError               = true                                   {manageable} {command line}
    ccstr HeapDumpPath                             = c:\Users\jane\AppData\Roaming\Trae\User\workspaceStorage\ae4f4d08618131b1e596844c1662fb19\redhat.java         {manageable} {command line}
   size_t InitialHeapSize                          = 104857600                                 {product} {command line}
   size_t MaxHeapSize                              = 2147483648                                {product} {command line}
   size_t MaxNewSize                               = 715653120                                 {product} {ergonomic}
   size_t MinHeapDeltaBytes                        = 524288                                    {product} {ergonomic}
   size_t MinHeapSize                              = 104857600                                 {product} {command line}
   size_t NewSize                                  = 34603008                                  {product} {ergonomic}
    uintx NonNMethodCodeHeapSize                   = 5839372                                {pd product} {ergonomic}
    uintx NonProfiledCodeHeapSize                  = 122909434                              {pd product} {ergonomic}
   size_t OldSize                                  = 70254592                                  {product} {ergonomic}
    uintx ProfiledCodeHeapSize                     = 122909434                              {pd product} {ergonomic}
    uintx ReservedCodeCacheSize                    = 251658240                              {pd product} {ergonomic}
     bool SegmentedCodeCache                       = true                                      {product} {ergonomic}
   size_t SoftMaxHeapSize                          = 2147483648                             {manageable} {ergonomic}
     bool UseCompressedOops                        = true                           {product lp64_product} {ergonomic}
     bool UseLargePagesIndividualAllocation        = false                                  {pd product} {ergonomic}
     bool UseParallelGC                            = true                                      {product} {command line}

Logging:
Log output configuration:
 #0: stdout all=off uptime,level,tags foldmultilines=false
 #1: stderr all=off uptime,level,tags foldmultilines=false

Release file:
JAVA_VERSION="21.0.9" 
MODULES="java.base java.compiler java.datatransfer java.xml java.prefs java.desktop java.instrument java.logging java.management java.security.sasl java.naming java.rmi java.management.rmi java.net.http java.scripting java.security.jgss java.transaction.xa java.sql java.sql.rowset java.xml.crypto java.se java.smartcardio jdk.accessibility jdk.internal.jvmstat jdk.attach jdk.charsets jdk.internal.opt jdk.zipfs jdk.compiler jdk.crypto.ec jdk.crypto.cryptoki jdk.crypto.mscapi jdk.dynalink jdk.internal.ed jdk.editpad jdk.hotspot.agent jdk.httpserver jdk.internal.le jdk.internal.vm.ci jdk.internal.vm.compiler jdk.internal.vm.compiler.management jdk.jartool jdk.javadoc jdk.jcmd jdk.management jdk.management.agent jdk.jconsole jdk.jdeps jdk.jdwp.agent jdk.jdi jdk.jfr jdk.jshell jdk.jsobject jdk.jstatd jdk.localedata jdk.management.jfr jdk.naming.dns jdk.naming.rmi jdk.net jdk.nio.mapmode jdk.random jdk.sctp jdk.security.auth jdk.security.jgss jdk.unsupported jdk.unsupported.desktop jdk.xml.dom" 

Environment Variables:
JAVA_HOME=D:\develop\Javatwo\jdk-11
PATH=C:\Users\jane\.trae\tools\gradle\latest\bin;D:\develop\Javatwo\jdk-11\bin;C:\Users\jane\.trae\tools\maven\latest\bin;c:\Users\jane\.trae\tools\trae-gopls\current;c:\Users\jane\.trae\sdks\workspaces\ae4f4d08\versions\node\current;c:\Users\jane\.trae\sdks\versions\node\current;C:\WINDOWS\system32;C:\WINDOWS;C:\WINDOWS\System32\Wbem;C:\WINDOWS\System32\WindowsPowerShell\v1.0\;C:\WINDOWS\System32\OpenSSH\;C:\Program Files\WireGuard\;C:\Program Files\Cloudflare\Cloudflare WARP\;D:\develop\apache-maven-3.9.4\bin;D:\develop\mysql-8.0.34-winx64\bin;C:\Program Files\Git\cmd;D:\develop\cursor\resources\app\bin;D:\develop\nodejs\;D:\develop\nodejs\node_global\node_modules;D:\qt6\Tools\mingw1310_64\bin;D:\qt6\Tools\CMake_64\bin;D:\qt6\6.9.3\mingw_64\bin;D:\vcpkg;D:\develop\Javatwo\jdk-11\bin;C:\Program Files (x86)\Common Files\Oracle\Java\javapath;C:\Program Files\Common Files\Oracle\Java\javapath;D:\AndroidStudioSDK\platform-tools;D:\AndroidStudioSDK\build-tools\36.1.0;D:\develop\gradle-7.6.6\bin;C:\Users\jane\.cargo\bin;D:\anaconda3;D:\anaconda3\Library\mingw-w64\bin;D:\anaconda3\Library\usr\bin;D:\anaconda3\Library\bin;D:\anaconda3\Scripts;C:\Users\jane\AppData\Local\Programs\Python\Python39-32\Scripts\;C:\Users\jane\AppData\Local\Programs\Python\Python39-32\;C:\Users\jane\AppData\Local\Microsoft\WindowsApps;C:\Users\jane\AppData\Local\Programs\Microsoft VS Code\bin;D:\develop\IntelliJIDEA2024.2.2\bin;;D:\develop\DataGrip 2024.1.1\bin;;D:\develop\CodeBuddy CN\bin;C:\Users\jane\AppData\Roaming\npm;D:\developoverseas\Qoder\bin;D:\developoverseas\Antigravity\bin;d:\developoverseas\Traeoverseas\resources\app\bin\lib
USERNAME=jane
OS=Windows_NT
PROCESSOR_IDENTIFIER=AMD64 Family 25 Model 68 Stepping 1, AuthenticAMD
TMP=C:\Users\jane\AppData\Local\Temp
TEMP=C:\Users\jane\AppData\Local\Temp




Periodic native trim disabled

---------------  S Y S T E M  ---------------

OS:
 Windows 11 , 64 bit Build 26100 (10.0.26100.7623)
OS uptime: 0 days 8:45 hours
Hyper-V role detected

CPU: total 12 (initial active 12) (12 cores per cpu, 2 threads per core) family 25 model 68 stepping 1 microcode 0xa404101, cx8, cmov, fxsr, ht, mmx, 3dnowpref, sse, sse2, sse3, ssse3, sse4a, sse4.1, sse4.2, popcnt, lzcnt, tsc, tscinvbit, avx, avx2, aes, clmul, bmi1, bmi2, adx, sha, fma, vzeroupper, clflush, clflushopt, hv, rdtscp, rdpid, f16c, cet_ss
Processor Information for processor 0
  Max Mhz: 3301, Current Mhz: 3273, Mhz Limit: 3301
Processor Information for processor 1
  Max Mhz: 3301, Current Mhz: 3273, Mhz Limit: 3301
Processor Information for processor 2
  Max Mhz: 3301, Current Mhz: 3273, Mhz Limit: 3301
Processor Information for processor 3
  Max Mhz: 3301, Current Mhz: 2503, Mhz Limit: 3301
Processor Information for processor 4
  Max Mhz: 3301, Current Mhz: 3273, Mhz Limit: 3301
Processor Information for processor 5
  Max Mhz: 3301, Current Mhz: 3273, Mhz Limit: 3301
Processor Information for processor 6
  Max Mhz: 3301, Current Mhz: 2503, Mhz Limit: 3301
Processor Information for processor 7
  Max Mhz: 3301, Current Mhz: 3273, Mhz Limit: 3301
Processor Information for processor 8
  Max Mhz: 3301, Current Mhz: 3273, Mhz Limit: 3301
Processor Information for processor 9
  Max Mhz: 3301, Current Mhz: 3273, Mhz Limit: 3301
Processor Information for processor 10
  Max Mhz: 3301, Current Mhz: 2503, Mhz Limit: 3301
Processor Information for processor 11
  Max Mhz: 3301, Current Mhz: 3273, Mhz Limit: 3301

Memory: 4k page, system-wide physical 15556M (803M free)
TotalPageFile size 29026M (AvailPageFile size 4M)
current process WorkingSet (physical memory assigned to process): 96M, peak: 96M
current process commit charge ("private bytes"): 246M, peak: 250M

vm_info: OpenJDK 64-Bit Server VM (21.0.9+10-LTS) for windows-amd64 JRE (21.0.9+10-LTS), built on 2025-10-21T00:00:00Z by "admin" with unknown MS VC++:1942

END.
