#
# There is insufficient memory for the Java Runtime Environment to continue.
# Native memory allocation (malloc) failed to allocate 1327536 bytes. Error detail: Chunk::new
# Possible reasons:
#   The system is out of physical RAM or swap space
#   This process is running with CompressedOops enabled, and the Java Heap may be blocking the growth of the native heap
# Possible solutions:
#   Reduce memory load on the system
#   Increase physical memory or swap space
#   Check if swap backing store is full
#   Decrease Java heap size (-Xmx/-Xms)
#   Decrease number of Java threads
#   Decrease Java thread stack sizes (-Xss)
#   Set larger code cache with -XX:ReservedCodeCacheSize=
#   JVM is running with Unscaled Compressed Oops mode in which the Java heap is
#     placed in the first 4GB address space. The Java Heap base address is the
#     maximum limit for the native heap growth. Please use -XX:HeapBaseMinAddress
#     to set the Java Heap base and to place the Java Heap above 4GB virtual address.
# This output file may be truncated or incomplete.
#
#  Out of Memory Error (arena.cpp:168), pid=8256, tid=18064
#
# JRE version: OpenJDK Runtime Environment Temurin-21.0.9+10 (21.0.9+10) (build 21.0.9+10-LTS)
# Java VM: OpenJDK 64-Bit Server VM Temurin-21.0.9+10 (21.0.9+10-LTS, mixed mode, sharing, tiered, compressed oops, compressed class ptrs, parallel gc, windows-amd64)
# No core dump will be written. Minidumps are not enabled by default on client versions of Windows
#

---------------  S U M M A R Y ------------

Command Line: --add-modules=ALL-SYSTEM --add-opens=java.base/java.util=ALL-UNNAMED --add-opens=java.base/java.lang=ALL-UNNAMED --add-opens=java.base/sun.nio.fs=ALL-UNNAMED -Declipse.application=org.eclipse.jdt.ls.core.id1 -Dosgi.bundles.defaultStartLevel=4 -Declipse.product=org.eclipse.jdt.ls.core.product -Djava.import.generatesMetadataFilesAtProjectRoot=false -DDetectVMInstallationsJob.disabled=true -Dfile.encoding=utf8 -XX:+UseParallelGC -XX:GCTimeRatio=4 -XX:AdaptiveSizePolicyWeight=90 -Dsun.zip.disableMemoryMapping=true -Xmx2G -Xms100m -Xlog:disable -javaagent:c:\Users\jane\.vscode\extensions\redhat.java-1.52.0-win32-x64\lombok\lombok-1.18.39-4050.jar -XX:+HeapDumpOnOutOfMemoryError -XX:HeapDumpPath=c:\Users\jane\AppData\Roaming\Code\User\workspaceStorage\ae4f4d08618131b1e596844c1662fb19\redhat.java -Daether.dependencyCollector.impl=bf c:\Users\jane\.vscode\extensions\redhat.java-1.52.0-win32-x64\server\plugins\org.eclipse.equinox.launcher_1.7.100.v20251111-0406.jar -configuration c:\Users\jane\AppData\Roaming\Code\User\globalStorage\redhat.java\1.52.0\config_win -data c:\Users\jane\AppData\Roaming\Code\User\workspaceStorage\ae4f4d08618131b1e596844c1662fb19\redhat.java\jdt_ws --pipe=\\.\pipe\lsp-a1b4a7fee9adb1019273b6aeb14baa6a-sock

Host: AMD Ryzen 5 6600H with Radeon Graphics         , 12 cores, 15G,  Windows 11 , 64 bit Build 26100 (10.0.26100.7623)
Time: Sun Feb  1 07:39:45 2026 elapsed time: 15.067187 seconds (0d 0h 0m 15s)

---------------  T H R E A D  ---------------

Current thread (0x0000020146026880):  JavaThread "C2 CompilerThread2" daemon [_thread_in_native, id=18064, stack(0x000000a304800000,0x000000a304900000) (1024K)]


Current CompileTask:
C2:15067 13005   !   4       org.eclipse.osgi.internal.loader.classpath.ClasspathManager::defineClass (636 bytes)

Stack: [0x000000a304800000,0x000000a304900000]
Native frames: (J=compiled Java code, j=interpreted, Vv=VM code, C=native code)
V  [jvm.dll+0x6d6e29]
V  [jvm.dll+0x8b4b76]
V  [jvm.dll+0x8b712e]
V  [jvm.dll+0x8b7813]
V  [jvm.dll+0x283d86]
V  [jvm.dll+0xc66ed]
V  [jvm.dll+0xc6c31]
V  [jvm.dll+0x3be501]
V  [jvm.dll+0x1e3b52]
V  [jvm.dll+0x24c0f3]
V  [jvm.dll+0x24b580]
V  [jvm.dll+0x1cb13e]
V  [jvm.dll+0x25b29d]
V  [jvm.dll+0x25982a]
V  [jvm.dll+0x3f7ea6]
V  [jvm.dll+0x85e9ad]
V  [jvm.dll+0x6d565d]
C  [ucrtbase.dll+0x37b0]
C  [KERNEL32.DLL+0x2e8d7]
C  [ntdll.dll+0x8c53c]


---------------  P R O C E S S  ---------------

Threads class SMR info:
_java_thread_list=0x00000201517f2b90, length=88, elements={
0x0000020163311c40, 0x000002017b02a8f0, 0x000002017b02b600, 0x000002017b02d1c0,
0x000002017b02dc10, 0x000002017b02fb20, 0x000002017b030570, 0x000002017b031420,
0x00000201633b8ff0, 0x000002017b283f90, 0x000002017b348950, 0x000002017b2351e0,
0x000002014586e310, 0x00000201459346c0, 0x00000201458f50d0, 0x0000020146093e50,
0x0000020145af3c60, 0x00000201460d0380, 0x0000020145d0c4f0, 0x0000020145fd2010,
0x0000020145d35080, 0x0000020145d34360, 0x000002014625b390, 0x0000020146026880,
0x0000020147555ed0, 0x0000020147554b20, 0x00000201475530e0, 0x0000020147555840,
0x00000201475551b0, 0x0000020147553770, 0x0000020147552a50, 0x0000020147554490,
0x0000020147553e00, 0x0000020147559350, 0x0000020147557910, 0x00000201475599e0,
0x0000020147557fa0, 0x0000020147557280, 0x0000020147556560, 0x000002014755a070,
0x0000020147556bf0, 0x0000020147558630, 0x00000201484a29e0, 0x00000201484a3d90,
0x00000201484a0fa0, 0x00000201484a3070, 0x00000201484a2350, 0x00000201484a4420,
0x00000201484a3700, 0x00000201484a4ab0, 0x00000201484a1630, 0x00000201484a5140,
0x00000201484a1cc0, 0x00000201484a57d0, 0x00000201484a7f30, 0x00000201484a78a0,
0x00000201484a5e60, 0x00000201484a7210, 0x00000201484a64f0, 0x00000201484a85c0,
0x00000201484a6b80, 0x0000020148bf2800, 0x0000020148bf3bb0, 0x0000020148bf4f60,
0x0000020148bf4240, 0x0000020148bf48d0, 0x0000020148bf5c80, 0x0000020148bf3520,
0x0000020148bf6310, 0x0000020148bf2e90, 0x0000020148bf69a0, 0x0000020148bf9790,
0x0000020148bf9e20, 0x0000020148bf7030, 0x0000020148bf76c0, 0x0000020148bf9100,
0x0000020148bf7d50, 0x0000020148bf83e0, 0x0000020154f846b0, 0x0000020154f84d40,
0x0000020154f853d0, 0x0000020154f85a60, 0x0000020154f860f0, 0x0000020154f83300,
0x0000020154f88850, 0x0000020154f874a0, 0x0000020154f88ee0, 0x0000020154f881c0
}

Java Threads: ( => current thread )
  0x0000020163311c40 JavaThread "main"                              [_thread_blocked, id=2920, stack(0x000000a302500000,0x000000a302600000) (1024K)]
  0x000002017b02a8f0 JavaThread "Reference Handler"          daemon [_thread_blocked, id=8128, stack(0x000000a302900000,0x000000a302a00000) (1024K)]
  0x000002017b02b600 JavaThread "Finalizer"                  daemon [_thread_blocked, id=11432, stack(0x000000a302a00000,0x000000a302b00000) (1024K)]
  0x000002017b02d1c0 JavaThread "Signal Dispatcher"          daemon [_thread_blocked, id=12520, stack(0x000000a302b00000,0x000000a302c00000) (1024K)]
  0x000002017b02dc10 JavaThread "Attach Listener"            daemon [_thread_blocked, id=25912, stack(0x000000a302c00000,0x000000a302d00000) (1024K)]
  0x000002017b02fb20 JavaThread "Service Thread"             daemon [_thread_blocked, id=14424, stack(0x000000a302d00000,0x000000a302e00000) (1024K)]
  0x000002017b030570 JavaThread "Monitor Deflation Thread"   daemon [_thread_blocked, id=11576, stack(0x000000a302e00000,0x000000a302f00000) (1024K)]
  0x000002017b031420 JavaThread "C2 CompilerThread0"         daemon [_thread_blocked, id=9400, stack(0x000000a302f00000,0x000000a303000000) (1024K)]
  0x00000201633b8ff0 JavaThread "C1 CompilerThread0"         daemon [_thread_blocked, id=21400, stack(0x000000a303000000,0x000000a303100000) (1024K)]
  0x000002017b283f90 JavaThread "Common-Cleaner"             daemon [_thread_blocked, id=5132, stack(0x000000a303100000,0x000000a303200000) (1024K)]
  0x000002017b348950 JavaThread "Notification Thread"        daemon [_thread_blocked, id=24532, stack(0x000000a303300000,0x000000a303400000) (1024K)]
  0x000002017b2351e0 JavaThread "Active Thread: Equinox Container: 3434f282-fbae-4d4a-a370-324840040798"        [_thread_blocked, id=2176, stack(0x000000a303200000,0x000000a303300000) (1024K)]
  0x000002014586e310 JavaThread "Refresh Thread: Equinox Container: 3434f282-fbae-4d4a-a370-324840040798" daemon [_thread_blocked, id=10932, stack(0x000000a303c00000,0x000000a303d00000) (1024K)]
  0x00000201459346c0 JavaThread "Framework Event Dispatcher: Equinox Container: 3434f282-fbae-4d4a-a370-324840040798" daemon [_thread_blocked, id=24348, stack(0x000000a303d00000,0x000000a303e00000) (1024K)]
  0x00000201458f50d0 JavaThread "Start Level: Equinox Container: 3434f282-fbae-4d4a-a370-324840040798" daemon [_thread_blocked, id=8524, stack(0x000000a303400000,0x000000a303500000) (1024K)]
  0x0000020146093e50 JavaThread "Bundle File Closer"         daemon [_thread_blocked, id=13276, stack(0x000000a304200000,0x000000a304300000) (1024K)]
  0x0000020145af3c60 JavaThread "SCR Component Actor"        daemon [_thread_blocked, id=23520, stack(0x000000a304300000,0x000000a304400000) (1024K)]
  0x00000201460d0380 JavaThread "Worker-JM"                         [_thread_blocked, id=11128, stack(0x000000a303e00000,0x000000a303f00000) (1024K)]
  0x0000020145d0c4f0 JavaThread "JNA Cleaner"                daemon [_thread_blocked, id=13424, stack(0x000000a303f00000,0x000000a304000000) (1024K)]
  0x0000020145fd2010 JavaThread "Worker-0: Initialize workspace"        [_thread_blocked, id=2640, stack(0x000000a304400000,0x000000a304500000) (1024K)]
  0x0000020145d35080 JavaThread "Worker-1"                          [_thread_blocked, id=8512, stack(0x000000a304500000,0x000000a304600000) (1024K)]
  0x0000020145d34360 JavaThread "Worker-2"                          [_thread_blocked, id=18464, stack(0x000000a304600000,0x000000a304700000) (1024K)]
  0x000002014625b390 JavaThread "C2 CompilerThread1"         daemon [_thread_blocked, id=16516, stack(0x000000a304700000,0x000000a304800000) (1024K)]
=>0x0000020146026880 JavaThread "C2 CompilerThread2"         daemon [_thread_in_native, id=18064, stack(0x000000a304800000,0x000000a304900000) (1024K)]
  0x0000020147555ed0 JavaThread "Java indexing"              daemon [_thread_blocked, id=23300, stack(0x000000a304900000,0x000000a304a00000) (1024K)]
  0x0000020147554b20 JavaThread "Worker-3"                          [_thread_blocked, id=1532, stack(0x000000a304a00000,0x000000a304b00000) (1024K)]
  0x00000201475530e0 JavaThread "Worker-4"                          [_thread_blocked, id=14356, stack(0x000000a304b00000,0x000000a304c00000) (1024K)]
  0x0000020147555840 JavaThread "Worker-5"                          [_thread_blocked, id=1840, stack(0x000000a304e00000,0x000000a304f00000) (1024K)]
  0x00000201475551b0 JavaThread "Thread-1"                   daemon [_thread_in_native, id=6860, stack(0x000000a304f00000,0x000000a305000000) (1024K)]
  0x0000020147553770 JavaThread "Thread-2"                   daemon [_thread_in_native, id=12188, stack(0x000000a305000000,0x000000a305100000) (1024K)]
  0x0000020147552a50 JavaThread "Thread-3"                   daemon [_thread_in_native, id=15336, stack(0x000000a305100000,0x000000a305200000) (1024K)]
  0x0000020147554490 JavaThread "Thread-4"                   daemon [_thread_in_native, id=7776, stack(0x000000a305200000,0x000000a305300000) (1024K)]
  0x0000020147553e00 JavaThread "Thread-5"                   daemon [_thread_in_native, id=5600, stack(0x000000a305300000,0x000000a305400000) (1024K)]
  0x0000020147559350 JavaThread "Thread-6"                   daemon [_thread_in_native, id=7284, stack(0x000000a305400000,0x000000a305500000) (1024K)]
  0x0000020147557910 JavaThread "Thread-7"                   daemon [_thread_in_native, id=22864, stack(0x000000a305500000,0x000000a305600000) (1024K)]
  0x00000201475599e0 JavaThread "Thread-8"                   daemon [_thread_in_native, id=16564, stack(0x000000a305600000,0x000000a305700000) (1024K)]
  0x0000020147557fa0 JavaThread "Thread-9"                   daemon [_thread_in_native, id=21692, stack(0x000000a305700000,0x000000a305800000) (1024K)]
  0x0000020147557280 JavaThread "Thread-10"                  daemon [_thread_in_native, id=12092, stack(0x000000a305800000,0x000000a305900000) (1024K)]
  0x0000020147556560 JavaThread "Thread-11"                  daemon [_thread_in_native, id=7956, stack(0x000000a305900000,0x000000a305a00000) (1024K)]
  0x000002014755a070 JavaThread "Thread-12"                  daemon [_thread_in_native, id=14980, stack(0x000000a305a00000,0x000000a305b00000) (1024K)]
  0x0000020147556bf0 JavaThread "Thread-13"                  daemon [_thread_in_native, id=25928, stack(0x000000a305b00000,0x000000a305c00000) (1024K)]
  0x0000020147558630 JavaThread "pool-2-thread-1"                   [_thread_blocked, id=19632, stack(0x000000a305c00000,0x000000a305d00000) (1024K)]
  0x00000201484a29e0 JavaThread "WorkspaceEventsHandler"            [_thread_blocked, id=21676, stack(0x000000a305d00000,0x000000a305e00000) (1024K)]
  0x00000201484a3d90 JavaThread "pool-1-thread-1"                   [_thread_blocked, id=21672, stack(0x000000a305e00000,0x000000a305f00000) (1024K)]
  0x00000201484a0fa0 JavaThread "LocalFile Deleter"          daemon [_thread_blocked, id=23536, stack(0x000000a305f00000,0x000000a306000000) (1024K)]
  0x00000201484a3070 JavaThread "LocalFile Deleter"          daemon [_thread_blocked, id=3336, stack(0x000000a306000000,0x000000a306100000) (1024K)]
  0x00000201484a2350 JavaThread "LocalFile Deleter"          daemon [_thread_blocked, id=22112, stack(0x000000a306100000,0x000000a306200000) (1024K)]
  0x00000201484a4420 JavaThread "LocalFile Deleter"          daemon [_thread_blocked, id=21140, stack(0x000000a306200000,0x000000a306300000) (1024K)]
  0x00000201484a3700 JavaThread "LocalFile Deleter"          daemon [_thread_blocked, id=22772, stack(0x000000a306300000,0x000000a306400000) (1024K)]
  0x00000201484a4ab0 JavaThread "LocalFile Deleter"          daemon [_thread_blocked, id=3320, stack(0x000000a306400000,0x000000a306500000) (1024K)]
  0x00000201484a1630 JavaThread "LocalFile Deleter"          daemon [_thread_blocked, id=5128, stack(0x000000a306500000,0x000000a306600000) (1024K)]
  0x00000201484a5140 JavaThread "LocalFile Deleter"          daemon [_thread_blocked, id=9480, stack(0x000000a306600000,0x000000a306700000) (1024K)]
  0x00000201484a1cc0 JavaThread "LocalFile Deleter"          daemon [_thread_blocked, id=9536, stack(0x000000a306700000,0x000000a306800000) (1024K)]
  0x00000201484a57d0 JavaThread "LocalFile Deleter"          daemon [_thread_blocked, id=20304, stack(0x000000a306800000,0x000000a306900000) (1024K)]
  0x00000201484a7f30 JavaThread "LocalFile Deleter"          daemon [_thread_blocked, id=22524, stack(0x000000a306900000,0x000000a306a00000) (1024K)]
  0x00000201484a78a0 JavaThread "LocalFile Deleter"          daemon [_thread_blocked, id=24504, stack(0x000000a306a00000,0x000000a306b00000) (1024K)]
  0x00000201484a5e60 JavaThread "Compiler Source File Reader" daemon [_thread_blocked, id=24748, stack(0x000000a306b00000,0x000000a306c00000) (1024K)]
  0x00000201484a7210 JavaThread "Compiler Source File Reader" daemon [_thread_blocked, id=3052, stack(0x000000a306c00000,0x000000a306d00000) (1024K)]
  0x00000201484a64f0 JavaThread "Compiler Source File Reader" daemon [_thread_blocked, id=6768, stack(0x000000a306d00000,0x000000a306e00000) (1024K)]
  0x00000201484a85c0 JavaThread "Compiler Source File Reader" daemon [_thread_blocked, id=23424, stack(0x000000a306e00000,0x000000a306f00000) (1024K)]
  0x00000201484a6b80 JavaThread "Compiler Source File Reader" daemon [_thread_blocked, id=5960, stack(0x000000a306f00000,0x000000a307000000) (1024K)]
  0x0000020148bf2800 JavaThread "Compiler Source File Reader" daemon [_thread_blocked, id=24832, stack(0x000000a307000000,0x000000a307100000) (1024K)]
  0x0000020148bf3bb0 JavaThread "Compiler Source File Reader" daemon [_thread_blocked, id=19640, stack(0x000000a307100000,0x000000a307200000) (1024K)]
  0x0000020148bf4f60 JavaThread "Compiler Source File Reader" daemon [_thread_blocked, id=24116, stack(0x000000a307200000,0x000000a307300000) (1024K)]
  0x0000020148bf4240 JavaThread "Compiler Source File Reader" daemon [_thread_blocked, id=10924, stack(0x000000a307300000,0x000000a307400000) (1024K)]
  0x0000020148bf48d0 JavaThread "Compiler Source File Reader" daemon [_thread_blocked, id=21848, stack(0x000000a307400000,0x000000a307500000) (1024K)]
  0x0000020148bf5c80 JavaThread "ForkJoinPool.commonPool-worker-1" daemon [_thread_blocked, id=25336, stack(0x000000a307500000,0x000000a307600000) (1024K)]
  0x0000020148bf3520 JavaThread "Compiler Processing Task"   daemon [_thread_blocked, id=13112, stack(0x000000a307600000,0x000000a307700000) (1024K)]
  0x0000020148bf6310 JavaThread "Compiler Class File Writer" daemon [_thread_blocked, id=25032, stack(0x000000a307700000,0x000000a307800000) (1024K)]
  0x0000020148bf2e90 JavaThread "Compiler Class File Writer" daemon [_thread_blocked, id=8340, stack(0x000000a307800000,0x000000a307900000) (1024K)]
  0x0000020148bf69a0 JavaThread "Compiler Class File Writer" daemon [_thread_blocked, id=18280, stack(0x000000a307900000,0x000000a307a00000) (1024K)]
  0x0000020148bf9790 JavaThread "Compiler Class File Writer" daemon [_thread_blocked, id=14936, stack(0x000000a307a00000,0x000000a307b00000) (1024K)]
  0x0000020148bf9e20 JavaThread "Compiler Class File Writer" daemon [_thread_blocked, id=11196, stack(0x000000a307b00000,0x000000a307c00000) (1024K)]
  0x0000020148bf7030 JavaThread "Compiler Class File Writer" daemon [_thread_blocked, id=9492, stack(0x000000a307c00000,0x000000a307d00000) (1024K)]
  0x0000020148bf76c0 JavaThread "Compiler Class File Writer" daemon [_thread_blocked, id=12768, stack(0x000000a307d00000,0x000000a307e00000) (1024K)]
  0x0000020148bf9100 JavaThread "Compiler Class File Writer" daemon [_thread_blocked, id=5268, stack(0x000000a307e00000,0x000000a307f00000) (1024K)]
  0x0000020148bf7d50 JavaThread "Compiler Class File Writer" daemon [_thread_blocked, id=26260, stack(0x000000a307f00000,0x000000a308000000) (1024K)]
  0x0000020148bf83e0 JavaThread "Compiler Class File Writer" daemon [_thread_blocked, id=25752, stack(0x000000a308000000,0x000000a308100000) (1024K)]
  0x0000020154f846b0 JavaThread "ForkJoinPool.commonPool-worker-2" daemon [_thread_blocked, id=26084, stack(0x000000a308100000,0x000000a308200000) (1024K)]
  0x0000020154f84d40 JavaThread "ForkJoinPool.commonPool-worker-3" daemon [_thread_blocked, id=5440, stack(0x000000a308200000,0x000000a308300000) (1024K)]
  0x0000020154f853d0 JavaThread "ForkJoinPool.commonPool-worker-4" daemon [_thread_blocked, id=22984, stack(0x000000a308300000,0x000000a308400000) (1024K)]
  0x0000020154f85a60 JavaThread "ForkJoinPool.commonPool-worker-5" daemon [_thread_blocked, id=7808, stack(0x000000a308400000,0x000000a308500000) (1024K)]
  0x0000020154f860f0 JavaThread "ForkJoinPool.commonPool-worker-6" daemon [_thread_blocked, id=3464, stack(0x000000a308500000,0x000000a308600000) (1024K)]
  0x0000020154f83300 JavaThread "ForkJoinPool.commonPool-worker-7" daemon [_thread_blocked, id=8828, stack(0x000000a308600000,0x000000a308700000) (1024K)]
  0x0000020154f88850 JavaThread "ForkJoinPool.commonPool-worker-8" daemon [_thread_blocked, id=25244, stack(0x000000a308700000,0x000000a308800000) (1024K)]
  0x0000020154f874a0 JavaThread "ForkJoinPool.commonPool-worker-9" daemon [_thread_blocked, id=20260, stack(0x000000a308800000,0x000000a308900000) (1024K)]
  0x0000020154f88ee0 JavaThread "ForkJoinPool.commonPool-worker-10" daemon [_thread_blocked, id=19880, stack(0x000000a308900000,0x000000a308a00000) (1024K)]
  0x0000020154f881c0 JavaThread "ForkJoinPool.commonPool-worker-11" daemon [_thread_in_Java, id=21360, stack(0x000000a308a00000,0x000000a308b00000) (1024K)]
Total: 88

Other Threads:
  0x00000201633b2ad0 VMThread "VM Thread"                           [id=24520, stack(0x000000a302800000,0x000000a302900000) (1024K)]
  0x000002016319ca00 WatcherThread "VM Periodic Task Thread"        [id=9132, stack(0x000000a302700000,0x000000a302800000) (1024K)]
  0x0000020163330360 WorkerThread "GC Thread#0"                     [id=21428, stack(0x000000a302600000,0x000000a302700000) (1024K)]
  0x0000020145584fa0 WorkerThread "GC Thread#1"                     [id=2020, stack(0x000000a303500000,0x000000a303600000) (1024K)]
  0x00000201452d8f70 WorkerThread "GC Thread#2"                     [id=26444, stack(0x000000a303600000,0x000000a303700000) (1024K)]
  0x000002017b3a0ee0 WorkerThread "GC Thread#3"                     [id=19620, stack(0x000000a303700000,0x000000a303800000) (1024K)]
  0x00000201455c2650 WorkerThread "GC Thread#4"                     [id=14804, stack(0x000000a303800000,0x000000a303900000) (1024K)]
  0x00000201455c29f0 WorkerThread "GC Thread#5"                     [id=22220, stack(0x000000a303900000,0x000000a303a00000) (1024K)]
  0x00000201455c2d90 WorkerThread "GC Thread#6"                     [id=9268, stack(0x000000a303a00000,0x000000a303b00000) (1024K)]
  0x000002017b373d70 WorkerThread "GC Thread#7"                     [id=3484, stack(0x000000a303b00000,0x000000a303c00000) (1024K)]
  0x0000020145b2ee30 WorkerThread "GC Thread#8"                     [id=10168, stack(0x000000a304000000,0x000000a304100000) (1024K)]
  0x00000201461a2e50 WorkerThread "GC Thread#9"                     [id=21336, stack(0x000000a304100000,0x000000a304200000) (1024K)]
Total: 12

Threads with active compile tasks:
C2 CompilerThread2  15097 13005   !   4       org.eclipse.osgi.internal.loader.classpath.ClasspathManager::defineClass (636 bytes)
Total: 1

VM state: not at safepoint (normal execution)

VM Mutex/Monitor currently owned by a thread: None

Heap address: 0x0000000080000000, size: 2048 MB, Compressed Oops mode: 32-bit

CDS archive(s) mapped at: [0x0000020100000000-0x0000020100ba0000-0x0000020100ba0000), size 12189696, SharedBaseAddress: 0x0000020100000000, ArchiveRelocationMode: 1.
Compressed class space mapped at: 0x0000020101000000-0x0000020141000000, reserved size: 1073741824
Narrow klass base: 0x0000020100000000, Narrow klass shift: 0, Narrow klass range: 0x100000000

GC Precious Log:
 CardTable entry size: 512
 CPUs: 12 total, 12 available
 Memory: 15556M
 Large Page Support: Disabled
 NUMA Support: Disabled
 Compressed Oops: Enabled (32-bit)
 Alignments: Space 512K, Generation 512K, Heap 2M
 Heap Min Capacity: 100M
 Heap Initial Capacity: 100M
 Heap Max Capacity: 2G
 Pre-touch: Disabled
 Parallel Workers: 10

Heap:
 PSYoungGen      total 6144K, used 3569K [0x00000000d5580000, 0x00000000d7180000, 0x0000000100000000)
  eden space 5632K, 54% used [0x00000000d5580000,0x00000000d587c5a8,0x00000000d5b00000)
  from space 512K, 100% used [0x00000000d6300000,0x00000000d6380000,0x00000000d6380000)
  to   space 8192K, 0% used [0x00000000d5b00000,0x00000000d5b00000,0x00000000d6300000)
 ParOldGen       total 75776K, used 75634K [0x0000000080000000, 0x0000000084a00000, 0x00000000d5580000)
  object space 75776K, 99% used [0x0000000080000000,0x00000000849dca28,0x0000000084a00000)
 Metaspace       used 66034K, committed 67584K, reserved 1114112K
  class space    used 6861K, committed 7552K, reserved 1048576K

Card table byte_map: [0x0000020162cb0000,0x00000201630c0000] _byte_map_base: 0x00000201628b0000

Marking Bits: (ParMarkBitMap*) 0x00007ff8ea7f2460
 Begin Bits: [0x00000201757c0000, 0x00000201777c0000)
 End Bits:   [0x00000201777c0000, 0x00000201797c0000)

Polling page: 0x0000020160fe0000

Metaspace:

Usage:
  Non-class:     57.79 MB used.
      Class:      6.70 MB used.
       Both:     64.49 MB used.

Virtual space:
  Non-class space:       64.00 MB reserved,      58.62 MB ( 92%) committed,  1 nodes.
      Class space:        1.00 GB reserved,       7.38 MB ( <1%) committed,  1 nodes.
             Both:        1.06 GB reserved,      66.00 MB (  6%) committed. 

Chunk freelists:
   Non-Class:  5.00 MB
       Class:  8.44 MB
        Both:  13.44 MB

MaxMetaspaceSize: unlimited
CompressedClassSpaceSize: 1.00 GB
Initial GC threshold: 21.00 MB
Current GC threshold: 97.31 MB
CDS: on
 - commit_granule_bytes: 65536.
 - commit_granule_words: 8192.
 - virtual_space_node_default_size: 8388608.
 - enlarge_chunks_in_place: 1.
 - use_allocation_guard: 0.


Internal statistics:

num_allocs_failed_limit: 11.
num_arena_births: 1362.
num_arena_deaths: 28.
num_vsnodes_births: 2.
num_vsnodes_deaths: 0.
num_space_committed: 1056.
num_space_uncommitted: 0.
num_chunks_returned_to_freelist: 44.
num_chunks_taken_from_freelist: 4752.
num_chunk_merges: 18.
num_chunk_splits: 2761.
num_chunks_enlarged: 1342.
num_inconsistent_stats: 0.

CodeHeap 'non-profiled nmethods': size=120000Kb used=7668Kb max_used=7668Kb free=112331Kb
 bounds [0x000002016dfe0000, 0x000002016e760000, 0x0000020175510000]
CodeHeap 'profiled nmethods': size=120000Kb used=28651Kb max_used=28651Kb free=91348Kb
 bounds [0x0000020166510000, 0x0000020168110000, 0x000002016da40000]
CodeHeap 'non-nmethods': size=5760Kb used=1437Kb max_used=1520Kb free=4322Kb
 bounds [0x000002016da40000, 0x000002016dcb0000, 0x000002016dfe0000]
CodeCache: size=245760Kb, used=37756Kb, max_used=37839Kb, free=208001Kb
 total_blobs=13347, nmethods=12598, adapters=653, full_count=0
Compilation: enabled, stopped_count=0, restarted_count=0

Compilation events (20 events):
Event: 15.035 Thread 0x00000201633b8ff0 13498       3       org.eclipse.sisu.plexus.RealmManager::contextRealm (33 bytes)
Event: 15.036 Thread 0x00000201633b8ff0 nmethod 13498 0x00000201680fcd10 code [0x00000201680fcf00, 0x00000201680fd530]
Event: 15.036 Thread 0x00000201633b8ff0 13496       3       org.eclipse.sisu.plexus.DefaultPlexusBeans$Itr::<init> (26 bytes)
Event: 15.036 Thread 0x00000201633b8ff0 nmethod 13496 0x00000201680fd710 code [0x00000201680fd8c0, 0x00000201680fdb40]
Event: 15.036 Thread 0x00000201633b8ff0 13497       3       org.eclipse.sisu.plexus.RealmFilteredBeans::iterator (45 bytes)
Event: 15.036 Thread 0x00000201633b8ff0 nmethod 13497 0x00000201680fdc90 code [0x00000201680fdee0, 0x00000201680fe8f0]
Event: 15.036 Thread 0x00000201633b8ff0 13499       3       org.eclipse.sisu.plexus.RealmManager::visibleRealmNames (51 bytes)
Event: 15.037 Thread 0x00000201633b8ff0 nmethod 13499 0x00000201680fec10 code [0x00000201680fee00, 0x00000201680ff2c0]
Event: 15.047 Thread 0x00000201633b8ff0 13500       3       java.lang.invoke.LambdaForm$MH/0x00000201014c9c00::invoke (48 bytes)
Event: 15.048 Thread 0x00000201633b8ff0 nmethod 13500 0x00000201680ff410 code [0x00000201680ff600, 0x00000201680ffe00]
Event: 15.051 Thread 0x00000201633b8ff0 13501       3       org.eclipse.sisu.inject.LazyBeanEntry::<init> (82 bytes)
Event: 15.051 Thread 0x00000201633b8ff0 nmethod 13501 0x00000201680fff90 code [0x00000201681001c0, 0x00000201681009f8]
Event: 15.053 Thread 0x000002017b031420 13502   !   4       com.google.inject.internal.InternalFactoryToProviderAdapter::get (54 bytes)
Event: 15.054 Thread 0x00000201633b8ff0 13503       1       org.eclipse.m2e.jdt.internal.ClasspathEntryDescriptor::getPath (5 bytes)
Event: 15.054 Thread 0x00000201633b8ff0 nmethod 13503 0x000002016e75bb90 code [0x000002016e75bd20, 0x000002016e75bde8]
Event: 15.055 Thread 0x000002017b031420 nmethod 13502 0x000002016e75be90 code [0x000002016e75c040, 0x000002016e75c1d8]
Event: 15.056 Thread 0x00000201633b8ff0 13504       3       org.apache.maven.artifact.handler.DefaultArtifactHandler::getExtension (20 bytes)
Event: 15.056 Thread 0x00000201633b8ff0 nmethod 13504 0x0000020168100c90 code [0x0000020168100e20, 0x0000020168100f80]
Event: 15.060 Thread 0x00000201633b8ff0 13505       1       org.eclipse.m2e.core.internal.embedder.PlexusContainerManager$2::getContainer (5 bytes)
Event: 15.060 Thread 0x00000201633b8ff0 nmethod 13505 0x000002016e75c390 code [0x000002016e75c520, 0x000002016e75c5e8]

GC Heap History (20 events):
Event: 13.182 GC heap before
{Heap before GC invocations=50 (full 3):
 PSYoungGen      total 16896K, used 16416K [0x00000000d5580000, 0x00000000d6880000, 0x0000000100000000)
  eden space 15360K, 100% used [0x00000000d5580000,0x00000000d6480000,0x00000000d6480000)
  from space 1536K, 68% used [0x00000000d6700000,0x00000000d6808000,0x00000000d6880000)
  to   space 1536K, 0% used [0x00000000d6580000,0x00000000d6580000,0x00000000d6700000)
 ParOldGen       total 68608K, used 61004K [0x0000000080000000, 0x0000000084300000, 0x00000000d5580000)
  object space 68608K, 88% used [0x0000000080000000,0x0000000083b93090,0x0000000084300000)
 Metaspace       used 62560K, committed 64000K, reserved 1114112K
  class space    used 6519K, committed 7168K, reserved 1048576K
}
Event: 13.184 GC heap after
{Heap after GC invocations=50 (full 3):
 PSYoungGen      total 16384K, used 869K [0x00000000d5580000, 0x00000000d6780000, 0x0000000100000000)
  eden space 15360K, 0% used [0x00000000d5580000,0x00000000d5580000,0x00000000d6480000)
  from space 1024K, 84% used [0x00000000d6580000,0x00000000d6659420,0x00000000d6680000)
  to   space 1024K, 0% used [0x00000000d6680000,0x00000000d6680000,0x00000000d6780000)
 ParOldGen       total 68608K, used 61940K [0x0000000080000000, 0x0000000084300000, 0x00000000d5580000)
  object space 68608K, 90% used [0x0000000080000000,0x0000000083c7d090,0x0000000084300000)
 Metaspace       used 62560K, committed 64000K, reserved 1114112K
  class space    used 6519K, committed 7168K, reserved 1048576K
}
Event: 13.456 GC heap before
{Heap before GC invocations=51 (full 3):
 PSYoungGen      total 16384K, used 16229K [0x00000000d5580000, 0x00000000d6780000, 0x0000000100000000)
  eden space 15360K, 100% used [0x00000000d5580000,0x00000000d6480000,0x00000000d6480000)
  from space 1024K, 84% used [0x00000000d6580000,0x00000000d6659420,0x00000000d6680000)
  to   space 1024K, 0% used [0x00000000d6680000,0x00000000d6680000,0x00000000d6780000)
 ParOldGen       total 68608K, used 61940K [0x0000000080000000, 0x0000000084300000, 0x00000000d5580000)
  object space 68608K, 90% used [0x0000000080000000,0x0000000083c7d090,0x0000000084300000)
 Metaspace       used 62708K, committed 64128K, reserved 1114112K
  class space    used 6519K, committed 7168K, reserved 1048576K
}
Event: 13.459 GC heap after
{Heap after GC invocations=51 (full 3):
 PSYoungGen      total 13312K, used 1006K [0x00000000d5580000, 0x00000000d6e80000, 0x0000000100000000)
  eden space 12288K, 0% used [0x00000000d5580000,0x00000000d5580000,0x00000000d6180000)
  from space 1024K, 98% used [0x00000000d6680000,0x00000000d677b9e0,0x00000000d6780000)
  to   space 5120K, 0% used [0x00000000d6180000,0x00000000d6180000,0x00000000d6680000)
 ParOldGen       total 68608K, used 65163K [0x0000000080000000, 0x0000000084300000, 0x00000000d5580000)
  object space 68608K, 94% used [0x0000000080000000,0x0000000083fa2d80,0x0000000084300000)
 Metaspace       used 62708K, committed 64128K, reserved 1114112K
  class space    used 6519K, committed 7168K, reserved 1048576K
}
Event: 13.537 GC heap before
{Heap before GC invocations=52 (full 3):
 PSYoungGen      total 13312K, used 13279K [0x00000000d5580000, 0x00000000d6e80000, 0x0000000100000000)
  eden space 12288K, 99% used [0x00000000d5580000,0x00000000d617c4c0,0x00000000d6180000)
  from space 1024K, 98% used [0x00000000d6680000,0x00000000d677b9e0,0x00000000d6780000)
  to   space 5120K, 0% used [0x00000000d6180000,0x00000000d6180000,0x00000000d6680000)
 ParOldGen       total 68608K, used 65163K [0x0000000080000000, 0x0000000084300000, 0x00000000d5580000)
  object space 68608K, 94% used [0x0000000080000000,0x0000000083fa2d80,0x0000000084300000)
 Metaspace       used 62893K, committed 64320K, reserved 1114112K
  class space    used 6531K, committed 7168K, reserved 1048576K
}
Event: 13.540 GC heap after
{Heap after GC invocations=52 (full 3):
 PSYoungGen      total 14336K, used 1616K [0x00000000d5580000, 0x00000000d6700000, 0x0000000100000000)
  eden space 12288K, 0% used [0x00000000d5580000,0x00000000d5580000,0x00000000d6180000)
  from space 2048K, 78% used [0x00000000d6180000,0x00000000d6314010,0x00000000d6380000)
  to   space 2560K, 0% used [0x00000000d6480000,0x00000000d6480000,0x00000000d6700000)
 ParOldGen       total 68608K, used 65363K [0x0000000080000000, 0x0000000084300000, 0x00000000d5580000)
  object space 68608K, 95% used [0x0000000080000000,0x0000000083fd4d80,0x0000000084300000)
 Metaspace       used 62893K, committed 64320K, reserved 1114112K
  class space    used 6531K, committed 7168K, reserved 1048576K
}
Event: 13.568 GC heap before
{Heap before GC invocations=53 (full 3):
 PSYoungGen      total 14336K, used 13904K [0x00000000d5580000, 0x00000000d6700000, 0x0000000100000000)
  eden space 12288K, 100% used [0x00000000d5580000,0x00000000d6180000,0x00000000d6180000)
  from space 2048K, 78% used [0x00000000d6180000,0x00000000d6314010,0x00000000d6380000)
  to   space 2560K, 0% used [0x00000000d6480000,0x00000000d6480000,0x00000000d6700000)
 ParOldGen       total 68608K, used 65363K [0x0000000080000000, 0x0000000084300000, 0x00000000d5580000)
  object space 68608K, 95% used [0x0000000080000000,0x0000000083fd4d80,0x0000000084300000)
 Metaspace       used 62914K, committed 64320K, reserved 1114112K
  class space    used 6531K, committed 7168K, reserved 1048576K
}
Event: 13.570 GC heap after
{Heap after GC invocations=53 (full 3):
 PSYoungGen      total 14336K, used 1632K [0x00000000d5580000, 0x00000000d6680000, 0x0000000100000000)
  eden space 12288K, 0% used [0x00000000d5580000,0x00000000d5580000,0x00000000d6180000)
  from space 2048K, 79% used [0x00000000d6480000,0x00000000d6618000,0x00000000d6680000)
  to   space 2048K, 0% used [0x00000000d6180000,0x00000000d6180000,0x00000000d6380000)
 ParOldGen       total 68608K, used 66567K [0x0000000080000000, 0x0000000084300000, 0x00000000d5580000)
  object space 68608K, 97% used [0x0000000080000000,0x0000000084101dd0,0x0000000084300000)
 Metaspace       used 62914K, committed 64320K, reserved 1114112K
  class space    used 6531K, committed 7168K, reserved 1048576K
}
Event: 13.659 GC heap before
{Heap before GC invocations=54 (full 3):
 PSYoungGen      total 14336K, used 13920K [0x00000000d5580000, 0x00000000d6680000, 0x0000000100000000)
  eden space 12288K, 100% used [0x00000000d5580000,0x00000000d6180000,0x00000000d6180000)
  from space 2048K, 79% used [0x00000000d6480000,0x00000000d6618000,0x00000000d6680000)
  to   space 2048K, 0% used [0x00000000d6180000,0x00000000d6180000,0x00000000d6380000)
 ParOldGen       total 68608K, used 66567K [0x0000000080000000, 0x0000000084300000, 0x00000000d5580000)
  object space 68608K, 97% used [0x0000000080000000,0x0000000084101dd0,0x0000000084300000)
 Metaspace       used 63018K, committed 64448K, reserved 1114112K
  class space    used 6538K, committed 7168K, reserved 1048576K
}
Event: 13.661 GC heap after
{Heap after GC invocations=54 (full 3):
 PSYoungGen      total 14336K, used 704K [0x00000000d5580000, 0x00000000d6500000, 0x0000000100000000)
  eden space 12288K, 0% used [0x00000000d5580000,0x00000000d5580000,0x00000000d6180000)
  from space 2048K, 34% used [0x00000000d6180000,0x00000000d6230000,0x00000000d6380000)
  to   space 1536K, 0% used [0x00000000d6380000,0x00000000d6380000,0x00000000d6500000)
 ParOldGen       total 68608K, used 67639K [0x0000000080000000, 0x0000000084300000, 0x00000000d5580000)
  object space 68608K, 98% used [0x0000000080000000,0x000000008420ddd0,0x0000000084300000)
 Metaspace       used 63018K, committed 64448K, reserved 1114112K
  class space    used 6538K, committed 7168K, reserved 1048576K
}
Event: 14.177 GC heap before
{Heap before GC invocations=55 (full 3):
 PSYoungGen      total 14336K, used 12991K [0x00000000d5580000, 0x00000000d6500000, 0x0000000100000000)
  eden space 12288K, 99% used [0x00000000d5580000,0x00000000d617fc80,0x00000000d6180000)
  from space 2048K, 34% used [0x00000000d6180000,0x00000000d6230000,0x00000000d6380000)
  to   space 1536K, 0% used [0x00000000d6380000,0x00000000d6380000,0x00000000d6500000)
 ParOldGen       total 68608K, used 67639K [0x0000000080000000, 0x0000000084300000, 0x00000000d5580000)
  object space 68608K, 98% used [0x0000000080000000,0x000000008420ddd0,0x0000000084300000)
 Metaspace       used 63754K, committed 65152K, reserved 1114112K
  class space    used 6609K, committed 7232K, reserved 1048576K
}
Event: 14.178 GC heap after
{Heap after GC invocations=55 (full 3):
 PSYoungGen      total 12800K, used 480K [0x00000000d5580000, 0x00000000d6400000, 0x0000000100000000)
  eden space 12288K, 0% used [0x00000000d5580000,0x00000000d5580000,0x00000000d6180000)
  from space 512K, 93% used [0x00000000d6380000,0x00000000d63f8000,0x00000000d6400000)
  to   space 1024K, 0% used [0x00000000d6200000,0x00000000d6200000,0x00000000d6300000)
 ParOldGen       total 68608K, used 68167K [0x0000000080000000, 0x0000000084300000, 0x00000000d5580000)
  object space 68608K, 99% used [0x0000000080000000,0x0000000084291dd0,0x0000000084300000)
 Metaspace       used 63754K, committed 65152K, reserved 1114112K
  class space    used 6609K, committed 7232K, reserved 1048576K
}
Event: 14.413 GC heap before
{Heap before GC invocations=56 (full 3):
 PSYoungGen      total 12800K, used 12767K [0x00000000d5580000, 0x00000000d6400000, 0x0000000100000000)
  eden space 12288K, 99% used [0x00000000d5580000,0x00000000d617ffc8,0x00000000d6180000)
  from space 512K, 93% used [0x00000000d6380000,0x00000000d63f8000,0x00000000d6400000)
  to   space 1024K, 0% used [0x00000000d6200000,0x00000000d6200000,0x00000000d6300000)
 ParOldGen       total 68608K, used 68167K [0x0000000080000000, 0x0000000084300000, 0x00000000d5580000)
  object space 68608K, 99% used [0x0000000080000000,0x0000000084291dd0,0x0000000084300000)
 Metaspace       used 64932K, committed 66496K, reserved 1114112K
  class space    used 6757K, committed 7488K, reserved 1048576K
}
Event: 14.414 GC heap after
{Heap after GC invocations=56 (full 3):
 PSYoungGen      total 13312K, used 504K [0x00000000d5580000, 0x00000000d6400000, 0x0000000100000000)
  eden space 12288K, 0% used [0x00000000d5580000,0x00000000d5580000,0x00000000d6180000)
  from space 1024K, 49% used [0x00000000d6200000,0x00000000d627e1c8,0x00000000d6300000)
  to   space 1024K, 0% used [0x00000000d6300000,0x00000000d6300000,0x00000000d6400000)
 ParOldGen       total 68608K, used 68485K [0x0000000080000000, 0x0000000084300000, 0x00000000d5580000)
  object space 68608K, 99% used [0x0000000080000000,0x00000000842e15a8,0x0000000084300000)
 Metaspace       used 64932K, committed 66496K, reserved 1114112K
  class space    used 6757K, committed 7488K, reserved 1048576K
}
Event: 14.646 GC heap before
{Heap before GC invocations=57 (full 3):
 PSYoungGen      total 13312K, used 12791K [0x00000000d5580000, 0x00000000d6400000, 0x0000000100000000)
  eden space 12288K, 99% used [0x00000000d5580000,0x00000000d617fda0,0x00000000d6180000)
  from space 1024K, 49% used [0x00000000d6200000,0x00000000d627e1c8,0x00000000d6300000)
  to   space 1024K, 0% used [0x00000000d6300000,0x00000000d6300000,0x00000000d6400000)
 ParOldGen       total 68608K, used 68485K [0x0000000080000000, 0x0000000084300000, 0x00000000d5580000)
  object space 68608K, 99% used [0x0000000080000000,0x00000000842e15a8,0x0000000084300000)
 Metaspace       used 65079K, committed 66688K, reserved 1114112K
  class space    used 6764K, committed 7488K, reserved 1048576K
}
Event: 14.648 GC heap after
{Heap after GC invocations=57 (full 3):
 PSYoungGen      total 13312K, used 881K [0x00000000d5580000, 0x00000000d6400000, 0x0000000100000000)
  eden space 12288K, 0% used [0x00000000d5580000,0x00000000d5580000,0x00000000d6180000)
  from space 1024K, 86% used [0x00000000d6300000,0x00000000d63dc680,0x00000000d6400000)
  to   space 1024K, 0% used [0x00000000d6200000,0x00000000d6200000,0x00000000d6300000)
 ParOldGen       total 69120K, used 68776K [0x0000000080000000, 0x0000000084380000, 0x00000000d5580000)
  object space 69120K, 99% used [0x0000000080000000,0x000000008432a038,0x0000000084380000)
 Metaspace       used 65079K, committed 66688K, reserved 1114112K
  class space    used 6764K, committed 7488K, reserved 1048576K
}
Event: 14.823 GC heap before
{Heap before GC invocations=58 (full 3):
 PSYoungGen      total 13312K, used 13158K [0x00000000d5580000, 0x00000000d6400000, 0x0000000100000000)
  eden space 12288K, 99% used [0x00000000d5580000,0x00000000d617d1c8,0x00000000d6180000)
  from space 1024K, 86% used [0x00000000d6300000,0x00000000d63dc680,0x00000000d6400000)
  to   space 1024K, 0% used [0x00000000d6200000,0x00000000d6200000,0x00000000d6300000)
 ParOldGen       total 69120K, used 68776K [0x0000000080000000, 0x0000000084380000, 0x00000000d5580000)
  object space 69120K, 99% used [0x0000000080000000,0x000000008432a038,0x0000000084380000)
 Metaspace       used 65451K, committed 67008K, reserved 1114112K
  class space    used 6800K, committed 7488K, reserved 1048576K
}
Event: 14.825 GC heap after
{Heap after GC invocations=58 (full 3):
 PSYoungGen      total 13312K, used 792K [0x00000000d5580000, 0x00000000d6380000, 0x0000000100000000)
  eden space 12288K, 0% used [0x00000000d5580000,0x00000000d5580000,0x00000000d6180000)
  from space 1024K, 77% used [0x00000000d6200000,0x00000000d62c61b8,0x00000000d6300000)
  to   space 512K, 0% used [0x00000000d6300000,0x00000000d6300000,0x00000000d6380000)
 ParOldGen       total 69632K, used 69194K [0x0000000080000000, 0x0000000084400000, 0x00000000d5580000)
  object space 69632K, 99% used [0x0000000080000000,0x0000000084392a90,0x0000000084400000)
 Metaspace       used 65451K, committed 67008K, reserved 1114112K
  class space    used 6800K, committed 7488K, reserved 1048576K
}
Event: 14.950 GC heap before
{Heap before GC invocations=59 (full 3):
 PSYoungGen      total 13312K, used 13080K [0x00000000d5580000, 0x00000000d6380000, 0x0000000100000000)
  eden space 12288K, 100% used [0x00000000d5580000,0x00000000d6180000,0x00000000d6180000)
  from space 1024K, 77% used [0x00000000d6200000,0x00000000d62c61b8,0x00000000d6300000)
  to   space 512K, 0% used [0x00000000d6300000,0x00000000d6300000,0x00000000d6380000)
 ParOldGen       total 69632K, used 69194K [0x0000000080000000, 0x0000000084400000, 0x00000000d5580000)
  object space 69632K, 99% used [0x0000000080000000,0x0000000084392a90,0x0000000084400000)
 Metaspace       used 65989K, committed 67584K, reserved 1114112K
  class space    used 6858K, committed 7552K, reserved 1048576K
}
Event: 14.958 GC heap after
{Heap after GC invocations=59 (full 3):
 PSYoungGen      total 6144K, used 512K [0x00000000d5580000, 0x00000000d7180000, 0x0000000100000000)
  eden space 5632K, 0% used [0x00000000d5580000,0x00000000d5580000,0x00000000d5b00000)
  from space 512K, 100% used [0x00000000d6300000,0x00000000d6380000,0x00000000d6380000)
  to   space 8192K, 0% used [0x00000000d5b00000,0x00000000d5b00000,0x00000000d6300000)
 ParOldGen       total 75776K, used 75634K [0x0000000080000000, 0x0000000084a00000, 0x00000000d5580000)
  object space 75776K, 99% used [0x0000000080000000,0x00000000849dca28,0x0000000084a00000)
 Metaspace       used 65989K, committed 67584K, reserved 1114112K
  class space    used 6858K, committed 7552K, reserved 1048576K
}

Dll operation events (10 events):
Event: 0.018 Loaded shared library c:\Users\jane\.vscode\extensions\redhat.java-1.52.0-win32-x64\jre\21.0.9-win32-x86_64\bin\java.dll
Event: 0.062 Loaded shared library c:\Users\jane\.vscode\extensions\redhat.java-1.52.0-win32-x64\jre\21.0.9-win32-x86_64\bin\zip.dll
Event: 0.167 Loaded shared library C:\Users\jane\.vscode\extensions\redhat.java-1.52.0-win32-x64\jre\21.0.9-win32-x86_64\bin\instrument.dll
Event: 0.173 Loaded shared library C:\Users\jane\.vscode\extensions\redhat.java-1.52.0-win32-x64\jre\21.0.9-win32-x86_64\bin\net.dll
Event: 0.176 Loaded shared library C:\Users\jane\.vscode\extensions\redhat.java-1.52.0-win32-x64\jre\21.0.9-win32-x86_64\bin\nio.dll
Event: 0.181 Loaded shared library C:\Users\jane\.vscode\extensions\redhat.java-1.52.0-win32-x64\jre\21.0.9-win32-x86_64\bin\zip.dll
Event: 0.201 Loaded shared library C:\Users\jane\.vscode\extensions\redhat.java-1.52.0-win32-x64\jre\21.0.9-win32-x86_64\bin\jimage.dll
Event: 0.336 Loaded shared library c:\Users\jane\.vscode\extensions\redhat.java-1.52.0-win32-x64\jre\21.0.9-win32-x86_64\bin\verify.dll
Event: 1.952 Loaded shared library C:\Users\jane\AppData\Roaming\Code\User\globalStorage\redhat.java\1.52.0\config_win\org.eclipse.equinox.launcher\org.eclipse.equinox.launcher.win32.win32.x86_64_1.2.1500.v20260121-1430\eclipse_11919.dll
Event: 3.880 Loaded shared library C:\Users\jane\AppData\Local\Temp\jna-3254574\jna16304830594360092732.dll

Deoptimization events (20 events):
Event: 14.939 Thread 0x0000020154f881c0 DEOPT PACKING pc=0x000002016e74fc80 sp=0x000000a308afd5a0
Event: 14.939 Thread 0x0000020154f881c0 DEOPT UNPACKING pc=0x000002016da93aa2 sp=0x000000a308afd4e8 mode 2
Event: 14.944 Thread 0x0000020145fd2010 Uncommon trap: trap_request=0xffffff45 fr.pc=0x000002016e74dd40 relative=0x0000000000000f00
Event: 14.944 Thread 0x0000020145fd2010 Uncommon trap: reason=unstable_if action=reinterpret pc=0x000002016e74dd40 method=org.eclipse.jdt.internal.core.JavaModelCache.getInfo(Lorg/eclipse/jdt/core/IJavaElement;)Lorg/eclipse/jdt/internal/compiler/env/IElementInfo; @ 6 c2
Event: 14.944 Thread 0x0000020145fd2010 DEOPT PACKING pc=0x000002016e74dd40 sp=0x000000a3044fec00
Event: 14.945 Thread 0x0000020145fd2010 DEOPT UNPACKING pc=0x000002016da93aa2 sp=0x000000a3044febc8 mode 2
Event: 14.947 Thread 0x0000020145fd2010 Uncommon trap: trap_request=0xffffff45 fr.pc=0x000002016e0e2484 relative=0x0000000000001104
Event: 14.947 Thread 0x0000020145fd2010 Uncommon trap: reason=unstable_if action=reinterpret pc=0x000002016e0e2484 method=org.eclipse.jdt.internal.core.util.Util.splitOn(CLjava/lang/String;II)[Ljava/lang/String; @ 16 c2
Event: 14.947 Thread 0x0000020145fd2010 DEOPT PACKING pc=0x000002016e0e2484 sp=0x000000a3044fec40
Event: 14.947 Thread 0x0000020145fd2010 DEOPT UNPACKING pc=0x000002016da93aa2 sp=0x000000a3044fec30 mode 2
Event: 14.949 Thread 0x0000020154f881c0 Uncommon trap: trap_request=0xffffffbe fr.pc=0x000002016e74fc80 relative=0x0000000000001140
Event: 14.949 Thread 0x0000020154f881c0 Uncommon trap: reason=profile_predicate action=maybe_recompile pc=0x000002016e74fc80 method=java.net.URI$Parser.scan(IILjava/lang/String;)I @ 6 c2
Event: 14.949 Thread 0x0000020154f881c0 DEOPT PACKING pc=0x000002016e74fc80 sp=0x000000a308afd5a0
Event: 14.949 Thread 0x0000020154f881c0 DEOPT UNPACKING pc=0x000002016da93aa2 sp=0x000000a308afd4e8 mode 2
Event: 14.984 Thread 0x0000020154f881c0 DEOPT PACKING pc=0x0000020166c580fb sp=0x000000a308afd770
Event: 14.984 Thread 0x0000020154f881c0 DEOPT UNPACKING pc=0x000002016da94242 sp=0x000000a308afcbe0 mode 0
Event: 15.006 Thread 0x0000020154f881c0 DEOPT PACKING pc=0x0000020167fdfabb sp=0x000000a308afd5a0
Event: 15.006 Thread 0x0000020154f881c0 DEOPT UNPACKING pc=0x000002016da94242 sp=0x000000a308afcad8 mode 0
Event: 15.031 Thread 0x0000020154f881c0 DEOPT PACKING pc=0x0000020167ce95b9 sp=0x000000a308afd900
Event: 15.031 Thread 0x0000020154f881c0 DEOPT UNPACKING pc=0x000002016da94242 sp=0x000000a308afce00 mode 0

Classes loaded (20 events):
Event: 14.217 Loading class java/util/Collections$SynchronizedList done
Event: 14.217 Loading class java/util/Collections$SynchronizedRandomAccessList done
Event: 14.248 Loading class java/util/concurrent/CompletableFuture$Signaller
Event: 14.248 Loading class java/util/concurrent/CompletableFuture$Signaller done
Event: 14.392 Loading class java/nio/charset/CharacterCodingException
Event: 14.392 Loading class java/nio/charset/CharacterCodingException done
Event: 14.392 Loading class java/io/SequenceInputStream
Event: 14.392 Loading class java/io/SequenceInputStream done
Event: 14.780 Loading class java/util/concurrent/CompletableFuture$UniApply
Event: 14.781 Loading class java/util/concurrent/CompletableFuture$UniCompletion
Event: 14.781 Loading class java/util/concurrent/CompletableFuture$UniCompletion done
Event: 14.781 Loading class java/util/concurrent/CompletableFuture$UniApply done
Event: 14.781 Loading class java/util/concurrent/CompletableFuture$UniAccept
Event: 14.781 Loading class java/util/concurrent/CompletableFuture$UniAccept done
Event: 14.781 Loading class java/util/concurrent/CompletableFuture$UniExceptionally
Event: 14.782 Loading class java/util/concurrent/CompletableFuture$UniExceptionally done
Event: 14.839 Loading class java/util/Hashtable$KeySet
Event: 14.839 Loading class java/util/Hashtable$KeySet done
Event: 15.017 Loading class java/lang/invoke/MethodHandleImpl$CountingWrapper$1
Event: 15.017 Loading class java/lang/invoke/MethodHandleImpl$CountingWrapper$1 done

Classes unloaded (14 events):
Event: 4.734 Thread 0x00000201633b2ad0 Unloading class 0x00000201011a4400 'java/lang/invoke/LambdaForm$MH+0x00000201011a4400'
Event: 4.734 Thread 0x00000201633b2ad0 Unloading class 0x00000201011a4000 'java/lang/invoke/LambdaForm$MH+0x00000201011a4000'
Event: 4.734 Thread 0x00000201633b2ad0 Unloading class 0x00000201011a3c00 'java/lang/invoke/LambdaForm$MH+0x00000201011a3c00'
Event: 4.734 Thread 0x00000201633b2ad0 Unloading class 0x00000201011a3800 'java/lang/invoke/LambdaForm$MH+0x00000201011a3800'
Event: 4.734 Thread 0x00000201633b2ad0 Unloading class 0x00000201011a3400 'java/lang/invoke/LambdaForm$BMH+0x00000201011a3400'
Event: 4.734 Thread 0x00000201633b2ad0 Unloading class 0x00000201011a3000 'java/lang/invoke/LambdaForm$DMH+0x00000201011a3000'
Event: 4.734 Thread 0x00000201633b2ad0 Unloading class 0x00000201011a2000 'java/lang/invoke/LambdaForm$DMH+0x00000201011a2000'
Event: 10.522 Thread 0x00000201633b2ad0 Unloading class 0x0000020101660c00 'java/lang/invoke/LambdaForm$MH+0x0000020101660c00'
Event: 10.522 Thread 0x00000201633b2ad0 Unloading class 0x0000020101658c00 'java/lang/invoke/LambdaForm$MH+0x0000020101658c00'
Event: 10.522 Thread 0x00000201633b2ad0 Unloading class 0x0000020101658800 'java/lang/invoke/LambdaForm$MH+0x0000020101658800'
Event: 10.522 Thread 0x00000201633b2ad0 Unloading class 0x0000020101628400 'java/lang/invoke/LambdaForm$MH+0x0000020101628400'
Event: 10.522 Thread 0x00000201633b2ad0 Unloading class 0x0000020101628000 'java/lang/invoke/LambdaForm$MH+0x0000020101628000'
Event: 10.522 Thread 0x00000201633b2ad0 Unloading class 0x0000020101620400 'java/lang/invoke/LambdaForm$MH+0x0000020101620400'
Event: 10.522 Thread 0x00000201633b2ad0 Unloading class 0x0000020101556000 'java/lang/invoke/LambdaForm$MH+0x0000020101556000'

Classes redefined (0 events):
No events

Internal exceptions (20 events):
Event: 14.880 Thread 0x0000020154f881c0 Exception <a 'sun/nio/fs/WindowsException'{0x00000000d5db6e90}> (0x00000000d5db6e90) 
thrown [s\src\hotspot\share\prims\jni.cpp, line 520]
Event: 14.880 Thread 0x0000020154f881c0 Exception <a 'sun/nio/fs/WindowsException'{0x00000000d5db7700}> (0x00000000d5db7700) 
thrown [s\src\hotspot\share\prims\jni.cpp, line 520]
Event: 14.892 Thread 0x0000020154f881c0 Exception <a 'sun/nio/fs/WindowsException'{0x00000000d5e476a8}> (0x00000000d5e476a8) 
thrown [s\src\hotspot\share\prims\jni.cpp, line 520]
Event: 14.892 Thread 0x0000020154f881c0 Exception <a 'sun/nio/fs/WindowsException'{0x00000000d5e47f18}> (0x00000000d5e47f18) 
thrown [s\src\hotspot\share\prims\jni.cpp, line 520]
Event: 14.912 Thread 0x0000020145fd2010 Exception <a 'sun/nio/fs/WindowsException'{0x00000000d5a6a9e8}> (0x00000000d5a6a9e8) 
thrown [s\src\hotspot\share\prims\jni.cpp, line 520]
Event: 14.912 Thread 0x0000020145fd2010 Exception <a 'sun/nio/fs/WindowsException'{0x00000000d5a6afa8}> (0x00000000d5a6afa8) 
thrown [s\src\hotspot\share\prims\jni.cpp, line 520]
Event: 14.912 Thread 0x0000020145fd2010 Exception <a 'sun/nio/fs/WindowsException'{0x00000000d5a6bb98}> (0x00000000d5a6bb98) 
thrown [s\src\hotspot\share\prims\jni.cpp, line 520]
Event: 14.912 Thread 0x0000020145fd2010 Exception <a 'sun/nio/fs/WindowsException'{0x00000000d5ed6cb0}> (0x00000000d5ed6cb0) 
thrown [s\src\hotspot\share\prims\jni.cpp, line 520]
Event: 14.913 Thread 0x0000020145fd2010 Exception <a 'sun/nio/fs/WindowsException'{0x00000000d5ed8350}> (0x00000000d5ed8350) 
thrown [s\src\hotspot\share\prims\jni.cpp, line 520]
Event: 14.913 Thread 0x0000020145fd2010 Exception <a 'sun/nio/fs/WindowsException'{0x00000000d5ed8910}> (0x00000000d5ed8910) 
thrown [s\src\hotspot\share\prims\jni.cpp, line 520]
Event: 14.919 Thread 0x0000020145fd2010 Exception <a 'sun/nio/fs/WindowsException'{0x00000000d5ef6298}> (0x00000000d5ef6298) 
thrown [s\src\hotspot\share\prims\jni.cpp, line 520]
Event: 14.919 Thread 0x0000020145fd2010 Exception <a 'sun/nio/fs/WindowsException'{0x00000000d5ef6858}> (0x00000000d5ef6858) 
thrown [s\src\hotspot\share\prims\jni.cpp, line 520]
Event: 14.926 Thread 0x0000020154f881c0 Exception <a 'sun/nio/fs/WindowsException'{0x00000000d5fb4fe0}> (0x00000000d5fb4fe0) 
thrown [s\src\hotspot\share\prims\jni.cpp, line 520]
Event: 14.926 Thread 0x0000020154f881c0 Exception <a 'sun/nio/fs/WindowsException'{0x00000000d5fb5850}> (0x00000000d5fb5850) 
thrown [s\src\hotspot\share\prims\jni.cpp, line 520]
Event: 14.927 Thread 0x0000020154f881c0 Exception <a 'sun/nio/fs/WindowsException'{0x00000000d5fb66f0}> (0x00000000d5fb66f0) 
thrown [s\src\hotspot\share\prims\jni.cpp, line 520]
Event: 14.927 Thread 0x0000020154f881c0 Exception <a 'sun/nio/fs/WindowsException'{0x00000000d5fb6f60}> (0x00000000d5fb6f60) 
thrown [s\src\hotspot\share\prims\jni.cpp, line 520]
Event: 14.927 Thread 0x0000020154f881c0 Exception <a 'sun/nio/fs/WindowsException'{0x00000000d5fb8890}> (0x00000000d5fb8890) 
thrown [s\src\hotspot\share\prims\jni.cpp, line 520]
Event: 14.927 Thread 0x0000020154f881c0 Exception <a 'sun/nio/fs/WindowsException'{0x00000000d5fb9100}> (0x00000000d5fb9100) 
thrown [s\src\hotspot\share\prims\jni.cpp, line 520]
Event: 14.931 Thread 0x0000020154f881c0 Exception <a 'sun/nio/fs/WindowsException'{0x00000000d5ff99c8}> (0x00000000d5ff99c8) 
thrown [s\src\hotspot\share\prims\jni.cpp, line 520]
Event: 14.931 Thread 0x0000020154f881c0 Exception <a 'sun/nio/fs/WindowsException'{0x00000000d5ffa238}> (0x00000000d5ffa238) 
thrown [s\src\hotspot\share\prims\jni.cpp, line 520]

ZGC Phase Switch (0 events):
No events

VM Operations (20 events):
Event: 14.209 Executing VM operation: HandshakeAllThreads (Deoptimize)
Event: 14.210 Executing VM operation: HandshakeAllThreads (Deoptimize) done
Event: 14.213 Executing VM operation: HandshakeAllThreads (Deoptimize)
Event: 14.213 Executing VM operation: HandshakeAllThreads (Deoptimize) done
Event: 14.233 Executing VM operation: HandshakeAllThreads (Deoptimize)
Event: 14.233 Executing VM operation: HandshakeAllThreads (Deoptimize) done
Event: 14.239 Executing VM operation: HandshakeAllThreads (Deoptimize)
Event: 14.239 Executing VM operation: HandshakeAllThreads (Deoptimize) done
Event: 14.413 Executing VM operation: ParallelGCFailedAllocation (Allocation Failure)
Event: 14.414 Executing VM operation: ParallelGCFailedAllocation (Allocation Failure) done
Event: 14.646 Executing VM operation: ParallelGCFailedAllocation (Allocation Failure)
Event: 14.648 Executing VM operation: ParallelGCFailedAllocation (Allocation Failure) done
Event: 14.821 Executing VM operation: ParallelGCFailedAllocation (Allocation Failure)
Event: 14.825 Executing VM operation: ParallelGCFailedAllocation (Allocation Failure) done
Event: 14.918 Executing VM operation: HandshakeAllThreads (Deoptimize)
Event: 14.918 Executing VM operation: HandshakeAllThreads (Deoptimize) done
Event: 14.941 Executing VM operation: HandshakeAllThreads (Deoptimize)
Event: 14.941 Executing VM operation: HandshakeAllThreads (Deoptimize) done
Event: 14.950 Executing VM operation: ParallelGCFailedAllocation (Allocation Failure)
Event: 14.958 Executing VM operation: ParallelGCFailedAllocation (Allocation Failure) done

Memory protections (0 events):
No events

Nmethod flushes (20 events):
Event: 10.550 Thread 0x00000201633b2ad0 flushing  nmethod 0x0000020166e3db90
Event: 10.550 Thread 0x00000201633b2ad0 flushing  nmethod 0x0000020166e42610
Event: 10.550 Thread 0x00000201633b2ad0 flushing  nmethod 0x0000020166e49790
Event: 10.550 Thread 0x00000201633b2ad0 flushing  nmethod 0x0000020166eb3110
Event: 10.550 Thread 0x00000201633b2ad0 flushing  nmethod 0x0000020166eb9010
Event: 10.550 Thread 0x00000201633b2ad0 flushing  nmethod 0x0000020166ecc010
Event: 10.550 Thread 0x00000201633b2ad0 flushing  nmethod 0x0000020166ece590
Event: 10.550 Thread 0x00000201633b2ad0 flushing  nmethod 0x0000020166edac10
Event: 10.550 Thread 0x00000201633b2ad0 flushing  nmethod 0x0000020166edc510
Event: 10.550 Thread 0x00000201633b2ad0 flushing  nmethod 0x0000020166ef6e90
Event: 10.550 Thread 0x00000201633b2ad0 flushing  nmethod 0x0000020166efe790
Event: 10.550 Thread 0x00000201633b2ad0 flushing  nmethod 0x0000020166effb90
Event: 10.550 Thread 0x00000201633b2ad0 flushing  nmethod 0x0000020166f03090
Event: 10.550 Thread 0x00000201633b2ad0 flushing  nmethod 0x0000020166f0d910
Event: 10.550 Thread 0x00000201633b2ad0 flushing osr nmethod 0x0000020166f13f10
Event: 10.550 Thread 0x00000201633b2ad0 flushing  nmethod 0x0000020166f4d910
Event: 10.550 Thread 0x00000201633b2ad0 flushing  nmethod 0x0000020166f4e010
Event: 10.550 Thread 0x00000201633b2ad0 flushing  nmethod 0x0000020166f58e90
Event: 10.550 Thread 0x00000201633b2ad0 flushing  nmethod 0x0000020166fa3290
Event: 10.550 Thread 0x00000201633b2ad0 flushing  nmethod 0x0000020166fa8590

Events (20 events):
Event: 13.499 Thread 0x00000201475530e0 Thread added: 0x0000020154f860f0
Event: 13.499 Thread 0x00000201475530e0 Thread added: 0x0000020154f846b0
Event: 13.500 Thread 0x00000201475530e0 Thread added: 0x0000020154f86780
Event: 13.500 Thread 0x00000201475530e0 Thread added: 0x0000020154f85a60
Event: 13.500 Thread 0x00000201475530e0 Thread added: 0x0000020154f853d0
Event: 13.614 Thread 0x0000020154f86780 Thread exited: 0x0000020154f86780
Event: 13.614 Thread 0x0000020154f85a60 Thread exited: 0x0000020154f85a60
Event: 13.614 Thread 0x0000020154f853d0 Thread exited: 0x0000020154f853d0
Event: 13.614 Thread 0x0000020154f860f0 Thread exited: 0x0000020154f860f0
Event: 13.614 Thread 0x0000020154f846b0 Thread exited: 0x0000020154f846b0
Event: 14.789 Thread 0x00000201484a3d90 Thread added: 0x0000020154f846b0
Event: 14.796 Thread 0x00000201484a3d90 Thread added: 0x0000020154f84d40
Event: 14.813 Thread 0x00000201484a3d90 Thread added: 0x0000020154f853d0
Event: 14.815 Thread 0x0000020154f853d0 Thread added: 0x0000020154f85a60
Event: 14.818 Thread 0x0000020145d35080 Thread added: 0x0000020154f860f0
Event: 14.819 Thread 0x0000020154f85a60 Thread added: 0x0000020154f83300
Event: 14.825 Thread 0x0000020154f83300 Thread added: 0x0000020154f88850
Event: 14.830 Thread 0x0000020154f88850 Thread added: 0x0000020154f874a0
Event: 14.832 Thread 0x0000020154f874a0 Thread added: 0x0000020154f88ee0
Event: 14.835 Thread 0x0000020154f88ee0 Thread added: 0x0000020154f881c0


Dynamic libraries:
0x00007ff705260000 - 0x00007ff70526e000 	c:\Users\jane\.vscode\extensions\redhat.java-1.52.0-win32-x64\jre\21.0.9-win32-x86_64\bin\java.exe
0x00007ff98c7c0000 - 0x00007ff98ca27000 	C:\WINDOWS\SYSTEM32\ntdll.dll
0x00007ff98b6a0000 - 0x00007ff98b769000 	C:\WINDOWS\System32\KERNEL32.DLL
0x00007ff989c70000 - 0x00007ff98a05f000 	C:\WINDOWS\System32\KERNELBASE.dll
0x00007ff989a70000 - 0x00007ff989bbb000 	C:\WINDOWS\System32\ucrtbase.dll
0x00007ff8eab10000 - 0x00007ff8eab28000 	c:\Users\jane\.vscode\extensions\redhat.java-1.52.0-win32-x64\jre\21.0.9-win32-x86_64\bin\jli.dll
0x00007ff98b3f0000 - 0x00007ff98b5b5000 	C:\WINDOWS\System32\USER32.dll
0x00007ff989910000 - 0x00007ff989937000 	C:\WINDOWS\System32\win32u.dll
0x00007ff98b1a0000 - 0x00007ff98b1cb000 	C:\WINDOWS\System32\GDI32.dll
0x00007ff989940000 - 0x00007ff989a6c000 	C:\WINDOWS\System32\gdi32full.dll
0x00007ff98a4b0000 - 0x00007ff98a553000 	C:\WINDOWS\System32\msvcp_win.dll
0x00007ff8eab30000 - 0x00007ff8eab4e000 	c:\Users\jane\.vscode\extensions\redhat.java-1.52.0-win32-x64\jre\21.0.9-win32-x86_64\bin\VCRUNTIME140.dll
0x00007ff976960000 - 0x00007ff976bf3000 	C:\WINDOWS\WinSxS\amd64_microsoft.windows.common-controls_6595b64144ccf1df_6.0.26100.7309_none_3e05feeae336a044\COMCTL32.dll
0x00007ff98a880000 - 0x00007ff98a929000 	C:\WINDOWS\System32\msvcrt.dll
0x00007ff98a7b0000 - 0x00007ff98a7e1000 	C:\WINDOWS\System32\IMM32.DLL
0x00007ff8eb580000 - 0x00007ff8eb58c000 	c:\Users\jane\.vscode\extensions\redhat.java-1.52.0-win32-x64\jre\21.0.9-win32-x86_64\bin\vcruntime140_1.dll
0x00007ff8eaa80000 - 0x00007ff8eab0d000 	c:\Users\jane\.vscode\extensions\redhat.java-1.52.0-win32-x64\jre\21.0.9-win32-x86_64\bin\msvcp140.dll
0x00007ff8e9b30000 - 0x00007ff8ea8d0000 	c:\Users\jane\.vscode\extensions\redhat.java-1.52.0-win32-x64\jre\21.0.9-win32-x86_64\bin\server\jvm.dll
0x00007ff98c6a0000 - 0x00007ff98c754000 	C:\WINDOWS\System32\ADVAPI32.dll
0x00007ff98a680000 - 0x00007ff98a726000 	C:\WINDOWS\System32\sechost.dll
0x00007ff98a560000 - 0x00007ff98a678000 	C:\WINDOWS\System32\RPCRT4.dll
0x00007ff98b120000 - 0x00007ff98b194000 	C:\WINDOWS\System32\WS2_32.dll
0x00007ff989730000 - 0x00007ff98978e000 	C:\WINDOWS\SYSTEM32\POWRPROF.dll
0x00007ff981a60000 - 0x00007ff981a95000 	C:\WINDOWS\SYSTEM32\WINMM.dll
0x00007ff981ef0000 - 0x00007ff981efb000 	C:\WINDOWS\SYSTEM32\VERSION.dll
0x00007ff989710000 - 0x00007ff989724000 	C:\WINDOWS\SYSTEM32\UMPDC.dll
0x00007ff988660000 - 0x00007ff98867b000 	C:\WINDOWS\SYSTEM32\kernel.appcore.dll
0x00007ff8eaa70000 - 0x00007ff8eaa7a000 	c:\Users\jane\.vscode\extensions\redhat.java-1.52.0-win32-x64\jre\21.0.9-win32-x86_64\bin\jimage.dll
0x00007ff986f00000 - 0x00007ff987142000 	C:\WINDOWS\SYSTEM32\DBGHELP.DLL
0x00007ff98b880000 - 0x00007ff98bc06000 	C:\WINDOWS\System32\combase.dll
0x00007ff98b5c0000 - 0x00007ff98b696000 	C:\WINDOWS\System32\OLEAUT32.dll
0x00007ff972400000 - 0x00007ff97243c000 	C:\WINDOWS\SYSTEM32\dbgcore.DLL
0x00007ff989bc0000 - 0x00007ff989c65000 	C:\WINDOWS\System32\bcryptPrimitives.dll
0x00007ff8eaa60000 - 0x00007ff8eaa6f000 	c:\Users\jane\.vscode\extensions\redhat.java-1.52.0-win32-x64\jre\21.0.9-win32-x86_64\bin\instrument.dll
0x00007ff8eaa40000 - 0x00007ff8eaa60000 	c:\Users\jane\.vscode\extensions\redhat.java-1.52.0-win32-x64\jre\21.0.9-win32-x86_64\bin\java.dll
0x00007ff98a9c0000 - 0x00007ff98b113000 	C:\WINDOWS\System32\SHELL32.dll
0x00007ff98a340000 - 0x00007ff98a4aa000 	C:\WINDOWS\System32\wintypes.dll
0x00007ff987490000 - 0x00007ff987cee000 	C:\WINDOWS\SYSTEM32\windows.storage.dll
0x00007ff98c3a0000 - 0x00007ff98c495000 	C:\WINDOWS\System32\SHCORE.dll
0x00007ff98a730000 - 0x00007ff98a796000 	C:\WINDOWS\System32\shlwapi.dll
0x00007ff9897f0000 - 0x00007ff989819000 	C:\WINDOWS\SYSTEM32\profapi.dll
0x00007ff8eaa20000 - 0x00007ff8eaa38000 	c:\Users\jane\.vscode\extensions\redhat.java-1.52.0-win32-x64\jre\21.0.9-win32-x86_64\bin\zip.dll
0x00007ff8ea8f0000 - 0x00007ff8ea900000 	C:\Users\jane\.vscode\extensions\redhat.java-1.52.0-win32-x64\jre\21.0.9-win32-x86_64\bin\net.dll
0x00007ff97ee60000 - 0x00007ff97ef88000 	C:\WINDOWS\SYSTEM32\WINHTTP.dll
0x00007ff988bf0000 - 0x00007ff988c5b000 	C:\WINDOWS\system32\mswsock.dll
0x00007ff8eaa00000 - 0x00007ff8eaa16000 	C:\Users\jane\.vscode\extensions\redhat.java-1.52.0-win32-x64\jre\21.0.9-win32-x86_64\bin\nio.dll
0x00007ff8ea9f0000 - 0x00007ff8eaa00000 	c:\Users\jane\.vscode\extensions\redhat.java-1.52.0-win32-x64\jre\21.0.9-win32-x86_64\bin\verify.dll
0x00007ff94c510000 - 0x00007ff94c555000 	C:\Users\jane\AppData\Roaming\Code\User\globalStorage\redhat.java\1.52.0\config_win\org.eclipse.equinox.launcher\org.eclipse.equinox.launcher.win32.win32.x86_64_1.2.1500.v20260121-1430\eclipse_11919.dll
0x00007ff98b250000 - 0x00007ff98b3e7000 	C:\WINDOWS\System32\ole32.dll
0x00007ff988eb0000 - 0x00007ff988ecb000 	C:\WINDOWS\SYSTEM32\CRYPTSP.dll
0x00007ff9885c0000 - 0x00007ff9885fa000 	C:\WINDOWS\system32\rsaenh.dll
0x00007ff988ca0000 - 0x00007ff988ccb000 	C:\WINDOWS\SYSTEM32\USERENV.dll
0x00007ff9897c0000 - 0x00007ff9897ea000 	C:\WINDOWS\SYSTEM32\bcrypt.dll
0x00007ff988ed0000 - 0x00007ff988edc000 	C:\WINDOWS\SYSTEM32\CRYPTBASE.dll
0x00007ff988090000 - 0x00007ff9880c4000 	C:\WINDOWS\SYSTEM32\IPHLPAPI.DLL
0x00007ff98b770000 - 0x00007ff98b77a000 	C:\WINDOWS\System32\NSI.dll
0x00007ff96ce50000 - 0x00007ff96ce99000 	C:\Users\jane\AppData\Local\Temp\jna-3254574\jna16304830594360092732.dll
0x00007ff98c4a0000 - 0x00007ff98c4a8000 	C:\WINDOWS\System32\PSAPI.DLL
0x00007ff982850000 - 0x00007ff98286e000 	C:\WINDOWS\SYSTEM32\dhcpcsvc6.DLL
0x00007ff9823f0000 - 0x00007ff982413000 	C:\WINDOWS\SYSTEM32\dhcpcsvc.DLL

JVMTI agents:
c:\Users\jane\.vscode\extensions\redhat.java-1.52.0-win32-x64\lombok\lombok-1.18.39-4050.jar path:c:\Users\jane\.vscode\extensions\redhat.java-1.52.0-win32-x64\jre\21.0.9-win32-x86_64\bin\instrument.dll, loaded, initialized, instrumentlib options:none

dbghelp: loaded successfully - version: 4.0.5 - missing functions: none
symbol engine: initialized successfully - sym options: 0x614 - pdb path: .;c:\Users\jane\.vscode\extensions\redhat.java-1.52.0-win32-x64\jre\21.0.9-win32-x86_64\bin;C:\WINDOWS\SYSTEM32;C:\WINDOWS\WinSxS\amd64_microsoft.windows.common-controls_6595b64144ccf1df_6.0.26100.7309_none_3e05feeae336a044;c:\Users\jane\.vscode\extensions\redhat.java-1.52.0-win32-x64\jre\21.0.9-win32-x86_64\bin\server;C:\Users\jane\AppData\Roaming\Code\User\globalStorage\redhat.java\1.52.0\config_win\org.eclipse.equinox.launcher\org.eclipse.equinox.launcher.win32.win32.x86_64_1.2.1500.v20260121-1430;C:\Users\jane\AppData\Local\Temp\jna-3254574

VM Arguments:
jvm_args: --add-modules=ALL-SYSTEM --add-opens=java.base/java.util=ALL-UNNAMED --add-opens=java.base/java.lang=ALL-UNNAMED --add-opens=java.base/sun.nio.fs=ALL-UNNAMED -Declipse.application=org.eclipse.jdt.ls.core.id1 -Dosgi.bundles.defaultStartLevel=4 -Declipse.product=org.eclipse.jdt.ls.core.product -Djava.import.generatesMetadataFilesAtProjectRoot=false -DDetectVMInstallationsJob.disabled=true -Dfile.encoding=utf8 -XX:+UseParallelGC -XX:GCTimeRatio=4 -XX:AdaptiveSizePolicyWeight=90 -Dsun.zip.disableMemoryMapping=true -Xmx2G -Xms100m -Xlog:disable -javaagent:c:\Users\jane\.vscode\extensions\redhat.java-1.52.0-win32-x64\lombok\lombok-1.18.39-4050.jar -XX:+HeapDumpOnOutOfMemoryError -XX:HeapDumpPath=c:\Users\jane\AppData\Roaming\Code\User\workspaceStorage\ae4f4d08618131b1e596844c1662fb19\redhat.java -Daether.dependencyCollector.impl=bf 
java_command: c:\Users\jane\.vscode\extensions\redhat.java-1.52.0-win32-x64\server\plugins\org.eclipse.equinox.launcher_1.7.100.v20251111-0406.jar -configuration c:\Users\jane\AppData\Roaming\Code\User\globalStorage\redhat.java\1.52.0\config_win -data c:\Users\jane\AppData\Roaming\Code\User\workspaceStorage\ae4f4d08618131b1e596844c1662fb19\redhat.java\jdt_ws --pipe=\\.\pipe\lsp-a1b4a7fee9adb1019273b6aeb14baa6a-sock
java_class_path (initial): c:\Users\jane\.vscode\extensions\redhat.java-1.52.0-win32-x64\server\plugins\org.eclipse.equinox.launcher_1.7.100.v20251111-0406.jar
Launcher Type: SUN_STANDARD

[Global flags]
    uintx AdaptiveSizePolicyWeight                 = 90                                        {product} {command line}
     intx CICompilerCount                          = 4                                         {product} {ergonomic}
    uintx GCTimeRatio                              = 4                                         {product} {command line}
     bool HeapDumpOnOutOfMemoryError               = true                                   {manageable} {command line}
    ccstr HeapDumpPath                             = c:\Users\jane\AppData\Roaming\Code\User\workspaceStorage\ae4f4d08618131b1e596844c1662fb19\redhat.java         {manageable} {command line}
   size_t InitialHeapSize                          = 104857600                                 {product} {command line}
   size_t MaxHeapSize                              = 2147483648                                {product} {command line}
   size_t MaxNewSize                               = 715653120                                 {product} {ergonomic}
   size_t MinHeapDeltaBytes                        = 524288                                    {product} {ergonomic}
   size_t MinHeapSize                              = 104857600                                 {product} {command line}
   size_t NewSize                                  = 34603008                                  {product} {ergonomic}
    uintx NonNMethodCodeHeapSize                   = 5839372                                {pd product} {ergonomic}
    uintx NonProfiledCodeHeapSize                  = 122909434                              {pd product} {ergonomic}
   size_t OldSize                                  = 70254592                                  {product} {ergonomic}
    uintx ProfiledCodeHeapSize                     = 122909434                              {pd product} {ergonomic}
    uintx ReservedCodeCacheSize                    = 251658240                              {pd product} {ergonomic}
     bool SegmentedCodeCache                       = true                                      {product} {ergonomic}
   size_t SoftMaxHeapSize                          = 2147483648                             {manageable} {ergonomic}
     bool UseCompressedOops                        = true                           {product lp64_product} {ergonomic}
     bool UseLargePagesIndividualAllocation        = false                                  {pd product} {ergonomic}
     bool UseParallelGC                            = true                                      {product} {command line}

Logging:
Log output configuration:
 #0: stdout all=off uptime,level,tags foldmultilines=false
 #1: stderr all=off uptime,level,tags foldmultilines=false

Release file:
JAVA_VERSION="21.0.9" 
MODULES="java.base java.compiler java.datatransfer java.xml java.prefs java.desktop java.instrument java.logging java.management java.security.sasl java.naming java.rmi java.management.rmi java.net.http java.scripting java.security.jgss java.transaction.xa java.sql java.sql.rowset java.xml.crypto java.se java.smartcardio jdk.accessibility jdk.internal.jvmstat jdk.attach jdk.charsets jdk.internal.opt jdk.zipfs jdk.compiler jdk.crypto.ec jdk.crypto.cryptoki jdk.crypto.mscapi jdk.dynalink jdk.internal.ed jdk.editpad jdk.hotspot.agent jdk.httpserver jdk.internal.le jdk.internal.vm.ci jdk.internal.vm.compiler jdk.internal.vm.compiler.management jdk.jartool jdk.javadoc jdk.jcmd jdk.management jdk.management.agent jdk.jconsole jdk.jdeps jdk.jdwp.agent jdk.jdi jdk.jfr jdk.jshell jdk.jsobject jdk.jstatd jdk.localedata jdk.management.jfr jdk.naming.dns jdk.naming.rmi jdk.net jdk.nio.mapmode jdk.random jdk.sctp jdk.security.auth jdk.security.jgss jdk.unsupported jdk.unsupported.desktop jdk.xml.dom" 

Environment Variables:
JAVA_HOME=D:\develop\Javatwo\jdk-11
PATH=C:\WINDOWS\system32;C:\WINDOWS;C:\WINDOWS\System32\Wbem;C:\WINDOWS\System32\WindowsPowerShell\v1.0\;C:\WINDOWS\System32\OpenSSH\;C:\Program Files\WireGuard\;C:\Program Files\Cloudflare\Cloudflare WARP\;D:\develop\apache-maven-3.9.4\bin;D:\develop\mysql-8.0.34-winx64\bin;C:\Program Files\Git\cmd;D:\develop\cursor\resources\app\bin;D:\develop\nodejs\;D:\develop\nodejs\node_global\node_modules;D:\qt6\Tools\mingw1310_64\bin;D:\qt6\Tools\CMake_64\bin;D:\qt6\6.9.3\mingw_64\bin;D:\vcpkg;D:\develop\Javatwo\jdk-11\bin;C:\Program Files (x86)\Common Files\Oracle\Java\javapath;C:\Program Files\Common Files\Oracle\Java\javapath;D:\AndroidStudioSDK\platform-tools;D:\AndroidStudioSDK\build-tools\36.1.0;D:\develop\gradle-7.6.6\bin;C:\Users\jane\.cargo\bin;D:\anaconda3;D:\anaconda3\Library\mingw-w64\bin;D:\anaconda3\Library\usr\bin;D:\anaconda3\Library\bin;D:\anaconda3\Scripts;C:\Users\jane\AppData\Local\Programs\Python\Python39-32\Scripts\;C:\Users\jane\AppData\Local\Programs\Python\Python39-32\;C:\Users\jane\AppData\Local\Microsoft\WindowsApps;C:\Users\jane\AppData\Local\Programs\Microsoft VS Code\bin;D:\develop\IntelliJIDEA2024.2.2\bin;;D:\develop\DataGrip 2024.1.1\bin;;D:\develop\CodeBuddy CN\bin;C:\Users\jane\AppData\Roaming\npm;D:\developoverseas\Qoder\bin;D:\developoverseas\Antigravity\bin
USERNAME=jane
OS=Windows_NT
PROCESSOR_IDENTIFIER=AMD64 Family 25 Model 68 Stepping 1, AuthenticAMD
TMP=C:\Users\jane\AppData\Local\Temp
TEMP=C:\Users\jane\AppData\Local\Temp




Periodic native trim disabled

---------------  S Y S T E M  ---------------

OS:
 Windows 11 , 64 bit Build 26100 (10.0.26100.7623)
OS uptime: 0 days 1:14 hours
Hyper-V role detected

CPU: total 12 (initial active 12) (12 cores per cpu, 2 threads per core) family 25 model 68 stepping 1 microcode 0xa404101, cx8, cmov, fxsr, ht, mmx, 3dnowpref, sse, sse2, sse3, ssse3, sse4a, sse4.1, sse4.2, popcnt, lzcnt, tsc, tscinvbit, avx, avx2, aes, clmul, bmi1, bmi2, adx, sha, fma, vzeroupper, clflush, clflushopt, hv, rdtscp, rdpid, f16c, cet_ss
Processor Information for the first 12 processors :
  Max Mhz: 3301, Current Mhz: 3301, Mhz Limit: 3301

Memory: 4k page, system-wide physical 15556M (1092M free)
TotalPageFile size 30636M (AvailPageFile size 2M)
current process WorkingSet (physical memory assigned to process): 355M, peak: 362M
current process commit charge ("private bytes"): 443M, peak: 446M

vm_info: OpenJDK 64-Bit Server VM (21.0.9+10-LTS) for windows-amd64 JRE (21.0.9+10-LTS), built on 2025-10-21T00:00:00Z by "admin" with unknown MS VC++:1942

END.
