#
# There is insufficient memory for the Java Runtime Environment to continue.
# Native memory allocation (malloc) failed to allocate 781696 bytes. Error detail: Chunk::new
# Possible reasons:
#   The system is out of physical RAM or swap space
#   This process is running with CompressedOops enabled, and the Java Heap may be blocking the growth of the native heap
# Possible solutions:
#   Reduce memory load on the system
#   Increase physical memory or swap space
#   Check if swap backing store is full
#   Decrease Java heap size (-Xmx/-Xms)
#   Decrease number of Java threads
#   Decrease Java thread stack sizes (-Xss)
#   Set larger code cache with -XX:ReservedCodeCacheSize=
#   JVM is running with Unscaled Compressed Oops mode in which the Java heap is
#     placed in the first 4GB address space. The Java Heap base address is the
#     maximum limit for the native heap growth. Please use -XX:HeapBaseMinAddress
#     to set the Java Heap base and to place the Java Heap above 4GB virtual address.
# This output file may be truncated or incomplete.
#
#  Out of Memory Error (arena.cpp:168), pid=22748, tid=2736
#
# JRE version: OpenJDK Runtime Environment Temurin-21.0.9+10 (21.0.9+10) (build 21.0.9+10-LTS)
# Java VM: OpenJDK 64-Bit Server VM Temurin-21.0.9+10 (21.0.9+10-LTS, mixed mode, sharing, tiered, compressed oops, compressed class ptrs, parallel gc, windows-amd64)
# No core dump will be written. Minidumps are not enabled by default on client versions of Windows
#

---------------  S U M M A R Y ------------

Command Line: --add-modules=ALL-SYSTEM --add-opens=java.base/java.util=ALL-UNNAMED --add-opens=java.base/java.lang=ALL-UNNAMED --add-opens=java.base/sun.nio.fs=ALL-UNNAMED -Declipse.application=org.eclipse.jdt.ls.core.id1 -Dosgi.bundles.defaultStartLevel=4 -Declipse.product=org.eclipse.jdt.ls.core.product -Djava.import.generatesMetadataFilesAtProjectRoot=false -DDetectVMInstallationsJob.disabled=true -Dfile.encoding=utf8 -XX:+UseParallelGC -XX:GCTimeRatio=4 -XX:AdaptiveSizePolicyWeight=90 -Dsun.zip.disableMemoryMapping=true -Xmx2G -Xms100m -Xlog:disable -javaagent:c:\Users\jane\.vscode\extensions\redhat.java-1.52.0-win32-x64\lombok\lombok-1.18.39-4050.jar -XX:+HeapDumpOnOutOfMemoryError -XX:HeapDumpPath=c:\Users\jane\AppData\Roaming\Code\User\workspaceStorage\ae4f4d08618131b1e596844c1662fb19\redhat.java -Daether.dependencyCollector.impl=bf c:\Users\jane\.vscode\extensions\redhat.java-1.52.0-win32-x64\server\plugins\org.eclipse.equinox.launcher_1.7.100.v20251111-0406.jar -configuration c:\Users\jane\AppData\Roaming\Code\User\globalStorage\redhat.java\1.52.0\config_win -data c:\Users\jane\AppData\Roaming\Code\User\workspaceStorage\ae4f4d08618131b1e596844c1662fb19\redhat.java\jdt_ws --pipe=\\.\pipe\lsp-b398714477f8dd91c08feaafd1ea0d6a-sock

Host: AMD Ryzen 5 6600H with Radeon Graphics         , 12 cores, 15G,  Windows 11 , 64 bit Build 26100 (10.0.26100.7623)
Time: Sun Feb  1 07:40:40 2026 elapsed time: 54.456326 seconds (0d 0h 0m 54s)

---------------  T H R E A D  ---------------

Current thread (0x000001811eda0180):  JavaThread "C2 CompilerThread0" daemon [_thread_in_native, id=2736, stack(0x0000005701400000,0x0000005701500000) (1024K)]


Current CompileTask:
C2:54456 16016       4       org.eclipse.jdt.internal.core.JavaProject$ModuleLookup::addTransitive (71 bytes)

Stack: [0x0000005701400000,0x0000005701500000]
Native frames: (J=compiled Java code, j=interpreted, Vv=VM code, C=native code)
V  [jvm.dll+0x6d6e29]
V  [jvm.dll+0x8b4b76]
V  [jvm.dll+0x8b712e]
V  [jvm.dll+0x8b7813]
V  [jvm.dll+0x283d86]
V  [jvm.dll+0xc66ed]
V  [jvm.dll+0xc6c31]
V  [jvm.dll+0x2facee]
V  [jvm.dll+0x5fde44]
V  [jvm.dll+0x255557]
V  [jvm.dll+0x24d994]
V  [jvm.dll+0x24b482]
V  [jvm.dll+0x1cb13e]
V  [jvm.dll+0x25b29d]
V  [jvm.dll+0x25982a]
V  [jvm.dll+0x3f7ea6]
V  [jvm.dll+0x85e9ad]
V  [jvm.dll+0x6d565d]
C  [ucrtbase.dll+0x37b0]
C  [KERNEL32.DLL+0x2e8d7]
C  [ntdll.dll+0x8c53c]


---------------  P R O C E S S  ---------------

Threads class SMR info:
_java_thread_list=0x000001817e438790, length=88, elements={
0x000001811ecf17a0, 0x0000018177bd7fd0, 0x0000018177bdaa10, 0x0000018177be3f40,
0x000001811ed92fe0, 0x000001811ed946d0, 0x000001811ed98250, 0x000001811eda0180,
0x000001811eda1b10, 0x0000018177e26b60, 0x0000018177f4dcb0, 0x000001817d7367d0,
0x000001817d76ed30, 0x000001817d8ef9d0, 0x000001817d8f0400, 0x000001817dcf1120,
0x000001817e15e850, 0x000001817dc9a740, 0x000001817dcb4b20, 0x000001817e34d700,
0x000001817e34dd90, 0x000001817e34d070, 0x000001817e34eab0, 0x000001817e3504f0,
0x000001817e34e420, 0x000001817e34f140, 0x000001817e34f7d0, 0x00000181001e0fe0,
0x00000181001e2390, 0x00000181001e1670, 0x00000181001df5a0, 0x00000181001def10,
0x00000181001e30b0, 0x00000181001e02c0, 0x00000181001e1d00, 0x00000181001e2a20,
0x00000181001dfc30, 0x00000181001e3740, 0x00000181001e3dd0, 0x00000181001e4af0,
0x00000181001e4460, 0x00000181001e5180, 0x00000181001e5810, 0x00000181001e5ea0,
0x00000181001e6530, 0x0000018100423420, 0x0000018100422700, 0x00000181004247d0,
0x00000181004254f0, 0x0000018100426210, 0x0000018100422d90, 0x00000181004268a0,
0x0000018100424e60, 0x0000018100426f30, 0x0000018100425b80, 0x0000018100423ab0,
0x00000181004275c0, 0x0000018100424140, 0x00000181004282e0, 0x0000018100429690,
0x0000018100428970, 0x0000018100427c50, 0x0000018100429000, 0x0000018100429d20,
0x000001817e1e07e0, 0x000001817e1e2f40, 0x000001817e1e28b0, 0x000001817e1e2220,
0x000001817e1dfac0, 0x000001817e1e0e70, 0x000001817e1e1500, 0x000001817e1e1b90,
0x000001817e1e35d0, 0x000001817e1e0150, 0x000001817e1e5010, 0x000001817e1e5d30,
0x000001817f4407c0, 0x000001817f440e50, 0x000001817f442200, 0x000001817f442f20,
0x000001817f440130, 0x000001817f4470c0, 0x000001817f443c40, 0x000001817f447750,
0x000001817f445d10, 0x000001817f4463a0, 0x000001810c14aba0, 0x000001810c149e00
}

Java Threads: ( => current thread )
  0x000001811ecf17a0 JavaThread "main"                              [_thread_blocked, id=22080, stack(0x0000005700a00000,0x0000005700b00000) (1024K)]
  0x0000018177bd7fd0 JavaThread "Reference Handler"          daemon [_thread_blocked, id=23308, stack(0x0000005700e00000,0x0000005700f00000) (1024K)]
  0x0000018177bdaa10 JavaThread "Finalizer"                  daemon [_thread_blocked, id=26344, stack(0x0000005700f00000,0x0000005701000000) (1024K)]
  0x0000018177be3f40 JavaThread "Signal Dispatcher"          daemon [_thread_blocked, id=8948, stack(0x0000005701000000,0x0000005701100000) (1024K)]
  0x000001811ed92fe0 JavaThread "Attach Listener"            daemon [_thread_blocked, id=23168, stack(0x0000005701100000,0x0000005701200000) (1024K)]
  0x000001811ed946d0 JavaThread "Service Thread"             daemon [_thread_blocked, id=5456, stack(0x0000005701200000,0x0000005701300000) (1024K)]
  0x000001811ed98250 JavaThread "Monitor Deflation Thread"   daemon [_thread_blocked, id=10848, stack(0x0000005701300000,0x0000005701400000) (1024K)]
=>0x000001811eda0180 JavaThread "C2 CompilerThread0"         daemon [_thread_in_native, id=2736, stack(0x0000005701400000,0x0000005701500000) (1024K)]
  0x000001811eda1b10 JavaThread "C1 CompilerThread0"         daemon [_thread_blocked, id=26188, stack(0x0000005701500000,0x0000005701600000) (1024K)]
  0x0000018177e26b60 JavaThread "Common-Cleaner"             daemon [_thread_blocked, id=5604, stack(0x0000005701700000,0x0000005701800000) (1024K)]
  0x0000018177f4dcb0 JavaThread "Notification Thread"        daemon [_thread_blocked, id=19808, stack(0x0000005701800000,0x0000005701900000) (1024K)]
  0x000001817d7367d0 JavaThread "Active Thread: Equinox Container: d1094c99-f706-4da3-851b-bec30b679d27"        [_thread_blocked, id=21376, stack(0x0000005702000000,0x0000005702100000) (1024K)]
  0x000001817d76ed30 JavaThread "Refresh Thread: Equinox Container: d1094c99-f706-4da3-851b-bec30b679d27" daemon [_thread_blocked, id=9808, stack(0x0000005702200000,0x0000005702300000) (1024K)]
  0x000001817d8ef9d0 JavaThread "Framework Event Dispatcher: Equinox Container: d1094c99-f706-4da3-851b-bec30b679d27" daemon [_thread_blocked, id=24380, stack(0x0000005702300000,0x0000005702400000) (1024K)]
  0x000001817d8f0400 JavaThread "Start Level: Equinox Container: d1094c99-f706-4da3-851b-bec30b679d27" daemon [_thread_blocked, id=8392, stack(0x0000005702400000,0x0000005702500000) (1024K)]
  0x000001817dcf1120 JavaThread "Bundle File Closer"         daemon [_thread_blocked, id=21284, stack(0x0000005702700000,0x0000005702800000) (1024K)]
  0x000001817e15e850 JavaThread "SCR Component Actor"        daemon [_thread_blocked, id=22632, stack(0x0000005702800000,0x0000005702900000) (1024K)]
  0x000001817dc9a740 JavaThread "Worker-JM"                         [_thread_blocked, id=24712, stack(0x0000005702900000,0x0000005702a00000) (1024K)]
  0x000001817dcb4b20 JavaThread "JNA Cleaner"                daemon [_thread_blocked, id=19304, stack(0x0000005702a00000,0x0000005702b00000) (1024K)]
  0x000001817e34d700 JavaThread "Worker-0"                          [_thread_blocked, id=23796, stack(0x0000005702b00000,0x0000005702c00000) (1024K)]
  0x000001817e34dd90 JavaThread "Worker-1"                          [_thread_blocked, id=8596, stack(0x0000005702c00000,0x0000005702d00000) (1024K)]
  0x000001817e34d070 JavaThread "Worker-2"                          [_thread_blocked, id=5388, stack(0x0000005702d00000,0x0000005702e00000) (1024K)]
  0x000001817e34eab0 JavaThread "Java indexing"              daemon [_thread_in_native, id=25384, stack(0x0000005702e00000,0x0000005702f00000) (1024K)]
  0x000001817e3504f0 JavaThread "Worker-3: Building"                [_thread_in_native, id=25856, stack(0x0000005702f00000,0x0000005703000000) (1024K)]
  0x000001817e34e420 JavaThread "Worker-4"                          [_thread_blocked, id=24776, stack(0x0000005703200000,0x0000005703300000) (1024K)]
  0x000001817e34f140 JavaThread "Thread-1"                   daemon [_thread_in_native, id=25372, stack(0x0000005703300000,0x0000005703400000) (1024K)]
  0x000001817e34f7d0 JavaThread "Thread-2"                   daemon [_thread_in_native, id=24580, stack(0x0000005703400000,0x0000005703500000) (1024K)]
  0x00000181001e0fe0 JavaThread "Thread-3"                   daemon [_thread_in_native, id=15332, stack(0x0000005703500000,0x0000005703600000) (1024K)]
  0x00000181001e2390 JavaThread "Thread-4"                   daemon [_thread_in_native, id=10460, stack(0x0000005703600000,0x0000005703700000) (1024K)]
  0x00000181001e1670 JavaThread "Thread-5"                   daemon [_thread_in_native, id=4828, stack(0x0000005703700000,0x0000005703800000) (1024K)]
  0x00000181001df5a0 JavaThread "Thread-6"                   daemon [_thread_in_native, id=1940, stack(0x0000005703800000,0x0000005703900000) (1024K)]
  0x00000181001def10 JavaThread "Thread-7"                   daemon [_thread_in_native, id=22544, stack(0x0000005703900000,0x0000005703a00000) (1024K)]
  0x00000181001e30b0 JavaThread "Thread-8"                   daemon [_thread_in_native, id=13840, stack(0x0000005703a00000,0x0000005703b00000) (1024K)]
  0x00000181001e02c0 JavaThread "Thread-9"                   daemon [_thread_in_native, id=5616, stack(0x0000005703b00000,0x0000005703c00000) (1024K)]
  0x00000181001e1d00 JavaThread "Thread-10"                  daemon [_thread_in_native, id=14232, stack(0x0000005703c00000,0x0000005703d00000) (1024K)]
  0x00000181001e2a20 JavaThread "Thread-11"                  daemon [_thread_in_native, id=22048, stack(0x0000005703d00000,0x0000005703e00000) (1024K)]
  0x00000181001dfc30 JavaThread "Thread-12"                  daemon [_thread_in_native, id=18492, stack(0x0000005703e00000,0x0000005703f00000) (1024K)]
  0x00000181001e3740 JavaThread "Thread-13"                  daemon [_thread_in_native, id=24940, stack(0x0000005703f00000,0x0000005704000000) (1024K)]
  0x00000181001e3dd0 JavaThread "pool-2-thread-1"                   [_thread_blocked, id=25844, stack(0x0000005704000000,0x0000005704100000) (1024K)]
  0x00000181001e4af0 JavaThread "WorkspaceEventsHandler"            [_thread_blocked, id=21832, stack(0x0000005704100000,0x0000005704200000) (1024K)]
  0x00000181001e4460 JavaThread "pool-1-thread-1"                   [_thread_blocked, id=24132, stack(0x0000005704200000,0x0000005704300000) (1024K)]
  0x00000181001e5180 JavaThread "LocalFile Deleter"          daemon [_thread_blocked, id=25552, stack(0x0000005704300000,0x0000005704400000) (1024K)]
  0x00000181001e5810 JavaThread "LocalFile Deleter"          daemon [_thread_blocked, id=25516, stack(0x0000005704400000,0x0000005704500000) (1024K)]
  0x00000181001e5ea0 JavaThread "LocalFile Deleter"          daemon [_thread_blocked, id=19720, stack(0x0000005704500000,0x0000005704600000) (1024K)]
  0x00000181001e6530 JavaThread "LocalFile Deleter"          daemon [_thread_blocked, id=6740, stack(0x0000005704600000,0x0000005704700000) (1024K)]
  0x0000018100423420 JavaThread "LocalFile Deleter"          daemon [_thread_blocked, id=23468, stack(0x0000005704700000,0x0000005704800000) (1024K)]
  0x0000018100422700 JavaThread "LocalFile Deleter"          daemon [_thread_blocked, id=24156, stack(0x0000005704800000,0x0000005704900000) (1024K)]
  0x00000181004247d0 JavaThread "LocalFile Deleter"          daemon [_thread_blocked, id=13108, stack(0x0000005704900000,0x0000005704a00000) (1024K)]
  0x00000181004254f0 JavaThread "LocalFile Deleter"          daemon [_thread_blocked, id=25996, stack(0x0000005704a00000,0x0000005704b00000) (1024K)]
  0x0000018100426210 JavaThread "LocalFile Deleter"          daemon [_thread_blocked, id=23664, stack(0x0000005704b00000,0x0000005704c00000) (1024K)]
  0x0000018100422d90 JavaThread "LocalFile Deleter"          daemon [_thread_blocked, id=10624, stack(0x0000005704c00000,0x0000005704d00000) (1024K)]
  0x00000181004268a0 JavaThread "LocalFile Deleter"          daemon [_thread_blocked, id=26264, stack(0x0000005704d00000,0x0000005704e00000) (1024K)]
  0x0000018100424e60 JavaThread "LocalFile Deleter"          daemon [_thread_blocked, id=14116, stack(0x0000005704e00000,0x0000005704f00000) (1024K)]
  0x0000018100426f30 JavaThread "Compiler Source File Reader" daemon [_thread_blocked, id=20196, stack(0x0000005704f00000,0x0000005705000000) (1024K)]
  0x0000018100425b80 JavaThread "Compiler Source File Reader" daemon [_thread_blocked, id=20420, stack(0x0000005705000000,0x0000005705100000) (1024K)]
  0x0000018100423ab0 JavaThread "Compiler Source File Reader" daemon [_thread_blocked, id=19924, stack(0x0000005705100000,0x0000005705200000) (1024K)]
  0x00000181004275c0 JavaThread "Compiler Source File Reader" daemon [_thread_blocked, id=22760, stack(0x0000005705200000,0x0000005705300000) (1024K)]
  0x0000018100424140 JavaThread "Compiler Source File Reader" daemon [_thread_blocked, id=7932, stack(0x0000005705300000,0x0000005705400000) (1024K)]
  0x00000181004282e0 JavaThread "Compiler Source File Reader" daemon [_thread_blocked, id=20400, stack(0x0000005705400000,0x0000005705500000) (1024K)]
  0x0000018100429690 JavaThread "Compiler Source File Reader" daemon [_thread_blocked, id=24284, stack(0x0000005705500000,0x0000005705600000) (1024K)]
  0x0000018100428970 JavaThread "Compiler Source File Reader" daemon [_thread_blocked, id=12516, stack(0x0000005705600000,0x0000005705700000) (1024K)]
  0x0000018100427c50 JavaThread "Compiler Source File Reader" daemon [_thread_blocked, id=25756, stack(0x0000005705700000,0x0000005705800000) (1024K)]
  0x0000018100429000 JavaThread "Compiler Source File Reader" daemon [_thread_blocked, id=9560, stack(0x0000005705800000,0x0000005705900000) (1024K)]
  0x0000018100429d20 JavaThread "Worker-5"                          [_thread_blocked, id=6864, stack(0x0000005705900000,0x0000005705a00000) (1024K)]
  0x000001817e1e07e0 JavaThread "ForkJoinPool.commonPool-worker-1" daemon [_thread_blocked, id=6004, stack(0x0000005705a00000,0x0000005705b00000) (1024K)]
  0x000001817e1e2f40 JavaThread "Compiler Processing Task"   daemon [_thread_blocked, id=11380, stack(0x0000005705b00000,0x0000005705c00000) (1024K)]
  0x000001817e1e28b0 JavaThread "Compiler Class File Writer" daemon [_thread_blocked, id=2904, stack(0x0000005705c00000,0x0000005705d00000) (1024K)]
  0x000001817e1e2220 JavaThread "Compiler Class File Writer" daemon [_thread_blocked, id=2472, stack(0x0000005705d00000,0x0000005705e00000) (1024K)]
  0x000001817e1dfac0 JavaThread "Compiler Class File Writer" daemon [_thread_blocked, id=26092, stack(0x0000005705e00000,0x0000005705f00000) (1024K)]
  0x000001817e1e0e70 JavaThread "Compiler Class File Writer" daemon [_thread_blocked, id=23912, stack(0x0000005705f00000,0x0000005706000000) (1024K)]
  0x000001817e1e1500 JavaThread "Compiler Class File Writer" daemon [_thread_blocked, id=19044, stack(0x0000005706000000,0x0000005706100000) (1024K)]
  0x000001817e1e1b90 JavaThread "Compiler Class File Writer" daemon [_thread_blocked, id=10108, stack(0x0000005706100000,0x0000005706200000) (1024K)]
  0x000001817e1e35d0 JavaThread "Compiler Class File Writer" daemon [_thread_blocked, id=23576, stack(0x0000005706200000,0x0000005706300000) (1024K)]
  0x000001817e1e0150 JavaThread "Compiler Class File Writer" daemon [_thread_blocked, id=10752, stack(0x0000005706300000,0x0000005706400000) (1024K)]
  0x000001817e1e5010 JavaThread "Compiler Class File Writer" daemon [_thread_blocked, id=25640, stack(0x0000005706400000,0x0000005706500000) (1024K)]
  0x000001817e1e5d30 JavaThread "Compiler Class File Writer" daemon [_thread_blocked, id=1776, stack(0x0000005706500000,0x0000005706600000) (1024K)]
  0x000001817f4407c0 JavaThread "ForkJoinPool.commonPool-worker-2" daemon [_thread_blocked, id=26488, stack(0x0000005706600000,0x0000005706700000) (1024K)]
  0x000001817f440e50 JavaThread "ForkJoinPool.commonPool-worker-3" daemon [_thread_blocked, id=22484, stack(0x0000005706700000,0x0000005706800000) (1024K)]
  0x000001817f442200 JavaThread "ForkJoinPool.commonPool-worker-4" daemon [_thread_blocked, id=23392, stack(0x0000005706800000,0x0000005706900000) (1024K)]
  0x000001817f442f20 JavaThread "ForkJoinPool.commonPool-worker-5" daemon [_thread_blocked, id=26016, stack(0x0000005706900000,0x0000005706a00000) (1024K)]
  0x000001817f440130 JavaThread "ForkJoinPool.commonPool-worker-6" daemon [_thread_blocked, id=20924, stack(0x0000005706a00000,0x0000005706b00000) (1024K)]
  0x000001817f4470c0 JavaThread "ForkJoinPool.commonPool-worker-7" daemon [_thread_blocked, id=25492, stack(0x0000005706b00000,0x0000005706c00000) (1024K)]
  0x000001817f443c40 JavaThread "ForkJoinPool.commonPool-worker-8" daemon [_thread_blocked, id=23012, stack(0x0000005706c00000,0x0000005706d00000) (1024K)]
  0x000001817f447750 JavaThread "ForkJoinPool.commonPool-worker-9" daemon [_thread_blocked, id=19316, stack(0x0000005706d00000,0x0000005706e00000) (1024K)]
  0x000001817f445d10 JavaThread "ForkJoinPool.commonPool-worker-10" daemon [_thread_blocked, id=8160, stack(0x0000005706e00000,0x0000005706f00000) (1024K)]
  0x000001817f4463a0 JavaThread "ForkJoinPool.commonPool-worker-11" daemon [_thread_blocked, id=4148, stack(0x0000005706f00000,0x0000005707000000) (1024K)]
  0x000001810c14aba0 JavaThread "C2 CompilerThread1"         daemon [_thread_in_native, id=1516, stack(0x0000005700700000,0x0000005700800000) (1024K)]
  0x000001810c149e00 JavaThread "C2 CompilerThread2"         daemon [_thread_in_native, id=11980, stack(0x0000005701600000,0x0000005701700000) (1024K)]
Total: 88

Other Threads:
  0x0000018135784600 VMThread "VM Thread"                           [id=18072, stack(0x0000005700d00000,0x0000005700e00000) (1024K)]
  0x000001813567ca00 WatcherThread "VM Periodic Task Thread"        [id=25860, stack(0x0000005700c00000,0x0000005700d00000) (1024K)]
  0x000001811ed0ed10 WorkerThread "GC Thread#0"                     [id=24196, stack(0x0000005700b00000,0x0000005700c00000) (1024K)]
  0x000001817d520030 WorkerThread "GC Thread#1"                     [id=23120, stack(0x0000005701a00000,0x0000005701b00000) (1024K)]
  0x000001817d51f8f0 WorkerThread "GC Thread#2"                     [id=1644, stack(0x0000005701b00000,0x0000005701c00000) (1024K)]
  0x000001817d5203d0 WorkerThread "GC Thread#3"                     [id=11260, stack(0x0000005701c00000,0x0000005701d00000) (1024K)]
  0x000001817d51fc90 WorkerThread "GC Thread#4"                     [id=23952, stack(0x0000005701d00000,0x0000005701e00000) (1024K)]
  0x000001817d520eb0 WorkerThread "GC Thread#5"                     [id=25300, stack(0x0000005701e00000,0x0000005701f00000) (1024K)]
  0x000001817d520770 WorkerThread "GC Thread#6"                     [id=26460, stack(0x0000005701f00000,0x0000005702000000) (1024K)]
  0x000001817d73fa90 WorkerThread "GC Thread#7"                     [id=10832, stack(0x0000005702100000,0x0000005702200000) (1024K)]
  0x000001817d741790 WorkerThread "GC Thread#8"                     [id=3520, stack(0x0000005702500000,0x0000005702600000) (1024K)]
  0x000001817d7429b0 WorkerThread "GC Thread#9"                     [id=26080, stack(0x0000005702600000,0x0000005702700000) (1024K)]
Total: 12

Threads with active compile tasks:
C2 CompilerThread0  54494 16016       4       org.eclipse.jdt.internal.core.JavaProject$ModuleLookup::addTransitive (71 bytes)
C2 CompilerThread1  54494 16017   !   4       org.eclipse.jdt.internal.core.JavaProject$ModuleLookup::getModule (102 bytes)
C2 CompilerThread2  54494 16066 %     4       sun.security.provider.HashDrbg::addBytes @ 33 (130 bytes)
Total: 3

VM state: at safepoint (normal execution)

VM Mutex/Monitor currently owned by a thread:  ([mutex/lock_event])
[0x00007ff8ea7ed570] Threads_lock - owner thread: 0x0000018135784600
[0x00007ff8ea7ed670] Heap_lock - owner thread: 0x000001817e34eab0

Heap address: 0x0000000080000000, size: 2048 MB, Compressed Oops mode: 32-bit

CDS archive(s) mapped at: [0x0000018136000000-0x0000018136ba0000-0x0000018136ba0000), size 12189696, SharedBaseAddress: 0x0000018136000000, ArchiveRelocationMode: 1.
Compressed class space mapped at: 0x0000018137000000-0x0000018177000000, reserved size: 1073741824
Narrow klass base: 0x0000018136000000, Narrow klass shift: 0, Narrow klass range: 0x100000000

GC Precious Log:
 CardTable entry size: 512
 CPUs: 12 total, 12 available
 Memory: 15556M
 Large Page Support: Disabled
 NUMA Support: Disabled
 Compressed Oops: Enabled (32-bit)
 Alignments: Space 512K, Generation 512K, Heap 2M
 Heap Min Capacity: 100M
 Heap Initial Capacity: 100M
 Heap Max Capacity: 2G
 Pre-touch: Disabled
 Parallel Workers: 10

Heap:
 PSYoungGen      total 9728K, used 9304K [0x00000000d5580000, 0x00000000d6580000, 0x0000000100000000)
  eden space 5120K, 100% used [0x00000000d5580000,0x00000000d5a80000,0x00000000d5a80000)
  from space 4608K, 90% used [0x00000000d6100000,0x00000000d6516220,0x00000000d6580000)
  to   space 5120K, 0% used [0x00000000d5b80000,0x00000000d5b80000,0x00000000d6080000)
 ParOldGen       total 148480K, used 148383K [0x0000000080000000, 0x0000000089100000, 0x00000000d5580000)
  object space 148480K, 99% used [0x0000000080000000,0x00000000890f5e60,0x0000000089100000)
 Metaspace       used 70080K, committed 71744K, reserved 1114112K
  class space    used 7135K, committed 7872K, reserved 1048576K

Card table byte_map: [0x000001811e690000,0x000001811eaa0000] _byte_map_base: 0x000001811e290000

Marking Bits: (ParMarkBitMap*) 0x00007ff8ea7f2460
 Begin Bits: [0x00000181311a0000, 0x00000181331a0000)
 End Bits:   [0x00000181331a0000, 0x00000181351a0000)

Polling page: 0x000001811cc40000

Metaspace:

Usage:
  Non-class:     61.47 MB used.
      Class:      6.97 MB used.
       Both:     68.44 MB used.

Virtual space:
  Non-class space:       64.00 MB reserved,      62.38 MB ( 97%) committed,  1 nodes.
      Class space:        1.00 GB reserved,       7.69 MB ( <1%) committed,  1 nodes.
             Both:        1.06 GB reserved,      70.06 MB (  6%) committed. 

Chunk freelists:
   Non-Class:  1.17 MB
       Class:  8.13 MB
        Both:  9.31 MB

MaxMetaspaceSize: unlimited
CompressedClassSpaceSize: 1.00 GB
Initial GC threshold: 21.00 MB
Current GC threshold: 97.31 MB
CDS: on
 - commit_granule_bytes: 65536.
 - commit_granule_words: 8192.
 - virtual_space_node_default_size: 8388608.
 - enlarge_chunks_in_place: 1.
 - use_allocation_guard: 0.


Internal statistics:

num_allocs_failed_limit: 11.
num_arena_births: 1476.
num_arena_deaths: 20.
num_vsnodes_births: 2.
num_vsnodes_deaths: 0.
num_space_committed: 1121.
num_space_uncommitted: 0.
num_chunks_returned_to_freelist: 32.
num_chunks_taken_from_freelist: 5056.
num_chunk_merges: 15.
num_chunk_splits: 2980.
num_chunks_enlarged: 1532.
num_inconsistent_stats: 0.

CodeHeap 'non-profiled nmethods': size=120000Kb used=10453Kb max_used=10453Kb free=109546Kb
 bounds [0x00000181299c0000, 0x000001812a400000, 0x0000018130ef0000]
CodeHeap 'profiled nmethods': size=120000Kb used=34820Kb max_used=34820Kb free=85179Kb
 bounds [0x0000018121ef0000, 0x0000018124100000, 0x0000018129420000]
CodeHeap 'non-nmethods': size=5760Kb used=1457Kb max_used=1554Kb free=4302Kb
 bounds [0x0000018129420000, 0x0000018129690000, 0x00000181299c0000]
CodeCache: size=245760Kb, used=46730Kb, max_used=46827Kb, free=199027Kb
 total_blobs=15908, nmethods=15136, adapters=676, full_count=0
Compilation: enabled, stopped_count=0, restarted_count=0

Compilation events (20 events):
Event: 54.414 Thread 0x000001811eda1b10 16058       3       org.eclipse.core.runtime.jobs.Job::isBlocking (5 bytes)
Event: 54.414 Thread 0x000001811eda1b10 nmethod 16058 0x00000181240eab90 code [0x00000181240ead40, 0x00000181240eaf10]
Event: 54.414 Thread 0x000001811eda1b10 16059       3       org.eclipse.core.internal.jobs.InternalJob::isBlocking (8 bytes)
Event: 54.414 Thread 0x000001811eda1b10 nmethod 16059 0x00000181240eb010 code [0x00000181240eb1c0, 0x00000181240eb328]
Event: 54.424 Thread 0x000001811eda1b10 16062  s    3       org.eclipse.core.internal.events.AutoBuildJob::isInterrupted (26 bytes)
Event: 54.425 Thread 0x000001811eda1b10 nmethod 16062 0x00000181240eb410 code [0x00000181240eb600, 0x00000181240ebbb8]
Event: 54.433 Thread 0x000001811eda1b10 16065       3       org.eclipse.jdt.ls.core.internal.handlers.ProgressReporterManager$ProgressReporter::<init> (36 bytes)
Event: 54.433 Thread 0x000001811eda1b10 nmethod 16065 0x00000181240ebd90 code [0x00000181240ebf60, 0x00000181240ec268]
Event: 54.433 Thread 0x000001811eda1b10 16067       3       lombok.bytecode.ClassFileMetaData::decodeString (181 bytes)
Event: 54.434 Thread 0x000001811eda1b10 nmethod 16067 0x00000181240ec410 code [0x00000181240ec5e0, 0x00000181240ecac0]
Event: 54.435 Thread 0x000001811eda1b10 16068       3       org.eclipse.jdt.internal.core.builder.JavaBuilder$$Lambda/0x0000018137722ee0::getAsBoolean (8 bytes)
Event: 54.436 Thread 0x000001811eda1b10 nmethod 16068 0x00000181240ecd10 code [0x00000181240ecf00, 0x00000181240ed468]
Event: 54.436 Thread 0x000001811eda1b10 16069       3       org.eclipse.core.resources.IncrementalProjectBuilder::isInterrupted (5 bytes)
Event: 54.437 Thread 0x000001811eda1b10 nmethod 16069 0x00000181240ed710 code [0x00000181240ed920, 0x00000181240edff0]
Event: 54.437 Thread 0x000001811eda1b10 16070       3       org.eclipse.core.internal.events.InternalBuilder::isInterrupted (10 bytes)
Event: 54.437 Thread 0x000001811eda1b10 nmethod 16070 0x00000181240ee290 code [0x00000181240ee4a0, 0x00000181240eeb08]
Event: 54.440 Thread 0x000001811eda1b10 16071       3       org.eclipse.aether.DefaultRepositorySystemSession::copySafe (139 bytes)
Event: 54.442 Thread 0x000001811eda1b10 nmethod 16071 0x00000181240eed90 code [0x00000181240ef0c0, 0x00000181240f0278]
Event: 54.442 Thread 0x000001811eda1b10 16072       3       org.eclipse.m2e.core.internal.embedder.MavenExecutionContext::getThreadContext (44 bytes)
Event: 54.442 Thread 0x000001811eda1b10 nmethod 16072 0x00000181240f0790 code [0x00000181240f09a0, 0x00000181240f10e8]

GC Heap History (20 events):
Event: 52.378 GC heap before
{Heap before GC invocations=88 (full 3):
 PSYoungGen      total 6656K, used 6650K [0x00000000d5580000, 0x00000000d6400000, 0x0000000100000000)
  eden space 5120K, 100% used [0x00000000d5580000,0x00000000d5a80000,0x00000000d5a80000)
  from space 1536K, 99% used [0x00000000d6280000,0x00000000d63fe9e0,0x00000000d6400000)
  to   space 4608K, 0% used [0x00000000d5b00000,0x00000000d5b00000,0x00000000d5f80000)
 ParOldGen       total 125440K, used 125085K [0x0000000080000000, 0x0000000087a80000, 0x00000000d5580000)
  object space 125440K, 99% used [0x0000000080000000,0x0000000087a27678,0x0000000087a80000)
 Metaspace       used 69918K, committed 71488K, reserved 1114112K
  class space    used 7133K, committed 7872K, reserved 1048576K
}
Event: 52.382 GC heap after
{Heap after GC invocations=88 (full 3):
 PSYoungGen      total 9216K, used 3744K [0x00000000d5580000, 0x00000000d6300000, 0x0000000100000000)
  eden space 5120K, 0% used [0x00000000d5580000,0x00000000d5580000,0x00000000d5a80000)
  from space 4096K, 91% used [0x00000000d5b00000,0x00000000d5ea8000,0x00000000d5f00000)
  to   space 4096K, 0% used [0x00000000d5f00000,0x00000000d5f00000,0x00000000d6300000)
 ParOldGen       total 126976K, used 126616K [0x0000000080000000, 0x0000000087c00000, 0x00000000d5580000)
  object space 126976K, 99% used [0x0000000080000000,0x0000000087ba6078,0x0000000087c00000)
 Metaspace       used 69918K, committed 71488K, reserved 1114112K
  class space    used 7133K, committed 7872K, reserved 1048576K
}
Event: 52.425 GC heap before
{Heap before GC invocations=89 (full 3):
 PSYoungGen      total 9216K, used 8747K [0x00000000d5580000, 0x00000000d6300000, 0x0000000100000000)
  eden space 5120K, 97% used [0x00000000d5580000,0x00000000d5a62da8,0x00000000d5a80000)
  from space 4096K, 91% used [0x00000000d5b00000,0x00000000d5ea8000,0x00000000d5f00000)
  to   space 4096K, 0% used [0x00000000d5f00000,0x00000000d5f00000,0x00000000d6300000)
 ParOldGen       total 126976K, used 126616K [0x0000000080000000, 0x0000000087c00000, 0x00000000d5580000)
  object space 126976K, 99% used [0x0000000080000000,0x0000000087ba6078,0x0000000087c00000)
 Metaspace       used 69918K, committed 71488K, reserved 1114112K
  class space    used 7133K, committed 7872K, reserved 1048576K
}
Event: 52.428 GC heap after
{Heap after GC invocations=89 (full 3):
 PSYoungGen      total 8704K, used 3298K [0x00000000d5580000, 0x00000000d6280000, 0x0000000100000000)
  eden space 5120K, 0% used [0x00000000d5580000,0x00000000d5580000,0x00000000d5a80000)
  from space 3584K, 92% used [0x00000000d5f00000,0x00000000d6238800,0x00000000d6280000)
  to   space 3584K, 0% used [0x00000000d5b80000,0x00000000d5b80000,0x00000000d5f00000)
 ParOldGen       total 130560K, used 130244K [0x0000000080000000, 0x0000000087f80000, 0x00000000d5580000)
  object space 130560K, 99% used [0x0000000080000000,0x0000000087f31088,0x0000000087f80000)
 Metaspace       used 69918K, committed 71488K, reserved 1114112K
  class space    used 7133K, committed 7872K, reserved 1048576K
}
Event: 52.492 GC heap before
{Heap before GC invocations=90 (full 3):
 PSYoungGen      total 8704K, used 8418K [0x00000000d5580000, 0x00000000d6280000, 0x0000000100000000)
  eden space 5120K, 100% used [0x00000000d5580000,0x00000000d5a80000,0x00000000d5a80000)
  from space 3584K, 92% used [0x00000000d5f00000,0x00000000d6238800,0x00000000d6280000)
  to   space 3584K, 0% used [0x00000000d5b80000,0x00000000d5b80000,0x00000000d5f00000)
 ParOldGen       total 130560K, used 130244K [0x0000000080000000, 0x0000000087f80000, 0x00000000d5580000)
  object space 130560K, 99% used [0x0000000080000000,0x0000000087f31088,0x0000000087f80000)
 Metaspace       used 69918K, committed 71488K, reserved 1114112K
  class space    used 7133K, committed 7872K, reserved 1048576K
}
Event: 52.495 GC heap after
{Heap after GC invocations=90 (full 3):
 PSYoungGen      total 8704K, used 3580K [0x00000000d5580000, 0x00000000d6880000, 0x0000000100000000)
  eden space 5120K, 0% used [0x00000000d5580000,0x00000000d5580000,0x00000000d5a80000)
  from space 3584K, 99% used [0x00000000d5b80000,0x00000000d5eff000,0x00000000d5f00000)
  to   space 7168K, 0% used [0x00000000d6180000,0x00000000d6180000,0x00000000d6880000)
 ParOldGen       total 133120K, used 133077K [0x0000000080000000, 0x0000000088200000, 0x00000000d5580000)
  object space 133120K, 99% used [0x0000000080000000,0x00000000881f5488,0x0000000088200000)
 Metaspace       used 69918K, committed 71488K, reserved 1114112K
  class space    used 7133K, committed 7872K, reserved 1048576K
}
Event: 52.592 GC heap before
{Heap before GC invocations=91 (full 3):
 PSYoungGen      total 8704K, used 8700K [0x00000000d5580000, 0x00000000d6880000, 0x0000000100000000)
  eden space 5120K, 100% used [0x00000000d5580000,0x00000000d5a80000,0x00000000d5a80000)
  from space 3584K, 99% used [0x00000000d5b80000,0x00000000d5eff000,0x00000000d5f00000)
  to   space 7168K, 0% used [0x00000000d6180000,0x00000000d6180000,0x00000000d6880000)
 ParOldGen       total 133120K, used 133077K [0x0000000080000000, 0x0000000088200000, 0x00000000d5580000)
  object space 133120K, 99% used [0x0000000080000000,0x00000000881f5488,0x0000000088200000)
 Metaspace       used 69918K, committed 71488K, reserved 1114112K
  class space    used 7133K, committed 7872K, reserved 1048576K
}
Event: 52.596 GC heap after
{Heap after GC invocations=91 (full 3):
 PSYoungGen      total 9728K, used 4184K [0x00000000d5580000, 0x00000000d6600000, 0x0000000100000000)
  eden space 5120K, 0% used [0x00000000d5580000,0x00000000d5580000,0x00000000d5a80000)
  from space 4608K, 90% used [0x00000000d6180000,0x00000000d6596000,0x00000000d6600000)
  to   space 5120K, 0% used [0x00000000d5c00000,0x00000000d5c00000,0x00000000d6100000)
 ParOldGen       total 137216K, used 136713K [0x0000000080000000, 0x0000000088600000, 0x00000000d5580000)
  object space 137216K, 99% used [0x0000000080000000,0x0000000088582488,0x0000000088600000)
 Metaspace       used 69918K, committed 71488K, reserved 1114112K
  class space    used 7133K, committed 7872K, reserved 1048576K
}
Event: 53.091 GC heap before
{Heap before GC invocations=92 (full 3):
 PSYoungGen      total 9728K, used 9304K [0x00000000d5580000, 0x00000000d6600000, 0x0000000100000000)
  eden space 5120K, 100% used [0x00000000d5580000,0x00000000d5a80000,0x00000000d5a80000)
  from space 4608K, 90% used [0x00000000d6180000,0x00000000d6596000,0x00000000d6600000)
  to   space 5120K, 0% used [0x00000000d5c00000,0x00000000d5c00000,0x00000000d6100000)
 ParOldGen       total 137216K, used 136713K [0x0000000080000000, 0x0000000088600000, 0x00000000d5580000)
  object space 137216K, 99% used [0x0000000080000000,0x0000000088582488,0x0000000088600000)
 Metaspace       used 69947K, committed 71552K, reserved 1114112K
  class space    used 7134K, committed 7872K, reserved 1048576K
}
Event: 53.094 GC heap after
{Heap after GC invocations=92 (full 3):
 PSYoungGen      total 5632K, used 160K [0x00000000d5580000, 0x00000000d6200000, 0x0000000100000000)
  eden space 5120K, 0% used [0x00000000d5580000,0x00000000d5580000,0x00000000d5a80000)
  from space 512K, 31% used [0x00000000d5c00000,0x00000000d5c28000,0x00000000d5c80000)
  to   space 2048K, 0% used [0x00000000d6000000,0x00000000d6000000,0x00000000d6200000)
 ParOldGen       total 140800K, used 140784K [0x0000000080000000, 0x0000000088980000, 0x00000000d5580000)
  object space 140800K, 99% used [0x0000000080000000,0x000000008897c398,0x0000000088980000)
 Metaspace       used 69947K, committed 71552K, reserved 1114112K
  class space    used 7134K, committed 7872K, reserved 1048576K
}
Event: 54.036 GC heap before
{Heap before GC invocations=93 (full 3):
 PSYoungGen      total 5632K, used 5280K [0x00000000d5580000, 0x00000000d6200000, 0x0000000100000000)
  eden space 5120K, 100% used [0x00000000d5580000,0x00000000d5a80000,0x00000000d5a80000)
  from space 512K, 31% used [0x00000000d5c00000,0x00000000d5c28000,0x00000000d5c80000)
  to   space 2048K, 0% used [0x00000000d6000000,0x00000000d6000000,0x00000000d6200000)
 ParOldGen       total 140800K, used 140784K [0x0000000080000000, 0x0000000088980000, 0x00000000d5580000)
  object space 140800K, 99% used [0x0000000080000000,0x000000008897c398,0x0000000088980000)
 Metaspace       used 69991K, committed 71616K, reserved 1114112K
  class space    used 7135K, committed 7872K, reserved 1048576K
}
Event: 54.037 GC heap after
{Heap after GC invocations=93 (full 3):
 PSYoungGen      total 5632K, used 288K [0x00000000d5580000, 0x00000000d6080000, 0x0000000100000000)
  eden space 5120K, 0% used [0x00000000d5580000,0x00000000d5580000,0x00000000d5a80000)
  from space 512K, 56% used [0x00000000d6000000,0x00000000d6048000,0x00000000d6080000)
  to   space 1024K, 0% used [0x00000000d5e80000,0x00000000d5e80000,0x00000000d5f80000)
 ParOldGen       total 141312K, used 140848K [0x0000000080000000, 0x0000000088a00000, 0x00000000d5580000)
  object space 141312K, 99% used [0x0000000080000000,0x000000008898c398,0x0000000088a00000)
 Metaspace       used 69991K, committed 71616K, reserved 1114112K
  class space    used 7135K, committed 7872K, reserved 1048576K
}
Event: 54.220 GC heap before
{Heap before GC invocations=94 (full 3):
 PSYoungGen      total 5632K, used 5408K [0x00000000d5580000, 0x00000000d6080000, 0x0000000100000000)
  eden space 5120K, 100% used [0x00000000d5580000,0x00000000d5a80000,0x00000000d5a80000)
  from space 512K, 56% used [0x00000000d6000000,0x00000000d6048000,0x00000000d6080000)
  to   space 1024K, 0% used [0x00000000d5e80000,0x00000000d5e80000,0x00000000d5f80000)
 ParOldGen       total 141312K, used 140848K [0x0000000080000000, 0x0000000088a00000, 0x00000000d5580000)
  object space 141312K, 99% used [0x0000000080000000,0x000000008898c398,0x0000000088a00000)
 Metaspace       used 70004K, committed 71616K, reserved 1114112K
  class space    used 7135K, committed 7872K, reserved 1048576K
}
Event: 54.221 GC heap after
{Heap after GC invocations=94 (full 3):
 PSYoungGen      total 6144K, used 288K [0x00000000d5580000, 0x00000000d6080000, 0x0000000100000000)
  eden space 5120K, 0% used [0x00000000d5580000,0x00000000d5580000,0x00000000d5a80000)
  from space 1024K, 28% used [0x00000000d5e80000,0x00000000d5ec8000,0x00000000d5f80000)
  to   space 512K, 0% used [0x00000000d6000000,0x00000000d6000000,0x00000000d6080000)
 ParOldGen       total 141312K, used 140912K [0x0000000080000000, 0x0000000088a00000, 0x00000000d5580000)
  object space 141312K, 99% used [0x0000000080000000,0x000000008899c398,0x0000000088a00000)
 Metaspace       used 70004K, committed 71616K, reserved 1114112K
  class space    used 7135K, committed 7872K, reserved 1048576K
}
Event: 54.353 GC heap before
{Heap before GC invocations=95 (full 3):
 PSYoungGen      total 6144K, used 5408K [0x00000000d5580000, 0x00000000d6080000, 0x0000000100000000)
  eden space 5120K, 100% used [0x00000000d5580000,0x00000000d5a80000,0x00000000d5a80000)
  from space 1024K, 28% used [0x00000000d5e80000,0x00000000d5ec8000,0x00000000d5f80000)
  to   space 512K, 0% used [0x00000000d6000000,0x00000000d6000000,0x00000000d6080000)
 ParOldGen       total 141312K, used 140912K [0x0000000080000000, 0x0000000088a00000, 0x00000000d5580000)
  object space 141312K, 99% used [0x0000000080000000,0x000000008899c398,0x0000000088a00000)
 Metaspace       used 70010K, committed 71616K, reserved 1114112K
  class space    used 7135K, committed 7872K, reserved 1048576K
}
Event: 54.356 GC heap after
{Heap after GC invocations=95 (full 3):
 PSYoungGen      total 5632K, used 512K [0x00000000d5580000, 0x00000000d6080000, 0x0000000100000000)
  eden space 5120K, 0% used [0x00000000d5580000,0x00000000d5580000,0x00000000d5a80000)
  from space 512K, 100% used [0x00000000d6000000,0x00000000d6080000,0x00000000d6080000)
  to   space 2048K, 0% used [0x00000000d5c80000,0x00000000d5c80000,0x00000000d5e80000)
 ParOldGen       total 142336K, used 142038K [0x0000000080000000, 0x0000000088b00000, 0x00000000d5580000)
  object space 142336K, 99% used [0x0000000080000000,0x0000000088ab5838,0x0000000088b00000)
 Metaspace       used 70010K, committed 71616K, reserved 1114112K
  class space    used 7135K, committed 7872K, reserved 1048576K
}
Event: 54.385 GC heap before
{Heap before GC invocations=96 (full 3):
 PSYoungGen      total 5632K, used 5632K [0x00000000d5580000, 0x00000000d6080000, 0x0000000100000000)
  eden space 5120K, 100% used [0x00000000d5580000,0x00000000d5a80000,0x00000000d5a80000)
  from space 512K, 100% used [0x00000000d6000000,0x00000000d6080000,0x00000000d6080000)
  to   space 2048K, 0% used [0x00000000d5c80000,0x00000000d5c80000,0x00000000d5e80000)
 ParOldGen       total 142336K, used 142038K [0x0000000080000000, 0x0000000088b00000, 0x00000000d5580000)
  object space 142336K, 99% used [0x0000000080000000,0x0000000088ab5838,0x0000000088b00000)
 Metaspace       used 70072K, committed 71680K, reserved 1114112K
  class space    used 7135K, committed 7872K, reserved 1048576K
}
Event: 54.390 GC heap after
{Heap after GC invocations=96 (full 3):
 PSYoungGen      total 7168K, used 2048K [0x00000000d5580000, 0x00000000d6780000, 0x0000000100000000)
  eden space 5120K, 0% used [0x00000000d5580000,0x00000000d5580000,0x00000000d5a80000)
  from space 2048K, 100% used [0x00000000d5c80000,0x00000000d5e80000,0x00000000d5e80000)
  to   space 6656K, 0% used [0x00000000d6100000,0x00000000d6100000,0x00000000d6780000)
 ParOldGen       total 145920K, used 145455K [0x0000000080000000, 0x0000000088e80000, 0x00000000d5580000)
  object space 145920K, 99% used [0x0000000080000000,0x0000000088e0be60,0x0000000088e80000)
 Metaspace       used 70072K, committed 71680K, reserved 1114112K
  class space    used 7135K, committed 7872K, reserved 1048576K
}
Event: 54.416 GC heap before
{Heap before GC invocations=97 (full 3):
 PSYoungGen      total 7168K, used 7064K [0x00000000d5580000, 0x00000000d6780000, 0x0000000100000000)
  eden space 5120K, 97% used [0x00000000d5580000,0x00000000d5a66380,0x00000000d5a80000)
  from space 2048K, 100% used [0x00000000d5c80000,0x00000000d5e80000,0x00000000d5e80000)
  to   space 6656K, 0% used [0x00000000d6100000,0x00000000d6100000,0x00000000d6780000)
 ParOldGen       total 145920K, used 145455K [0x0000000080000000, 0x0000000088e80000, 0x00000000d5580000)
  object space 145920K, 99% used [0x0000000080000000,0x0000000088e0be60,0x0000000088e80000)
 Metaspace       used 70074K, committed 71680K, reserved 1114112K
  class space    used 7135K, committed 7872K, reserved 1048576K
}
Event: 54.420 GC heap after
{Heap after GC invocations=97 (full 3):
 PSYoungGen      total 9728K, used 4184K [0x00000000d5580000, 0x00000000d6580000, 0x0000000100000000)
  eden space 5120K, 0% used [0x00000000d5580000,0x00000000d5580000,0x00000000d5a80000)
  from space 4608K, 90% used [0x00000000d6100000,0x00000000d6516220,0x00000000d6580000)
  to   space 5120K, 0% used [0x00000000d5b80000,0x00000000d5b80000,0x00000000d6080000)
 ParOldGen       total 147968K, used 147567K [0x0000000080000000, 0x0000000089080000, 0x00000000d5580000)
  object space 147968K, 99% used [0x0000000080000000,0x000000008901be60,0x0000000089080000)
 Metaspace       used 70074K, committed 71680K, reserved 1114112K
  class space    used 7135K, committed 7872K, reserved 1048576K
}

Dll operation events (10 events):
Event: 0.012 Loaded shared library c:\Users\jane\.vscode\extensions\redhat.java-1.52.0-win32-x64\jre\21.0.9-win32-x86_64\bin\java.dll
Event: 0.040 Loaded shared library c:\Users\jane\.vscode\extensions\redhat.java-1.52.0-win32-x64\jre\21.0.9-win32-x86_64\bin\zip.dll
Event: 0.103 Loaded shared library C:\Users\jane\.vscode\extensions\redhat.java-1.52.0-win32-x64\jre\21.0.9-win32-x86_64\bin\instrument.dll
Event: 0.108 Loaded shared library C:\Users\jane\.vscode\extensions\redhat.java-1.52.0-win32-x64\jre\21.0.9-win32-x86_64\bin\net.dll
Event: 0.111 Loaded shared library C:\Users\jane\.vscode\extensions\redhat.java-1.52.0-win32-x64\jre\21.0.9-win32-x86_64\bin\nio.dll
Event: 0.113 Loaded shared library C:\Users\jane\.vscode\extensions\redhat.java-1.52.0-win32-x64\jre\21.0.9-win32-x86_64\bin\zip.dll
Event: 0.129 Loaded shared library C:\Users\jane\.vscode\extensions\redhat.java-1.52.0-win32-x64\jre\21.0.9-win32-x86_64\bin\jimage.dll
Event: 0.198 Loaded shared library c:\Users\jane\.vscode\extensions\redhat.java-1.52.0-win32-x64\jre\21.0.9-win32-x86_64\bin\verify.dll
Event: 1.290 Loaded shared library C:\Users\jane\AppData\Roaming\Code\User\globalStorage\redhat.java\1.52.0\config_win\org.eclipse.equinox.launcher\org.eclipse.equinox.launcher.win32.win32.x86_64_1.2.1500.v20260121-1430\eclipse_11919.dll
Event: 2.726 Loaded shared library C:\Users\jane\AppData\Local\Temp\jna-3254574\jna2135602016200843385.dll

Deoptimization events (20 events):
Event: 53.283 Thread 0x0000018100429d20 Uncommon trap: trap_request=0xffffffbe fr.pc=0x000001812a3c81d0 relative=0x0000000000000ed0
Event: 53.283 Thread 0x0000018100429d20 Uncommon trap: reason=profile_predicate action=maybe_recompile pc=0x000001812a3c81d0 method=org.eclipse.jdt.internal.compiler.parser.diagnose.DiagnoseParser.misspell(II)I @ 475 c2
Event: 53.283 Thread 0x0000018100429d20 DEOPT PACKING pc=0x000001812a3c81d0 sp=0x00000057059fe690
Event: 53.283 Thread 0x0000018100429d20 DEOPT UNPACKING pc=0x0000018129473aa2 sp=0x00000057059fe618 mode 2
Event: 53.313 Thread 0x000001817e34dd90 Uncommon trap: trap_request=0xffffff6e fr.pc=0x000001812a3cb598 relative=0x0000000000001638
Event: 53.313 Thread 0x000001817e34dd90 Uncommon trap: reason=loop_limit_check action=maybe_recompile pc=0x000001812a3cb598 method=org.eclipse.jdt.internal.compiler.parser.diagnose.DiagnoseParser.scopeTrialCheck([IILorg/eclipse/jdt/internal/compiler/parser/diagnose/DiagnoseParser$PrimaryRepairI
Event: 53.313 Thread 0x000001817e34dd90 DEOPT PACKING pc=0x000001812a3cb598 sp=0x0000005702cfead0
Event: 53.313 Thread 0x000001817e34dd90 DEOPT UNPACKING pc=0x0000018129473aa2 sp=0x0000005702cfea48 mode 2
Event: 53.314 Thread 0x000001817e34dd90 Uncommon trap: trap_request=0xffffff6e fr.pc=0x000001812a3bd5a8 relative=0x00000000000016c8
Event: 53.314 Thread 0x000001817e34dd90 Uncommon trap: reason=loop_limit_check action=maybe_recompile pc=0x000001812a3bd5a8 method=org.eclipse.jdt.internal.compiler.parser.diagnose.DiagnoseParser.scopeTrialCheck([IILorg/eclipse/jdt/internal/compiler/parser/diagnose/DiagnoseParser$PrimaryRepairI
Event: 53.314 Thread 0x000001817e34dd90 DEOPT PACKING pc=0x000001812a3bd5a8 sp=0x0000005702cfeab0
Event: 53.314 Thread 0x000001817e34dd90 DEOPT UNPACKING pc=0x0000018129473aa2 sp=0x0000005702cfea48 mode 2
Event: 53.911 Thread 0x0000018100429d20 Uncommon trap: trap_request=0xffffff6e fr.pc=0x000001812a3db11c relative=0x000000000000081c
Event: 53.911 Thread 0x0000018100429d20 Uncommon trap: reason=loop_limit_check action=maybe_recompile pc=0x000001812a3db11c method=org.eclipse.jdt.internal.compiler.SourceElementParser.checkComment()V @ 141 c2
Event: 53.911 Thread 0x0000018100429d20 DEOPT PACKING pc=0x000001812a3db11c sp=0x00000057059fea60
Event: 53.912 Thread 0x0000018100429d20 DEOPT UNPACKING pc=0x0000018129473aa2 sp=0x00000057059fe9c8 mode 2
Event: 54.218 Thread 0x000001817e34dd90 DEOPT PACKING pc=0x0000018123fbb3ca sp=0x0000005702cfee80
Event: 54.218 Thread 0x000001817e34dd90 DEOPT UNPACKING pc=0x0000018129474242 sp=0x0000005702cfe398 mode 0
Event: 54.352 Thread 0x000001817e34eab0 DEOPT PACKING pc=0x0000018123fed04c sp=0x0000005702efeef0
Event: 54.352 Thread 0x000001817e34eab0 DEOPT UNPACKING pc=0x0000018129474242 sp=0x0000005702efe4a0 mode 0

Classes loaded (20 events):
Event: 31.156 Loading class sun/util/resources/OpenListResourceBundle
Event: 31.156 Loading class sun/util/resources/OpenListResourceBundle done
Event: 31.156 Loading class sun/util/resources/TimeZoneNamesBundle done
Event: 31.156 Loading class sun/util/resources/cldr/TimeZoneNames done
Event: 31.157 Loading class sun/util/resources/cldr/TimeZoneNames_en
Event: 31.159 Loading class sun/util/resources/cldr/TimeZoneNames_en done
Event: 31.159 Loading class sun/util/resources/cldr/TimeZoneNames_en_US
Event: 31.159 Loading class sun/util/resources/cldr/TimeZoneNames_en_US done
Event: 31.161 Loading class sun/util/cldr/CLDRBaseLocaleDataMetaInfo$TZCanonicalIDMapHolder
Event: 31.162 Loading class sun/util/cldr/CLDRBaseLocaleDataMetaInfo$TZCanonicalIDMapHolder done
Event: 31.164 Loading class sun/util/resources/TimeZoneNames
Event: 31.166 Loading class sun/util/resources/TimeZoneNames done
Event: 31.166 Loading class sun/util/resources/TimeZoneNames_en
Event: 31.166 Loading class sun/util/resources/TimeZoneNames_en done
Event: 33.682 Loading class java/util/stream/DistinctOps
Event: 33.682 Loading class java/util/stream/DistinctOps done
Event: 33.682 Loading class java/util/stream/DistinctOps$1
Event: 33.682 Loading class java/util/stream/DistinctOps$1 done
Event: 33.687 Loading class java/util/stream/DistinctOps$1$2
Event: 33.687 Loading class java/util/stream/DistinctOps$1$2 done

Classes unloaded (10 events):
Event: 3.210 Thread 0x0000018135784600 Unloading class 0x00000181371ac800 'java/lang/invoke/LambdaForm$MH+0x00000181371ac800'
Event: 3.210 Thread 0x0000018135784600 Unloading class 0x00000181371ac400 'java/lang/invoke/LambdaForm$MH+0x00000181371ac400'
Event: 3.210 Thread 0x0000018135784600 Unloading class 0x00000181371ac000 'java/lang/invoke/LambdaForm$MH+0x00000181371ac000'
Event: 3.210 Thread 0x0000018135784600 Unloading class 0x00000181371abc00 'java/lang/invoke/LambdaForm$MH+0x00000181371abc00'
Event: 3.210 Thread 0x0000018135784600 Unloading class 0x00000181371ab800 'java/lang/invoke/LambdaForm$BMH+0x00000181371ab800'
Event: 3.210 Thread 0x0000018135784600 Unloading class 0x00000181371ab400 'java/lang/invoke/LambdaForm$DMH+0x00000181371ab400'
Event: 3.210 Thread 0x0000018135784600 Unloading class 0x00000181371aa400 'java/lang/invoke/LambdaForm$DMH+0x00000181371aa400'
Event: 7.539 Thread 0x0000018135784600 Unloading class 0x0000018137639000 'java/lang/invoke/LambdaForm$MH+0x0000018137639000'
Event: 7.539 Thread 0x0000018135784600 Unloading class 0x0000018137638800 'java/lang/invoke/LambdaForm$MH+0x0000018137638800'
Event: 7.539 Thread 0x0000018135784600 Unloading class 0x0000018137638000 'java/lang/invoke/LambdaForm$MH+0x0000018137638000'

Classes redefined (0 events):
No events

Internal exceptions (20 events):
Event: 35.100 Thread 0x000001817e34eab0 Exception <a 'sun/nio/fs/WindowsException'{0x00000000d566cfe0}> (0x00000000d566cfe0) 
thrown [s\src\hotspot\share\prims\jni.cpp, line 520]
Event: 52.297 Thread 0x000001817e34eab0 Exception <a 'sun/nio/fs/WindowsException'{0x00000000d5630cf8}> (0x00000000d5630cf8) 
thrown [s\src\hotspot\share\prims\jni.cpp, line 520]
Event: 52.579 Thread 0x000001817e34eab0 Exception <a 'sun/nio/fs/WindowsException'{0x00000000d59df490}> (0x00000000d59df490) 
thrown [s\src\hotspot\share\prims\jni.cpp, line 520]
Event: 52.902 Thread 0x000001817e34d070 Exception <a 'java/lang/ArrayIndexOutOfBoundsException'{0x00000000d58c0038}> (0x00000000d58c0038) 
thrown [s\src\hotspot\share\runtime\sharedRuntime.cpp, line 625]
Event: 52.938 Thread 0x000001817e34d070 Exception <a 'java/lang/ArrayIndexOutOfBoundsException'{0x00000000d5929968}> (0x00000000d5929968) 
thrown [s\src\hotspot\share\runtime\sharedRuntime.cpp, line 625]
Event: 52.993 Thread 0x000001817e34e420 Exception <a 'java/lang/ArrayIndexOutOfBoundsException'{0x00000000d59ac820}> (0x00000000d59ac820) 
thrown [s\src\hotspot\share\runtime\sharedRuntime.cpp, line 625]
Event: 53.054 Thread 0x000001817e34d070 Exception <a 'java/lang/ArrayIndexOutOfBoundsException'{0x00000000d5a141e0}> (0x00000000d5a141e0) 
thrown [s\src\hotspot\share\runtime\sharedRuntime.cpp, line 625]
Event: 53.114 Thread 0x000001817e34d700 Exception <a 'java/lang/ArrayIndexOutOfBoundsException'{0x00000000d55aab30}> (0x00000000d55aab30) 
thrown [s\src\hotspot\share\runtime\sharedRuntime.cpp, line 625]
Event: 53.206 Thread 0x000001817e34d070 Exception <a 'java/lang/ArrayIndexOutOfBoundsException'{0x00000000d5607478}> (0x00000000d5607478) 
thrown [s\src\hotspot\share\runtime\sharedRuntime.cpp, line 625]
Event: 53.256 Thread 0x000001817e34e420 Exception <a 'java/lang/ArrayIndexOutOfBoundsException'{0x00000000d5666600}: Index 1552 out of bounds for length 1552> (0x00000000d5666600) 
thrown [s\src\hotspot\share\interpreter\interpreterRuntime.cpp, line 439]
Event: 53.282 Thread 0x0000018100429d20 Exception <a 'java/lang/ArrayIndexOutOfBoundsException'{0x00000000d56dca60}> (0x00000000d56dca60) 
thrown [s\src\hotspot\share\runtime\sharedRuntime.cpp, line 625]
Event: 53.311 Thread 0x000001817e34dd90 Exception <a 'java/lang/ArrayIndexOutOfBoundsException'{0x00000000d5731478}> (0x00000000d5731478) 
thrown [s\src\hotspot\share\runtime\sharedRuntime.cpp, line 625]
Event: 53.394 Thread 0x000001817e34dd90 Exception <a 'java/lang/ArrayIndexOutOfBoundsException'{0x00000000d57ec030}> (0x00000000d57ec030) 
thrown [s\src\hotspot\share\runtime\sharedRuntime.cpp, line 625]
Event: 53.425 Thread 0x000001817e34d700 Exception <a 'java/lang/ArrayIndexOutOfBoundsException'{0x00000000d583c340}> (0x00000000d583c340) 
thrown [s\src\hotspot\share\runtime\sharedRuntime.cpp, line 625]
Event: 53.476 Thread 0x000001817e34d070 Exception <a 'java/lang/ArrayIndexOutOfBoundsException'{0x00000000d58bcea0}> (0x00000000d58bcea0) 
thrown [s\src\hotspot\share\runtime\sharedRuntime.cpp, line 625]
Event: 53.543 Thread 0x000001817e34d700 Exception <a 'java/lang/ArrayIndexOutOfBoundsException'{0x00000000d591d7a8}> (0x00000000d591d7a8) 
thrown [s\src\hotspot\share\runtime\sharedRuntime.cpp, line 625]
Event: 53.912 Thread 0x0000018100429d20 Exception <a 'java/lang/ArrayIndexOutOfBoundsException'{0x00000000d5986138}> (0x00000000d5986138) 
thrown [s\src\hotspot\share\runtime\sharedRuntime.cpp, line 625]
Event: 54.092 Thread 0x000001817e3504f0 Exception <a 'java/lang/ArrayIndexOutOfBoundsException'{0x00000000d56c38e8}> (0x00000000d56c38e8) 
thrown [s\src\hotspot\share\runtime\sharedRuntime.cpp, line 625]
Event: 54.156 Thread 0x000001817e34dd90 Exception <a 'java/lang/ArrayIndexOutOfBoundsException'{0x00000000d58466b8}> (0x00000000d58466b8) 
thrown [s\src\hotspot\share\runtime\sharedRuntime.cpp, line 625]
Event: 54.342 Thread 0x000001817e34eab0 Exception <a 'sun/nio/fs/WindowsException'{0x00000000d56ad910}> (0x00000000d56ad910) 
thrown [s\src\hotspot\share\prims\jni.cpp, line 520]

ZGC Phase Switch (0 events):
No events

VM Operations (20 events):
Event: 52.378 Executing VM operation: ParallelGCFailedAllocation (Allocation Failure)
Event: 52.382 Executing VM operation: ParallelGCFailedAllocation (Allocation Failure) done
Event: 52.425 Executing VM operation: ParallelGCFailedAllocation (Allocation Failure)
Event: 52.428 Executing VM operation: ParallelGCFailedAllocation (Allocation Failure) done
Event: 52.492 Executing VM operation: ParallelGCFailedAllocation (Allocation Failure)
Event: 52.495 Executing VM operation: ParallelGCFailedAllocation (Allocation Failure) done
Event: 52.592 Executing VM operation: ParallelGCFailedAllocation (Allocation Failure)
Event: 52.596 Executing VM operation: ParallelGCFailedAllocation (Allocation Failure) done
Event: 53.091 Executing VM operation: ParallelGCFailedAllocation (Allocation Failure)
Event: 53.094 Executing VM operation: ParallelGCFailedAllocation (Allocation Failure) done
Event: 54.036 Executing VM operation: ParallelGCFailedAllocation (Allocation Failure)
Event: 54.037 Executing VM operation: ParallelGCFailedAllocation (Allocation Failure) done
Event: 54.220 Executing VM operation: ParallelGCFailedAllocation (Allocation Failure)
Event: 54.221 Executing VM operation: ParallelGCFailedAllocation (Allocation Failure) done
Event: 54.353 Executing VM operation: ParallelGCFailedAllocation (Allocation Failure)
Event: 54.356 Executing VM operation: ParallelGCFailedAllocation (Allocation Failure) done
Event: 54.385 Executing VM operation: ParallelGCFailedAllocation (Allocation Failure)
Event: 54.390 Executing VM operation: ParallelGCFailedAllocation (Allocation Failure) done
Event: 54.416 Executing VM operation: ParallelGCFailedAllocation (Allocation Failure)
Event: 54.420 Executing VM operation: ParallelGCFailedAllocation (Allocation Failure) done

Memory protections (0 events):
No events

Nmethod flushes (20 events):
Event: 7.559 Thread 0x0000018135784600 flushing  nmethod 0x00000181227d3210
Event: 7.559 Thread 0x0000018135784600 flushing  nmethod 0x00000181227dcd10
Event: 7.559 Thread 0x0000018135784600 flushing  nmethod 0x00000181227f3310
Event: 7.559 Thread 0x0000018135784600 flushing  nmethod 0x0000018122804a90
Event: 7.559 Thread 0x0000018135784600 flushing osr nmethod 0x000001812286f210
Event: 7.559 Thread 0x0000018135784600 flushing  nmethod 0x000001812287ec90
Event: 7.559 Thread 0x0000018135784600 flushing  nmethod 0x0000018122884610
Event: 7.559 Thread 0x0000018135784600 flushing  nmethod 0x000001812289e290
Event: 7.559 Thread 0x0000018135784600 flushing  nmethod 0x00000181228a1790
Event: 7.559 Thread 0x0000018135784600 flushing  nmethod 0x00000181228a9090
Event: 7.559 Thread 0x0000018135784600 flushing  nmethod 0x00000181228abf90
Event: 7.559 Thread 0x0000018135784600 flushing  nmethod 0x00000181228ac590
Event: 7.559 Thread 0x0000018135784600 flushing  nmethod 0x00000181228b2b90
Event: 7.559 Thread 0x0000018135784600 flushing  nmethod 0x00000181228b9310
Event: 7.559 Thread 0x0000018135784600 flushing  nmethod 0x00000181228f1810
Event: 7.559 Thread 0x0000018135784600 flushing  nmethod 0x00000181228f1f10
Event: 7.559 Thread 0x0000018135784600 flushing  nmethod 0x00000181228f2290
Event: 7.559 Thread 0x0000018135784600 flushing  nmethod 0x00000181228fd710
Event: 7.559 Thread 0x0000018135784600 flushing  nmethod 0x0000018122939690
Event: 7.559 Thread 0x0000018135784600 flushing  nmethod 0x0000018122972890

Events (20 events):
Event: 34.153 Thread 0x000001810c14cdb0 Thread exited: 0x000001810c14cdb0
Event: 34.416 Thread 0x000001810c149060 Thread exited: 0x000001810c149060
Event: 34.752 Thread 0x000001811eda1b10 Thread added: 0x000001810c14b940
Event: 34.793 Thread 0x000001811eda1b10 Thread added: 0x000001810c14aba0
Event: 36.480 Thread 0x000001810c14aba0 Thread exited: 0x000001810c14aba0
Event: 36.480 Thread 0x000001810c14b940 Thread exited: 0x000001810c14b940
Event: 36.483 Thread 0x000001811eda1b10 Thread added: 0x000001810c14aba0
Event: 36.488 Thread 0x000001811eda1b10 Thread added: 0x000001810c149e00
Event: 41.897 Thread 0x000001810c149e00 Thread exited: 0x000001810c149e00
Event: 46.896 Thread 0x000001810c14aba0 Thread exited: 0x000001810c14aba0
Event: 52.351 Thread 0x000001811eda1b10 Thread added: 0x000001810c14c6e0
Event: 52.351 Thread 0x000001811eda1b10 Thread added: 0x000001810c149060
Event: 52.584 Thread 0x000001810c149060 Thread exited: 0x000001810c149060
Event: 52.584 Thread 0x000001810c14c6e0 Thread exited: 0x000001810c14c6e0
Event: 52.622 Thread 0x000001811eda1b10 Thread added: 0x000001810c14c6e0
Event: 52.854 Thread 0x000001810c14c6e0 Thread exited: 0x000001810c14c6e0
Event: 53.005 Thread 0x000001811eda0180 Thread added: 0x000001810c14aba0
Event: 53.332 Thread 0x000001811eda1b10 Thread added: 0x000001810c149060
Event: 53.544 Thread 0x000001810c149060 Thread exited: 0x000001810c149060
Event: 54.345 Thread 0x000001810c14aba0 Thread added: 0x000001810c149e00


Dynamic libraries:
0x00007ff705260000 - 0x00007ff70526e000 	c:\Users\jane\.vscode\extensions\redhat.java-1.52.0-win32-x64\jre\21.0.9-win32-x86_64\bin\java.exe
0x00007ff98c7c0000 - 0x00007ff98ca27000 	C:\WINDOWS\SYSTEM32\ntdll.dll
0x00007ff98b6a0000 - 0x00007ff98b769000 	C:\WINDOWS\System32\KERNEL32.DLL
0x00007ff989c70000 - 0x00007ff98a05f000 	C:\WINDOWS\System32\KERNELBASE.dll
0x00007ff989a70000 - 0x00007ff989bbb000 	C:\WINDOWS\System32\ucrtbase.dll
0x00007ff8eab10000 - 0x00007ff8eab28000 	c:\Users\jane\.vscode\extensions\redhat.java-1.52.0-win32-x64\jre\21.0.9-win32-x86_64\bin\jli.dll
0x00007ff98b3f0000 - 0x00007ff98b5b5000 	C:\WINDOWS\System32\USER32.dll
0x00007ff8eab30000 - 0x00007ff8eab4e000 	c:\Users\jane\.vscode\extensions\redhat.java-1.52.0-win32-x64\jre\21.0.9-win32-x86_64\bin\VCRUNTIME140.dll
0x00007ff989910000 - 0x00007ff989937000 	C:\WINDOWS\System32\win32u.dll
0x00007ff98b1a0000 - 0x00007ff98b1cb000 	C:\WINDOWS\System32\GDI32.dll
0x00007ff989940000 - 0x00007ff989a6c000 	C:\WINDOWS\System32\gdi32full.dll
0x00007ff976960000 - 0x00007ff976bf3000 	C:\WINDOWS\WinSxS\amd64_microsoft.windows.common-controls_6595b64144ccf1df_6.0.26100.7309_none_3e05feeae336a044\COMCTL32.dll
0x00007ff98a4b0000 - 0x00007ff98a553000 	C:\WINDOWS\System32\msvcp_win.dll
0x00007ff98a880000 - 0x00007ff98a929000 	C:\WINDOWS\System32\msvcrt.dll
0x00007ff98a7b0000 - 0x00007ff98a7e1000 	C:\WINDOWS\System32\IMM32.DLL
0x00007ff8eb580000 - 0x00007ff8eb58c000 	c:\Users\jane\.vscode\extensions\redhat.java-1.52.0-win32-x64\jre\21.0.9-win32-x86_64\bin\vcruntime140_1.dll
0x00007ff8eaa80000 - 0x00007ff8eab0d000 	c:\Users\jane\.vscode\extensions\redhat.java-1.52.0-win32-x64\jre\21.0.9-win32-x86_64\bin\msvcp140.dll
0x00007ff8e9b30000 - 0x00007ff8ea8d0000 	c:\Users\jane\.vscode\extensions\redhat.java-1.52.0-win32-x64\jre\21.0.9-win32-x86_64\bin\server\jvm.dll
0x00007ff98c6a0000 - 0x00007ff98c754000 	C:\WINDOWS\System32\ADVAPI32.dll
0x00007ff98a680000 - 0x00007ff98a726000 	C:\WINDOWS\System32\sechost.dll
0x00007ff98a560000 - 0x00007ff98a678000 	C:\WINDOWS\System32\RPCRT4.dll
0x00007ff98b120000 - 0x00007ff98b194000 	C:\WINDOWS\System32\WS2_32.dll
0x00007ff989730000 - 0x00007ff98978e000 	C:\WINDOWS\SYSTEM32\POWRPROF.dll
0x00007ff981a60000 - 0x00007ff981a95000 	C:\WINDOWS\SYSTEM32\WINMM.dll
0x00007ff981ef0000 - 0x00007ff981efb000 	C:\WINDOWS\SYSTEM32\VERSION.dll
0x00007ff989710000 - 0x00007ff989724000 	C:\WINDOWS\SYSTEM32\UMPDC.dll
0x00007ff988660000 - 0x00007ff98867b000 	C:\WINDOWS\SYSTEM32\kernel.appcore.dll
0x00007ff8eaa70000 - 0x00007ff8eaa7a000 	c:\Users\jane\.vscode\extensions\redhat.java-1.52.0-win32-x64\jre\21.0.9-win32-x86_64\bin\jimage.dll
0x00007ff986f00000 - 0x00007ff987142000 	C:\WINDOWS\SYSTEM32\DBGHELP.DLL
0x00007ff98b880000 - 0x00007ff98bc06000 	C:\WINDOWS\System32\combase.dll
0x00007ff98b5c0000 - 0x00007ff98b696000 	C:\WINDOWS\System32\OLEAUT32.dll
0x00007ff972400000 - 0x00007ff97243c000 	C:\WINDOWS\SYSTEM32\dbgcore.DLL
0x00007ff989bc0000 - 0x00007ff989c65000 	C:\WINDOWS\System32\bcryptPrimitives.dll
0x00007ff8eaa60000 - 0x00007ff8eaa6f000 	c:\Users\jane\.vscode\extensions\redhat.java-1.52.0-win32-x64\jre\21.0.9-win32-x86_64\bin\instrument.dll
0x00007ff8eaa40000 - 0x00007ff8eaa60000 	c:\Users\jane\.vscode\extensions\redhat.java-1.52.0-win32-x64\jre\21.0.9-win32-x86_64\bin\java.dll
0x00007ff98a9c0000 - 0x00007ff98b113000 	C:\WINDOWS\System32\SHELL32.dll
0x00007ff98a340000 - 0x00007ff98a4aa000 	C:\WINDOWS\System32\wintypes.dll
0x00007ff987490000 - 0x00007ff987cee000 	C:\WINDOWS\SYSTEM32\windows.storage.dll
0x00007ff98c3a0000 - 0x00007ff98c495000 	C:\WINDOWS\System32\SHCORE.dll
0x00007ff98a730000 - 0x00007ff98a796000 	C:\WINDOWS\System32\shlwapi.dll
0x00007ff9897f0000 - 0x00007ff989819000 	C:\WINDOWS\SYSTEM32\profapi.dll
0x00007ff8eaa20000 - 0x00007ff8eaa38000 	c:\Users\jane\.vscode\extensions\redhat.java-1.52.0-win32-x64\jre\21.0.9-win32-x86_64\bin\zip.dll
0x00007ff8ea8f0000 - 0x00007ff8ea900000 	C:\Users\jane\.vscode\extensions\redhat.java-1.52.0-win32-x64\jre\21.0.9-win32-x86_64\bin\net.dll
0x00007ff97ee60000 - 0x00007ff97ef88000 	C:\WINDOWS\SYSTEM32\WINHTTP.dll
0x00007ff988bf0000 - 0x00007ff988c5b000 	C:\WINDOWS\system32\mswsock.dll
0x00007ff8eaa00000 - 0x00007ff8eaa16000 	C:\Users\jane\.vscode\extensions\redhat.java-1.52.0-win32-x64\jre\21.0.9-win32-x86_64\bin\nio.dll
0x00007ff8ea9f0000 - 0x00007ff8eaa00000 	c:\Users\jane\.vscode\extensions\redhat.java-1.52.0-win32-x64\jre\21.0.9-win32-x86_64\bin\verify.dll
0x00007ff94c510000 - 0x00007ff94c555000 	C:\Users\jane\AppData\Roaming\Code\User\globalStorage\redhat.java\1.52.0\config_win\org.eclipse.equinox.launcher\org.eclipse.equinox.launcher.win32.win32.x86_64_1.2.1500.v20260121-1430\eclipse_11919.dll
0x00007ff98b250000 - 0x00007ff98b3e7000 	C:\WINDOWS\System32\ole32.dll
0x00007ff988eb0000 - 0x00007ff988ecb000 	C:\WINDOWS\SYSTEM32\CRYPTSP.dll
0x00007ff9885c0000 - 0x00007ff9885fa000 	C:\WINDOWS\system32\rsaenh.dll
0x00007ff988ca0000 - 0x00007ff988ccb000 	C:\WINDOWS\SYSTEM32\USERENV.dll
0x00007ff9897c0000 - 0x00007ff9897ea000 	C:\WINDOWS\SYSTEM32\bcrypt.dll
0x00007ff988ed0000 - 0x00007ff988edc000 	C:\WINDOWS\SYSTEM32\CRYPTBASE.dll
0x00007ff988090000 - 0x00007ff9880c4000 	C:\WINDOWS\SYSTEM32\IPHLPAPI.DLL
0x00007ff98b770000 - 0x00007ff98b77a000 	C:\WINDOWS\System32\NSI.dll
0x00007ff96ce50000 - 0x00007ff96ce99000 	C:\Users\jane\AppData\Local\Temp\jna-3254574\jna2135602016200843385.dll
0x00007ff98c4a0000 - 0x00007ff98c4a8000 	C:\WINDOWS\System32\PSAPI.DLL
0x00007ff982850000 - 0x00007ff98286e000 	C:\WINDOWS\SYSTEM32\dhcpcsvc6.DLL
0x00007ff9823f0000 - 0x00007ff982413000 	C:\WINDOWS\SYSTEM32\dhcpcsvc.DLL

JVMTI agents:
c:\Users\jane\.vscode\extensions\redhat.java-1.52.0-win32-x64\lombok\lombok-1.18.39-4050.jar path:c:\Users\jane\.vscode\extensions\redhat.java-1.52.0-win32-x64\jre\21.0.9-win32-x86_64\bin\instrument.dll, loaded, initialized, instrumentlib options:none

dbghelp: loaded successfully - version: 4.0.5 - missing functions: none
symbol engine: initialized successfully - sym options: 0x614 - pdb path: .;c:\Users\jane\.vscode\extensions\redhat.java-1.52.0-win32-x64\jre\21.0.9-win32-x86_64\bin;C:\WINDOWS\SYSTEM32;C:\WINDOWS\WinSxS\amd64_microsoft.windows.common-controls_6595b64144ccf1df_6.0.26100.7309_none_3e05feeae336a044;c:\Users\jane\.vscode\extensions\redhat.java-1.52.0-win32-x64\jre\21.0.9-win32-x86_64\bin\server;C:\Users\jane\AppData\Roaming\Code\User\globalStorage\redhat.java\1.52.0\config_win\org.eclipse.equinox.launcher\org.eclipse.equinox.launcher.win32.win32.x86_64_1.2.1500.v20260121-1430;C:\Users\jane\AppData\Local\Temp\jna-3254574

VM Arguments:
jvm_args: --add-modules=ALL-SYSTEM --add-opens=java.base/java.util=ALL-UNNAMED --add-opens=java.base/java.lang=ALL-UNNAMED --add-opens=java.base/sun.nio.fs=ALL-UNNAMED -Declipse.application=org.eclipse.jdt.ls.core.id1 -Dosgi.bundles.defaultStartLevel=4 -Declipse.product=org.eclipse.jdt.ls.core.product -Djava.import.generatesMetadataFilesAtProjectRoot=false -DDetectVMInstallationsJob.disabled=true -Dfile.encoding=utf8 -XX:+UseParallelGC -XX:GCTimeRatio=4 -XX:AdaptiveSizePolicyWeight=90 -Dsun.zip.disableMemoryMapping=true -Xmx2G -Xms100m -Xlog:disable -javaagent:c:\Users\jane\.vscode\extensions\redhat.java-1.52.0-win32-x64\lombok\lombok-1.18.39-4050.jar -XX:+HeapDumpOnOutOfMemoryError -XX:HeapDumpPath=c:\Users\jane\AppData\Roaming\Code\User\workspaceStorage\ae4f4d08618131b1e596844c1662fb19\redhat.java -Daether.dependencyCollector.impl=bf 
java_command: c:\Users\jane\.vscode\extensions\redhat.java-1.52.0-win32-x64\server\plugins\org.eclipse.equinox.launcher_1.7.100.v20251111-0406.jar -configuration c:\Users\jane\AppData\Roaming\Code\User\globalStorage\redhat.java\1.52.0\config_win -data c:\Users\jane\AppData\Roaming\Code\User\workspaceStorage\ae4f4d08618131b1e596844c1662fb19\redhat.java\jdt_ws --pipe=\\.\pipe\lsp-b398714477f8dd91c08feaafd1ea0d6a-sock
java_class_path (initial): c:\Users\jane\.vscode\extensions\redhat.java-1.52.0-win32-x64\server\plugins\org.eclipse.equinox.launcher_1.7.100.v20251111-0406.jar
Launcher Type: SUN_STANDARD

[Global flags]
    uintx AdaptiveSizePolicyWeight                 = 90                                        {product} {command line}
     intx CICompilerCount                          = 4                                         {product} {ergonomic}
    uintx GCTimeRatio                              = 4                                         {product} {command line}
     bool HeapDumpOnOutOfMemoryError               = true                                   {manageable} {command line}
    ccstr HeapDumpPath                             = c:\Users\jane\AppData\Roaming\Code\User\workspaceStorage\ae4f4d08618131b1e596844c1662fb19\redhat.java         {manageable} {command line}
   size_t InitialHeapSize                          = 104857600                                 {product} {command line}
   size_t MaxHeapSize                              = 2147483648                                {product} {command line}
   size_t MaxNewSize                               = 715653120                                 {product} {ergonomic}
   size_t MinHeapDeltaBytes                        = 524288                                    {product} {ergonomic}
   size_t MinHeapSize                              = 104857600                                 {product} {command line}
   size_t NewSize                                  = 34603008                                  {product} {ergonomic}
    uintx NonNMethodCodeHeapSize                   = 5839372                                {pd product} {ergonomic}
    uintx NonProfiledCodeHeapSize                  = 122909434                              {pd product} {ergonomic}
   size_t OldSize                                  = 70254592                                  {product} {ergonomic}
    uintx ProfiledCodeHeapSize                     = 122909434                              {pd product} {ergonomic}
    uintx ReservedCodeCacheSize                    = 251658240                              {pd product} {ergonomic}
     bool SegmentedCodeCache                       = true                                      {product} {ergonomic}
   size_t SoftMaxHeapSize                          = 2147483648                             {manageable} {ergonomic}
     bool UseCompressedOops                        = true                           {product lp64_product} {ergonomic}
     bool UseLargePagesIndividualAllocation        = false                                  {pd product} {ergonomic}
     bool UseParallelGC                            = true                                      {product} {command line}

Logging:
Log output configuration:
 #0: stdout all=off uptime,level,tags foldmultilines=false
 #1: stderr all=off uptime,level,tags foldmultilines=false

Release file:
JAVA_VERSION="21.0.9" 
MODULES="java.base java.compiler java.datatransfer java.xml java.prefs java.desktop java.instrument java.logging java.management java.security.sasl java.naming java.rmi java.management.rmi java.net.http java.scripting java.security.jgss java.transaction.xa java.sql java.sql.rowset java.xml.crypto java.se java.smartcardio jdk.accessibility jdk.internal.jvmstat jdk.attach jdk.charsets jdk.internal.opt jdk.zipfs jdk.compiler jdk.crypto.ec jdk.crypto.cryptoki jdk.crypto.mscapi jdk.dynalink jdk.internal.ed jdk.editpad jdk.hotspot.agent jdk.httpserver jdk.internal.le jdk.internal.vm.ci jdk.internal.vm.compiler jdk.internal.vm.compiler.management jdk.jartool jdk.javadoc jdk.jcmd jdk.management jdk.management.agent jdk.jconsole jdk.jdeps jdk.jdwp.agent jdk.jdi jdk.jfr jdk.jshell jdk.jsobject jdk.jstatd jdk.localedata jdk.management.jfr jdk.naming.dns jdk.naming.rmi jdk.net jdk.nio.mapmode jdk.random jdk.sctp jdk.security.auth jdk.security.jgss jdk.unsupported jdk.unsupported.desktop jdk.xml.dom" 

Environment Variables:
JAVA_HOME=D:\develop\Javatwo\jdk-11
PATH=C:\WINDOWS\system32;C:\WINDOWS;C:\WINDOWS\System32\Wbem;C:\WINDOWS\System32\WindowsPowerShell\v1.0\;C:\WINDOWS\System32\OpenSSH\;C:\Program Files\WireGuard\;C:\Program Files\Cloudflare\Cloudflare WARP\;D:\develop\apache-maven-3.9.4\bin;D:\develop\mysql-8.0.34-winx64\bin;C:\Program Files\Git\cmd;D:\develop\cursor\resources\app\bin;D:\develop\nodejs\;D:\develop\nodejs\node_global\node_modules;D:\qt6\Tools\mingw1310_64\bin;D:\qt6\Tools\CMake_64\bin;D:\qt6\6.9.3\mingw_64\bin;D:\vcpkg;D:\develop\Javatwo\jdk-11\bin;C:\Program Files (x86)\Common Files\Oracle\Java\javapath;C:\Program Files\Common Files\Oracle\Java\javapath;D:\AndroidStudioSDK\platform-tools;D:\AndroidStudioSDK\build-tools\36.1.0;D:\develop\gradle-7.6.6\bin;C:\Users\jane\.cargo\bin;D:\anaconda3;D:\anaconda3\Library\mingw-w64\bin;D:\anaconda3\Library\usr\bin;D:\anaconda3\Library\bin;D:\anaconda3\Scripts;C:\Users\jane\AppData\Local\Programs\Python\Python39-32\Scripts\;C:\Users\jane\AppData\Local\Programs\Python\Python39-32\;C:\Users\jane\AppData\Local\Microsoft\WindowsApps;C:\Users\jane\AppData\Local\Programs\Microsoft VS Code\bin;D:\develop\IntelliJIDEA2024.2.2\bin;;D:\develop\DataGrip 2024.1.1\bin;;D:\develop\CodeBuddy CN\bin;C:\Users\jane\AppData\Roaming\npm;D:\developoverseas\Qoder\bin;D:\developoverseas\Antigravity\bin
USERNAME=jane
OS=Windows_NT
PROCESSOR_IDENTIFIER=AMD64 Family 25 Model 68 Stepping 1, AuthenticAMD
TMP=C:\Users\jane\AppData\Local\Temp
TEMP=C:\Users\jane\AppData\Local\Temp




Periodic native trim disabled

---------------  S Y S T E M  ---------------

OS:
 Windows 11 , 64 bit Build 26100 (10.0.26100.7623)
OS uptime: 0 days 1:15 hours
Hyper-V role detected

CPU: total 12 (initial active 12) (12 cores per cpu, 2 threads per core) family 25 model 68 stepping 1 microcode 0xa404101, cx8, cmov, fxsr, ht, mmx, 3dnowpref, sse, sse2, sse3, ssse3, sse4a, sse4.1, sse4.2, popcnt, lzcnt, tsc, tscinvbit, avx, avx2, aes, clmul, bmi1, bmi2, adx, sha, fma, vzeroupper, clflush, clflushopt, hv, rdtscp, rdpid, f16c, cet_ss
Processor Information for the first 12 processors :
  Max Mhz: 3301, Current Mhz: 3273, Mhz Limit: 3301

Memory: 4k page, system-wide physical 15556M (625M free)
TotalPageFile size 30637M (AvailPageFile size 21M)
current process WorkingSet (physical memory assigned to process): 411M, peak: 415M
current process commit charge ("private bytes"): 483M, peak: 487M

vm_info: OpenJDK 64-Bit Server VM (21.0.9+10-LTS) for windows-amd64 JRE (21.0.9+10-LTS), built on 2025-10-21T00:00:00Z by "admin" with unknown MS VC++:1942

END.
