#
# There is insufficient memory for the Java Runtime Environment to continue.
# Native memory allocation (malloc) failed to allocate 131088 bytes. Error detail: Chunk::new
# Possible reasons:
#   The system is out of physical RAM or swap space
#   This process is running with CompressedOops enabled, and the Java Heap may be blocking the growth of the native heap
# Possible solutions:
#   Reduce memory load on the system
#   Increase physical memory or swap space
#   Check if swap backing store is full
#   Decrease Java heap size (-Xmx/-Xms)
#   Decrease number of Java threads
#   Decrease Java thread stack sizes (-Xss)
#   Set larger code cache with -XX:ReservedCodeCacheSize=
#   JVM is running with Unscaled Compressed Oops mode in which the Java heap is
#     placed in the first 4GB address space. The Java Heap base address is the
#     maximum limit for the native heap growth. Please use -XX:HeapBaseMinAddress
#     to set the Java Heap base and to place the Java Heap above 4GB virtual address.
# This output file may be truncated or incomplete.
#
#  Out of Memory Error (arena.cpp:168), pid=24284, tid=6268
#
# JRE version: OpenJDK Runtime Environment (21.0.8) (build 21.0.8+-14196175-b1038.72)
# Java VM: OpenJDK 64-Bit Server VM (21.0.8+-14196175-b1038.72, mixed mode, tiered, compressed oops, compressed class ptrs, g1 gc, windows-amd64)
# No core dump will be written. Minidumps are not enabled by default on client versions of Windows
#

---------------  S U M M A R Y ------------

Command Line: --add-opens=java.base/java.util=ALL-UNNAMED --add-opens=java.base/java.lang=ALL-UNNAMED --add-opens=java.base/java.lang.invoke=ALL-UNNAMED --add-opens=java.prefs/java.util.prefs=ALL-UNNAMED --add-opens=java.base/java.nio.charset=ALL-UNNAMED --add-opens=java.base/java.net=ALL-UNNAMED --add-opens=java.base/java.util.concurrent.atomic=ALL-UNNAMED -Xmx2048m -Dfile.encoding=UTF-8 -Duser.country=CN -Duser.language=zh -Duser.variant -javaagent:C:\Users\jane\.gradle\wrapper\dists\gradle-8.5-bin\5t9huq95ubn472n8rpzujfbqh\gradle-8.5\lib\agents\gradle-instrumentation-agent-8.5.jar org.gradle.launcher.daemon.bootstrap.GradleDaemon 8.5

Host: AMD Ryzen 5 6600H with Radeon Graphics         , 12 cores, 15G,  Windows 11 , 64 bit Build 26100 (10.0.26100.7623)
Time: Mon Feb  9 23:44:01 2026 elapsed time: 22.020549 seconds (0d 0h 0m 22s)

---------------  T H R E A D  ---------------

Current thread (0x00000282d9c75670):  JavaThread "C2 CompilerThread0" daemon [_thread_in_native, id=6268, stack(0x000000d77fe00000,0x000000d77ff00000) (1024K)]


Current CompileTask:
C2:22020 12374   !   4       org.gradle.internal.instantiation.generator.DependencyInjectingInstantiator::doCreate (64 bytes)

Stack: [0x000000d77fe00000,0x000000d77ff00000]
Native frames: (J=compiled Java code, j=interpreted, Vv=VM code, C=native code)
V  [jvm.dll+0x6d68d9]
V  [jvm.dll+0x866693]
V  [jvm.dll+0x868c4e]
V  [jvm.dll+0x869333]
V  [jvm.dll+0x280566]
V  [jvm.dll+0xc07cd]
V  [jvm.dll+0xc0d03]
V  [jvm.dll+0xc08f5]
V  [jvm.dll+0x6b341c]
V  [jvm.dll+0x250aa9]
V  [jvm.dll+0x6fbf67]
V  [jvm.dll+0x248557]
V  [jvm.dll+0x1c73a4]
V  [jvm.dll+0x257f9e]
V  [jvm.dll+0x2564e6]
V  [jvm.dll+0x3f4696]
V  [jvm.dll+0x80eac8]
V  [jvm.dll+0x6d512d]
C  [ucrtbase.dll+0x37b0]
C  [KERNEL32.DLL+0x2e8d7]
C  [ntdll.dll+0x8c53c]


---------------  P R O C E S S  ---------------

Threads class SMR info:
_java_thread_list=0x00000282e3869fd0, length=85, elements={
0x00000282c1feeea0, 0x00000282d9c0ec30, 0x00000282d9c3c460, 0x00000282d9c3e920,
0x00000282d9c51e60, 0x00000282d9c50ad0, 0x00000282d9c645c0, 0x00000282d9c6e010,
0x00000282d9c75670, 0x00000282d9c7b970, 0x00000282d9ac2720, 0x00000282d9ac2db0,
0x00000282d9ac3440, 0x00000282d9ac3ad0, 0x00000282e031f7c0, 0x00000282e031fe50,
0x00000282e031d060, 0x00000282e0320b70, 0x00000282e031dd80, 0x00000282e0321200,
0x00000282e0321890, 0x00000282e03204e0, 0x00000282e031eaa0, 0x00000282e0321f20,
0x00000282e031f130, 0x00000282e0324680, 0x00000282e03225b0, 0x00000282e0323960,
0x00000282e0322c40, 0x00000282e03232d0, 0x00000282e135d870, 0x00000282e135b7a0,
0x00000282e135be30, 0x00000282e135cb50, 0x00000282e135c4c0, 0x00000282e135df00,
0x00000282e135e590, 0x00000282e135ec20, 0x00000282e135d1e0, 0x00000282e13620a0,
0x00000282e1362730, 0x00000282e135f2b0, 0x00000282e1360cf0, 0x00000282e1361380,
0x00000282e1361a10, 0x00000282e1362dc0, 0x00000282dfc85310, 0x00000282dfc86030,
0x00000282dfc838d0, 0x00000282dfc83f60, 0x00000282dfc82bb0, 0x00000282dfc866c0,
0x00000282dfc83240, 0x00000282dfc86d50, 0x00000282dfc88e20, 0x00000282dfc894b0,
0x00000282dfc88790, 0x00000282dfc8a1d0, 0x00000282dfc89b40, 0x00000282dfc88100,
0x00000282e244b520, 0x00000282e244a800, 0x00000282e2451790, 0x00000282e24503e0,
0x00000282e2450a70, 0x00000282e2451e20, 0x00000282da60cf30, 0x00000282da60f690,
0x00000282da60d5c0, 0x00000282da60e970, 0x00000282da60c210, 0x00000282da60fd20,
0x00000282da610a40, 0x00000282da6110d0, 0x00000282e43bcba0, 0x00000282e43bc510,
0x00000282e43bd230, 0x00000282e43b9720, 0x00000282e43b62a0, 0x00000282e43b7650,
0x00000282e43b6930, 0x00000282e43b8370, 0x00000282e43ba440, 0x00000282e43b7ce0,
0x00000282e1d4de50
}

Java Threads: ( => current thread )
  0x00000282c1feeea0 JavaThread "main"                              [_thread_blocked, id=17184, stack(0x000000d77ef00000,0x000000d77f000000) (1024K)]
  0x00000282d9c0ec30 JavaThread "Common-Cleaner"             daemon [_thread_blocked, id=15368, stack(0x000000d77f700000,0x000000d77f800000) (1024K)]
  0x00000282d9c3c460 JavaThread "Reference Handler"          daemon [_thread_blocked, id=10076, stack(0x000000d77f800000,0x000000d77f900000) (1024K)]
  0x00000282d9c3e920 JavaThread "Finalizer"                  daemon [_thread_blocked, id=1048, stack(0x000000d77f900000,0x000000d77fa00000) (1024K)]
  0x00000282d9c51e60 JavaThread "Signal Dispatcher"          daemon [_thread_blocked, id=20384, stack(0x000000d77fa00000,0x000000d77fb00000) (1024K)]
  0x00000282d9c50ad0 JavaThread "Attach Listener"            daemon [_thread_blocked, id=18032, stack(0x000000d77fb00000,0x000000d77fc00000) (1024K)]
  0x00000282d9c645c0 JavaThread "Service Thread"             daemon [_thread_blocked, id=20012, stack(0x000000d77fc00000,0x000000d77fd00000) (1024K)]
  0x00000282d9c6e010 JavaThread "Monitor Deflation Thread"   daemon [_thread_blocked, id=20120, stack(0x000000d77fd00000,0x000000d77fe00000) (1024K)]
=>0x00000282d9c75670 JavaThread "C2 CompilerThread0"         daemon [_thread_in_native, id=6268, stack(0x000000d77fe00000,0x000000d77ff00000) (1024K)]
  0x00000282d9c7b970 JavaThread "C1 CompilerThread0"         daemon [_thread_blocked, id=19232, stack(0x000000d77ff00000,0x000000d780000000) (1024K)]
  0x00000282d9ac2720 JavaThread "Notification Thread"        daemon [_thread_blocked, id=21024, stack(0x000000d700000000,0x000000d700100000) (1024K)]
  0x00000282d9ac2db0 JavaThread "Daemon health stats"               [_thread_blocked, id=18804, stack(0x000000d700600000,0x000000d700700000) (1024K)]
  0x00000282d9ac3440 JavaThread "Incoming local TCP Connector on port 4566"        [_thread_in_native, id=7856, stack(0x000000d700700000,0x000000d700800000) (1024K)]
  0x00000282d9ac3ad0 JavaThread "Daemon periodic checks"            [_thread_blocked, id=11716, stack(0x000000d700800000,0x000000d700900000) (1024K)]
  0x00000282e031f7c0 JavaThread "Daemon"                            [_thread_blocked, id=4572, stack(0x000000d700900000,0x000000d700a00000) (1024K)]
  0x00000282e031fe50 JavaThread "Handler for socket connection from /127.0.0.1:4566 to /127.0.0.1:4570"        [_thread_in_native, id=8656, stack(0x000000d700a00000,0x000000d700b00000) (1024K)]
  0x00000282e031d060 JavaThread "Cancel handler"                    [_thread_blocked, id=22512, stack(0x000000d700b00000,0x000000d700c00000) (1024K)]
  0x00000282e0320b70 JavaThread "Daemon worker"                     [_thread_blocked, id=14860, stack(0x000000d700c00000,0x000000d700d00000) (1024K)]
  0x00000282e031dd80 JavaThread "Asynchronous log dispatcher for DefaultDaemonConnection: socket connection from /127.0.0.1:4566 to /127.0.0.1:4570"        [_thread_blocked, id=15012, stack(0x000000d700d00000,0x000000d700e00000) (1024K)]
  0x00000282e0321200 JavaThread "Stdin handler"                     [_thread_blocked, id=13632, stack(0x000000d700e00000,0x000000d700f00000) (1024K)]
  0x00000282e0321890 JavaThread "Daemon client event forwarder"        [_thread_blocked, id=22996, stack(0x000000d700f00000,0x000000d701000000) (1024K)]
  0x00000282e03204e0 JavaThread "Cache worker for journal cache (C:\Users\jane\.gradle\caches\journal-1)"        [_thread_blocked, id=15656, stack(0x000000d701700000,0x000000d701800000) (1024K)]
  0x00000282e031eaa0 JavaThread "File lock request listener"        [_thread_in_native, id=21316, stack(0x000000d701800000,0x000000d701900000) (1024K)]
  0x00000282e0321f20 JavaThread "Cache worker for file hash cache (C:\Users\jane\.gradle\caches\8.5\fileHashes)"        [_thread_blocked, id=21176, stack(0x000000d701900000,0x000000d701a00000) (1024K)]
  0x00000282e031f130 JavaThread "File watcher server"        daemon [_thread_in_native, id=3716, stack(0x000000d701b00000,0x000000d701c00000) (1024K)]
  0x00000282e0324680 JavaThread "File watcher consumer"      daemon [_thread_blocked, id=23860, stack(0x000000d701c00000,0x000000d701d00000) (1024K)]
  0x00000282e03225b0 JavaThread "Cache worker for checksums cache (D:\project\dianmingbuyongpa\android\.gradle\8.5\checksums)"        [_thread_blocked, id=2620, stack(0x000000d701d00000,0x000000d701e00000) (1024K)]
  0x00000282e0323960 JavaThread "Cache worker for file hash cache (D:\project\dianmingbuyongpa\android\.gradle\8.5\fileHashes)"        [_thread_blocked, id=8448, stack(0x000000d701e00000,0x000000d701f00000) (1024K)]
  0x00000282e0322c40 JavaThread "Cache worker for cache directory md-supplier (C:\Users\jane\.gradle\caches\8.5\md-supplier)"        [_thread_blocked, id=21556, stack(0x000000d701f00000,0x000000d702000000) (1024K)]
  0x00000282e03232d0 JavaThread "Cache worker for cache directory md-rule (C:\Users\jane\.gradle\caches\8.5\md-rule)"        [_thread_blocked, id=4796, stack(0x000000d702000000,0x000000d702100000) (1024K)]
  0x00000282e135d870 JavaThread "File lock release action executor"        [_thread_blocked, id=6524, stack(0x000000d702100000,0x000000d702200000) (1024K)]
  0x00000282e135b7a0 JavaThread "Cache worker for file content cache (C:\Users\jane\.gradle\caches\8.5\fileContent)"        [_thread_blocked, id=7988, stack(0x000000d702200000,0x000000d702300000) (1024K)]
  0x00000282e135be30 JavaThread "Cache worker for execution history cache (C:\Users\jane\.gradle\caches\8.5\executionHistory)"        [_thread_blocked, id=16120, stack(0x000000d702300000,0x000000d702400000) (1024K)]
  0x00000282e135cb50 JavaThread "jar transforms"                    [_thread_blocked, id=21880, stack(0x000000d701a00000,0x000000d701b00000) (1024K)]
  0x00000282e135c4c0 JavaThread "jar transforms Thread 2"           [_thread_blocked, id=10768, stack(0x000000d702400000,0x000000d702500000) (1024K)]
  0x00000282e135df00 JavaThread "jar transforms Thread 3"           [_thread_blocked, id=16952, stack(0x000000d702600000,0x000000d702700000) (1024K)]
  0x00000282e135e590 JavaThread "jar transforms Thread 4"           [_thread_blocked, id=18800, stack(0x000000d700100000,0x000000d700200000) (1024K)]
  0x00000282e135ec20 JavaThread "jar transforms Thread 5"           [_thread_blocked, id=17440, stack(0x000000d702500000,0x000000d702600000) (1024K)]
  0x00000282e135d1e0 JavaThread "jar transforms Thread 6"           [_thread_blocked, id=21408, stack(0x000000d702700000,0x000000d702800000) (1024K)]
  0x00000282e13620a0 JavaThread "jar transforms Thread 7"           [_thread_blocked, id=10264, stack(0x000000d702800000,0x000000d702900000) (1024K)]
  0x00000282e1362730 JavaThread "jar transforms Thread 8"           [_thread_blocked, id=21228, stack(0x000000d702900000,0x000000d702a00000) (1024K)]
  0x00000282e135f2b0 JavaThread "jar transforms Thread 9"           [_thread_blocked, id=23792, stack(0x000000d702a00000,0x000000d702b00000) (1024K)]
  0x00000282e1360cf0 JavaThread "jar transforms Thread 10"          [_thread_blocked, id=10052, stack(0x000000d702b00000,0x000000d702c00000) (1024K)]
  0x00000282e1361380 JavaThread "jar transforms Thread 11"          [_thread_blocked, id=10072, stack(0x000000d702c00000,0x000000d702d00000) (1024K)]
  0x00000282e1361a10 JavaThread "jar transforms Thread 12"          [_thread_blocked, id=19692, stack(0x000000d702d00000,0x000000d702e00000) (1024K)]
  0x00000282e1362dc0 JavaThread "Cache worker for dependencies-accessors (D:\project\dianmingbuyongpa\android\.gradle\8.5\dependencies-accessors)"        [_thread_blocked, id=24108, stack(0x000000d702f00000,0x000000d703000000) (1024K)]
  0x00000282dfc85310 JavaThread "Cache worker for Build Output Cleanup Cache (D:\project\dianmingbuyongpa\android\.gradle\buildOutputCleanup)"        [_thread_blocked, id=10808, stack(0x000000d703000000,0x000000d703100000) (1024K)]
  0x00000282dfc86030 JavaThread "Unconstrained build operations"        [_thread_blocked, id=17120, stack(0x000000d703200000,0x000000d703300000) (1024K)]
  0x00000282dfc838d0 JavaThread "Unconstrained build operations Thread 2"        [_thread_blocked, id=10164, stack(0x000000d703300000,0x000000d703400000) (1024K)]
  0x00000282dfc83f60 JavaThread "Unconstrained build operations Thread 3"        [_thread_blocked, id=24236, stack(0x000000d703400000,0x000000d703500000) (1024K)]
  0x00000282dfc82bb0 JavaThread "Unconstrained build operations Thread 4"        [_thread_blocked, id=4876, stack(0x000000d703500000,0x000000d703600000) (1024K)]
  0x00000282dfc866c0 JavaThread "Unconstrained build operations Thread 5"        [_thread_blocked, id=24112, stack(0x000000d703600000,0x000000d703700000) (1024K)]
  0x00000282dfc83240 JavaThread "Unconstrained build operations Thread 6"        [_thread_blocked, id=16076, stack(0x000000d703700000,0x000000d703800000) (1024K)]
  0x00000282dfc86d50 JavaThread "Unconstrained build operations Thread 7"        [_thread_blocked, id=600, stack(0x000000d703800000,0x000000d703900000) (1024K)]
  0x00000282dfc88e20 JavaThread "Unconstrained build operations Thread 8"        [_thread_blocked, id=1440, stack(0x000000d703900000,0x000000d703a00000) (1024K)]
  0x00000282dfc894b0 JavaThread "Unconstrained build operations Thread 9"        [_thread_blocked, id=11564, stack(0x000000d703a00000,0x000000d703b00000) (1024K)]
  0x00000282dfc88790 JavaThread "Unconstrained build operations Thread 10"        [_thread_blocked, id=6392, stack(0x000000d703b00000,0x000000d703c00000) (1024K)]
  0x00000282dfc8a1d0 JavaThread "Unconstrained build operations Thread 11"        [_thread_blocked, id=15152, stack(0x000000d703c00000,0x000000d703d00000) (1024K)]
  0x00000282dfc89b40 JavaThread "build event listener"              [_thread_blocked, id=21648, stack(0x000000d703d00000,0x000000d703e00000) (1024K)]
  0x00000282dfc88100 JavaThread "Memory manager"                    [_thread_blocked, id=4188, stack(0x000000d703100000,0x000000d703200000) (1024K)]
  0x00000282e244b520 JavaThread "build event listener"              [_thread_blocked, id=24040, stack(0x000000d703f00000,0x000000d704000000) (1024K)]
  0x00000282e244a800 JavaThread "included builds"                   [_thread_in_native, id=2376, stack(0x000000d704000000,0x000000d704100000) (1024K)]
  0x00000282e2451790 JavaThread "Execution worker"                  [_thread_blocked, id=23868, stack(0x000000d704100000,0x000000d704200000) (1024K)]
  0x00000282e24503e0 JavaThread "Execution worker Thread 2"         [_thread_blocked, id=17300, stack(0x000000d704200000,0x000000d704300000) (1024K)]
  0x00000282e2450a70 JavaThread "Execution worker Thread 3"         [_thread_blocked, id=24208, stack(0x000000d704300000,0x000000d704400000) (1024K)]
  0x00000282e2451e20 JavaThread "Execution worker Thread 4"         [_thread_blocked, id=10448, stack(0x000000d704400000,0x000000d704500000) (1024K)]
  0x00000282da60cf30 JavaThread "Execution worker Thread 5"         [_thread_blocked, id=5712, stack(0x000000d704500000,0x000000d704600000) (1024K)]
  0x00000282da60f690 JavaThread "Execution worker Thread 6"         [_thread_blocked, id=880, stack(0x000000d704600000,0x000000d704700000) (1024K)]
  0x00000282da60d5c0 JavaThread "Execution worker Thread 7"         [_thread_blocked, id=19556, stack(0x000000d704700000,0x000000d704800000) (1024K)]
  0x00000282da60e970 JavaThread "Execution worker Thread 8"         [_thread_blocked, id=11544, stack(0x000000d704800000,0x000000d704900000) (1024K)]
  0x00000282da60c210 JavaThread "Execution worker Thread 9"         [_thread_blocked, id=21128, stack(0x000000d704900000,0x000000d704a00000) (1024K)]
  0x00000282da60fd20 JavaThread "Execution worker Thread 10"        [_thread_blocked, id=22612, stack(0x000000d704a00000,0x000000d704b00000) (1024K)]
  0x00000282da610a40 JavaThread "Execution worker Thread 11"        [_thread_blocked, id=8756, stack(0x000000d704b00000,0x000000d704c00000) (1024K)]
  0x00000282da6110d0 JavaThread "Cache worker for execution history cache (D:\project\dianmingbuyongpa\android\.gradle\8.5\executionHistory)"        [_thread_blocked, id=18008, stack(0x000000d704c00000,0x000000d704d00000) (1024K)]
  0x00000282e43bcba0 JavaThread "Unconstrained build operations Thread 12"        [_thread_blocked, id=10400, stack(0x000000d704d00000,0x000000d704e00000) (1024K)]
  0x00000282e43bc510 JavaThread "Unconstrained build operations Thread 13"        [_thread_blocked, id=18864, stack(0x000000d704e00000,0x000000d704f00000) (1024K)]
  0x00000282e43bd230 JavaThread "Unconstrained build operations Thread 14"        [_thread_blocked, id=19924, stack(0x000000d704f00000,0x000000d705000000) (1024K)]
  0x00000282e43b9720 JavaThread "Unconstrained build operations Thread 15"        [_thread_blocked, id=24440, stack(0x000000d705100000,0x000000d705200000) (1024K)]
  0x00000282e43b62a0 JavaThread "Unconstrained build operations Thread 16"        [_thread_blocked, id=6044, stack(0x000000d705200000,0x000000d705300000) (1024K)]
  0x00000282e43b7650 JavaThread "Unconstrained build operations Thread 17"        [_thread_blocked, id=24564, stack(0x000000d705300000,0x000000d705400000) (1024K)]
  0x00000282e43b6930 JavaThread "Unconstrained build operations Thread 18"        [_thread_blocked, id=12688, stack(0x000000d703e00000,0x000000d703f00000) (1024K)]
  0x00000282e43b8370 JavaThread "Unconstrained build operations Thread 19"        [_thread_blocked, id=24296, stack(0x000000d705400000,0x000000d705500000) (1024K)]
  0x00000282e43ba440 JavaThread "Unconstrained build operations Thread 20"        [_thread_blocked, id=3200, stack(0x000000d702e00000,0x000000d702f00000) (1024K)]
  0x00000282e43b7ce0 JavaThread "Unconstrained build operations Thread 21"        [_thread_blocked, id=9328, stack(0x000000d705500000,0x000000d705600000) (1024K)]
  0x00000282e1d4de50 JavaThread "C2 CompilerThread1"         daemon [_thread_in_native, id=18668, stack(0x000000d705600000,0x000000d705700000) (1024K)]
Total: 85

Other Threads:
  0x00000282d9b2e260 VMThread "VM Thread"                           [id=13516, stack(0x000000d77f600000,0x000000d77f700000) (1024K)]
  0x00000282d9bb09d0 WatcherThread "VM Periodic Task Thread"        [id=3020, stack(0x000000d77f500000,0x000000d77f600000) (1024K)]
  0x00000282c2047220 WorkerThread "GC Thread#0"                     [id=18296, stack(0x000000d77f000000,0x000000d77f100000) (1024K)]
  0x00000282df22f920 WorkerThread "GC Thread#1"                     [id=9400, stack(0x000000d700200000,0x000000d700300000) (1024K)]
  0x00000282df2300d0 WorkerThread "GC Thread#2"                     [id=4036, stack(0x000000d700300000,0x000000d700400000) (1024K)]
  0x00000282df230470 WorkerThread "GC Thread#3"                     [id=18056, stack(0x000000d700400000,0x000000d700500000) (1024K)]
  0x00000282df45b210 WorkerThread "GC Thread#4"                     [id=22204, stack(0x000000d700500000,0x000000d700600000) (1024K)]
  0x00000282e07e8a90 WorkerThread "GC Thread#5"                     [id=5352, stack(0x000000d701000000,0x000000d701100000) (1024K)]
  0x00000282e0600310 WorkerThread "GC Thread#6"                     [id=8512, stack(0x000000d701100000,0x000000d701200000) (1024K)]
  0x00000282e06006b0 WorkerThread "GC Thread#7"                     [id=22660, stack(0x000000d701200000,0x000000d701300000) (1024K)]
  0x00000282e07cf5e0 WorkerThread "GC Thread#8"                     [id=17928, stack(0x000000d701300000,0x000000d701400000) (1024K)]
  0x00000282e07cf980 WorkerThread "GC Thread#9"                     [id=8484, stack(0x000000d701400000,0x000000d701500000) (1024K)]
  0x00000282c2058270 ConcurrentGCThread "G1 Main Marker"            [id=14168, stack(0x000000d77f100000,0x000000d77f200000) (1024K)]
  0x00000282c205a810 WorkerThread "G1 Conc#0"                       [id=17956, stack(0x000000d77f200000,0x000000d77f300000) (1024K)]
  0x00000282e07e5500 WorkerThread "G1 Conc#1"                       [id=19828, stack(0x000000d701500000,0x000000d701600000) (1024K)]
  0x00000282e07e4680 WorkerThread "G1 Conc#2"                       [id=14624, stack(0x000000d701600000,0x000000d701700000) (1024K)]
  0x00000282d9a07ef0 ConcurrentGCThread "G1 Refine#0"               [id=17456, stack(0x000000d77f300000,0x000000d77f400000) (1024K)]
  0x00000282d9a08320 ConcurrentGCThread "G1 Service"                [id=19836, stack(0x000000d77f400000,0x000000d77f500000) (1024K)]
Total: 18

Threads with active compile tasks:
C2 CompilerThread0  22051 12374   !   4       org.gradle.internal.instantiation.generator.DependencyInjectingInstantiator::doCreate (64 bytes)
C1 CompilerThread0  22051 12452       3       org.gradle.api.internal.artifacts.ivyservice.resolveengine.result.ComponentSelectorSerializer$OptimizingAttributeContainerSerializer::write (105 bytes)
C2 CompilerThread1  22051 12375       4       org.gradle.internal.instantiation.generator.DependencyInjectingInstantiator::convertParameters (126 bytes)
Total: 3

VM state: not at safepoint (normal execution)

VM Mutex/Monitor currently owned by a thread: None

Heap address: 0x0000000080000000, size: 2048 MB, Compressed Oops mode: 32-bit

CDS archive(s) not mapped
Compressed class space mapped at: 0x0000000100000000-0x0000000140000000, reserved size: 1073741824
Narrow klass base: 0x0000000000000000, Narrow klass shift: 3, Narrow klass range: 0x140000000

GC Precious Log:
 CardTable entry size: 512
 Card Set container configuration: InlinePtr #cards 5 size 8 Array Of Cards #cards 12 size 40 Howl #buckets 4 coarsen threshold 1843 Howl Bitmap #cards 512 size 80 coarsen threshold 460 Card regions per heap region 1 cards per card region 2048
 CPUs: 12 total, 12 available
 Memory: 15556M
 Large Page Support: Disabled
 NUMA Support: Disabled
 Compressed Oops: Enabled (32-bit)
 Heap Region Size: 1M
 Heap Min Capacity: 8M
 Heap Initial Capacity: 244M
 Heap Max Capacity: 2G
 Pre-touch: Disabled
 Parallel Workers: 10
 Concurrent Workers: 3
 Concurrent Refinement Workers: 10
 Periodic GC: Disabled

Heap:
 garbage-first heap   total 183296K, used 160886K [0x0000000080000000, 0x0000000100000000)
  region size 1024K, 52 young (53248K), 5 survivors (5120K)
 Metaspace       used 112441K, committed 114432K, reserved 1179648K
  class space    used 15805K, committed 16768K, reserved 1048576K

Heap Regions: E=young(eden), S=young(survivor), O=old, HS=humongous(starts), HC=humongous(continues), CS=collection set, F=free, TAMS=top-at-mark-start, PB=parsable bottom
|   0|0x0000000080000000, 0x0000000080100000, 0x0000000080100000|100%|HS|  |TAMS 0x0000000080000000| PB 0x0000000080000000| Complete 
|   1|0x0000000080100000, 0x0000000080200000, 0x0000000080200000|100%|HC|  |TAMS 0x0000000080100000| PB 0x0000000080100000| Complete 
|   2|0x0000000080200000, 0x0000000080300000, 0x0000000080300000|100%|HC|  |TAMS 0x0000000080200000| PB 0x0000000080200000| Complete 
|   3|0x0000000080300000, 0x0000000080400000, 0x0000000080400000|100%|HC|  |TAMS 0x0000000080300000| PB 0x0000000080300000| Complete 
|   4|0x0000000080400000, 0x0000000080500000, 0x0000000080500000|100%| O|  |TAMS 0x0000000080400000| PB 0x0000000080400000| Untracked 
|   5|0x0000000080500000, 0x0000000080600000, 0x0000000080600000|100%| O|  |TAMS 0x0000000080500000| PB 0x0000000080500000| Untracked 
|   6|0x0000000080600000, 0x0000000080700000, 0x0000000080700000|100%| O|  |TAMS 0x0000000080600000| PB 0x0000000080600000| Untracked 
|   7|0x0000000080700000, 0x0000000080800000, 0x0000000080800000|100%| O|  |TAMS 0x0000000080700000| PB 0x0000000080700000| Untracked 
|   8|0x0000000080800000, 0x0000000080900000, 0x0000000080900000|100%| O|  |TAMS 0x0000000080800000| PB 0x0000000080800000| Untracked 
|   9|0x0000000080900000, 0x0000000080a00000, 0x0000000080a00000|100%| O|  |TAMS 0x0000000080900000| PB 0x0000000080900000| Untracked 
|  10|0x0000000080a00000, 0x0000000080b00000, 0x0000000080b00000|100%| O|  |TAMS 0x0000000080a00000| PB 0x0000000080a00000| Untracked 
|  11|0x0000000080b00000, 0x0000000080c00000, 0x0000000080c00000|100%| O|  |TAMS 0x0000000080b00000| PB 0x0000000080b00000| Untracked 
|  12|0x0000000080c00000, 0x0000000080d00000, 0x0000000080d00000|100%| O|  |TAMS 0x0000000080c00000| PB 0x0000000080c00000| Untracked 
|  13|0x0000000080d00000, 0x0000000080e00000, 0x0000000080e00000|100%| O|  |TAMS 0x0000000080d00000| PB 0x0000000080d00000| Untracked 
|  14|0x0000000080e00000, 0x0000000080f00000, 0x0000000080f00000|100%| O|  |TAMS 0x0000000080e00000| PB 0x0000000080e00000| Untracked 
|  15|0x0000000080f00000, 0x0000000081000000, 0x0000000081000000|100%| O|  |TAMS 0x0000000080f00000| PB 0x0000000080f00000| Untracked 
|  16|0x0000000081000000, 0x0000000081100000, 0x0000000081100000|100%| O|  |TAMS 0x0000000081000000| PB 0x0000000081000000| Untracked 
|  17|0x0000000081100000, 0x0000000081200000, 0x0000000081200000|100%| O|  |TAMS 0x0000000081100000| PB 0x0000000081100000| Untracked 
|  18|0x0000000081200000, 0x0000000081300000, 0x0000000081300000|100%| O|  |TAMS 0x0000000081200000| PB 0x0000000081200000| Untracked 
|  19|0x0000000081300000, 0x0000000081400000, 0x0000000081400000|100%| O|  |TAMS 0x0000000081300000| PB 0x0000000081300000| Untracked 
|  20|0x0000000081400000, 0x0000000081500000, 0x0000000081500000|100%| O|  |TAMS 0x0000000081400000| PB 0x0000000081400000| Untracked 
|  21|0x0000000081500000, 0x0000000081600000, 0x0000000081600000|100%| O|  |TAMS 0x0000000081500000| PB 0x0000000081500000| Untracked 
|  22|0x0000000081600000, 0x0000000081700000, 0x0000000081700000|100%|HS|  |TAMS 0x0000000081600000| PB 0x0000000081600000| Complete 
|  23|0x0000000081700000, 0x0000000081800000, 0x0000000081800000|100%|HC|  |TAMS 0x0000000081700000| PB 0x0000000081700000| Complete 
|  24|0x0000000081800000, 0x0000000081900000, 0x0000000081900000|100%| O|  |TAMS 0x0000000081800000| PB 0x0000000081800000| Untracked 
|  25|0x0000000081900000, 0x0000000081a00000, 0x0000000081a00000|100%| O|  |TAMS 0x0000000081900000| PB 0x0000000081900000| Untracked 
|  26|0x0000000081a00000, 0x0000000081b00000, 0x0000000081b00000|100%| O|  |TAMS 0x0000000081a00000| PB 0x0000000081a00000| Untracked 
|  27|0x0000000081b00000, 0x0000000081c00000, 0x0000000081c00000|100%| O|  |TAMS 0x0000000081b00000| PB 0x0000000081b00000| Untracked 
|  28|0x0000000081c00000, 0x0000000081d00000, 0x0000000081d00000|100%| O|  |TAMS 0x0000000081c00000| PB 0x0000000081c00000| Untracked 
|  29|0x0000000081d00000, 0x0000000081e00000, 0x0000000081e00000|100%| O|  |TAMS 0x0000000081d00000| PB 0x0000000081d00000| Untracked 
|  30|0x0000000081e00000, 0x0000000081f00000, 0x0000000081f00000|100%| O|  |TAMS 0x0000000081e00000| PB 0x0000000081e00000| Untracked 
|  31|0x0000000081f00000, 0x0000000082000000, 0x0000000082000000|100%| O|  |TAMS 0x0000000081f00000| PB 0x0000000081f00000| Untracked 
|  32|0x0000000082000000, 0x0000000082100000, 0x0000000082100000|100%| O|  |TAMS 0x0000000082000000| PB 0x0000000082000000| Untracked 
|  33|0x0000000082100000, 0x0000000082200000, 0x0000000082200000|100%| O|  |TAMS 0x0000000082100000| PB 0x0000000082100000| Untracked 
|  34|0x0000000082200000, 0x0000000082300000, 0x0000000082300000|100%| O|  |TAMS 0x0000000082200000| PB 0x0000000082200000| Untracked 
|  35|0x0000000082300000, 0x0000000082400000, 0x0000000082400000|100%|HS|  |TAMS 0x0000000082300000| PB 0x0000000082300000| Complete 
|  36|0x0000000082400000, 0x0000000082500000, 0x0000000082500000|100%| O|  |TAMS 0x0000000082400000| PB 0x0000000082400000| Untracked 
|  37|0x0000000082500000, 0x0000000082600000, 0x0000000082600000|100%| O|  |TAMS 0x0000000082500000| PB 0x0000000082500000| Untracked 
|  38|0x0000000082600000, 0x0000000082700000, 0x0000000082700000|100%| O|  |TAMS 0x0000000082600000| PB 0x0000000082600000| Untracked 
|  39|0x0000000082700000, 0x0000000082800000, 0x0000000082800000|100%| O|  |TAMS 0x0000000082700000| PB 0x0000000082700000| Untracked 
|  40|0x0000000082800000, 0x0000000082900000, 0x0000000082900000|100%| O|  |TAMS 0x0000000082800000| PB 0x0000000082800000| Untracked 
|  41|0x0000000082900000, 0x0000000082a00000, 0x0000000082a00000|100%|HS|  |TAMS 0x0000000082900000| PB 0x0000000082900000| Complete 
|  42|0x0000000082a00000, 0x0000000082b00000, 0x0000000082b00000|100%|HC|  |TAMS 0x0000000082a00000| PB 0x0000000082a00000| Complete 
|  43|0x0000000082b00000, 0x0000000082c00000, 0x0000000082c00000|100%|HS|  |TAMS 0x0000000082b00000| PB 0x0000000082b00000| Complete 
|  44|0x0000000082c00000, 0x0000000082d00000, 0x0000000082d00000|100%| O|  |TAMS 0x0000000082c00000| PB 0x0000000082c00000| Untracked 
|  45|0x0000000082d00000, 0x0000000082e00000, 0x0000000082e00000|100%| O|  |TAMS 0x0000000082d00000| PB 0x0000000082d00000| Untracked 
|  46|0x0000000082e00000, 0x0000000082f00000, 0x0000000082f00000|100%| O|  |TAMS 0x0000000082e00000| PB 0x0000000082e00000| Untracked 
|  47|0x0000000082f00000, 0x0000000083000000, 0x0000000083000000|100%|HS|  |TAMS 0x0000000082f00000| PB 0x0000000082f00000| Complete 
|  48|0x0000000083000000, 0x0000000083100000, 0x0000000083100000|100%|HS|  |TAMS 0x0000000083000000| PB 0x0000000083000000| Complete 
|  49|0x0000000083100000, 0x0000000083200000, 0x0000000083200000|100%|HS|  |TAMS 0x0000000083100000| PB 0x0000000083100000| Complete 
|  50|0x0000000083200000, 0x0000000083300000, 0x0000000083300000|100%|HC|  |TAMS 0x0000000083200000| PB 0x0000000083200000| Complete 
|  51|0x0000000083300000, 0x0000000083400000, 0x0000000083400000|100%|HC|  |TAMS 0x0000000083300000| PB 0x0000000083300000| Complete 
|  52|0x0000000083400000, 0x0000000083500000, 0x0000000083500000|100%|HC|  |TAMS 0x0000000083400000| PB 0x0000000083400000| Complete 
|  53|0x0000000083500000, 0x0000000083600000, 0x0000000083600000|100%|HS|  |TAMS 0x0000000083500000| PB 0x0000000083500000| Complete 
|  54|0x0000000083600000, 0x0000000083700000, 0x0000000083700000|100%|HC|  |TAMS 0x0000000083600000| PB 0x0000000083600000| Complete 
|  55|0x0000000083700000, 0x0000000083800000, 0x0000000083800000|100%|HS|  |TAMS 0x0000000083700000| PB 0x0000000083700000| Complete 
|  56|0x0000000083800000, 0x0000000083900000, 0x0000000083900000|100%| O|  |TAMS 0x0000000083800000| PB 0x0000000083800000| Untracked 
|  57|0x0000000083900000, 0x0000000083a00000, 0x0000000083a00000|100%| O|  |TAMS 0x0000000083900000| PB 0x0000000083900000| Untracked 
|  58|0x0000000083a00000, 0x0000000083b00000, 0x0000000083b00000|100%| O|  |TAMS 0x0000000083a00000| PB 0x0000000083a00000| Untracked 
|  59|0x0000000083b00000, 0x0000000083c00000, 0x0000000083c00000|100%| O|  |TAMS 0x0000000083b00000| PB 0x0000000083b00000| Untracked 
|  60|0x0000000083c00000, 0x0000000083d00000, 0x0000000083d00000|100%| O|  |TAMS 0x0000000083c00000| PB 0x0000000083c00000| Untracked 
|  61|0x0000000083d00000, 0x0000000083e00000, 0x0000000083e00000|100%| O|  |TAMS 0x0000000083d00000| PB 0x0000000083d00000| Untracked 
|  62|0x0000000083e00000, 0x0000000083f00000, 0x0000000083f00000|100%| O|  |TAMS 0x0000000083e00000| PB 0x0000000083e00000| Untracked 
|  63|0x0000000083f00000, 0x0000000084000000, 0x0000000084000000|100%| O|  |TAMS 0x0000000083f00000| PB 0x0000000083f00000| Untracked 
|  64|0x0000000084000000, 0x0000000084100000, 0x0000000084100000|100%| O|  |TAMS 0x0000000084000000| PB 0x0000000084000000| Untracked 
|  65|0x0000000084100000, 0x0000000084200000, 0x0000000084200000|100%| O|  |TAMS 0x0000000084100000| PB 0x0000000084100000| Untracked 
|  66|0x0000000084200000, 0x0000000084300000, 0x0000000084300000|100%| O|  |TAMS 0x0000000084200000| PB 0x0000000084200000| Untracked 
|  67|0x0000000084300000, 0x0000000084400000, 0x0000000084400000|100%| O|  |TAMS 0x0000000084300000| PB 0x0000000084300000| Untracked 
|  68|0x0000000084400000, 0x0000000084500000, 0x0000000084500000|100%|HS|  |TAMS 0x0000000084400000| PB 0x0000000084400000| Complete 
|  69|0x0000000084500000, 0x0000000084600000, 0x0000000084600000|100%|HC|  |TAMS 0x0000000084500000| PB 0x0000000084500000| Complete 
|  70|0x0000000084600000, 0x0000000084700000, 0x0000000084700000|100%|HC|  |TAMS 0x0000000084600000| PB 0x0000000084600000| Complete 
|  71|0x0000000084700000, 0x0000000084800000, 0x0000000084800000|100%|HC|  |TAMS 0x0000000084700000| PB 0x0000000084700000| Complete 
|  72|0x0000000084800000, 0x0000000084900000, 0x0000000084900000|100%| O|  |TAMS 0x0000000084800000| PB 0x0000000084800000| Untracked 
|  73|0x0000000084900000, 0x0000000084a00000, 0x0000000084a00000|100%| O|  |TAMS 0x0000000084900000| PB 0x0000000084900000| Untracked 
|  74|0x0000000084a00000, 0x0000000084b00000, 0x0000000084b00000|100%| O|  |TAMS 0x0000000084a00000| PB 0x0000000084a00000| Untracked 
|  75|0x0000000084b00000, 0x0000000084c00000, 0x0000000084c00000|100%| O|  |TAMS 0x0000000084b00000| PB 0x0000000084b00000| Untracked 
|  76|0x0000000084c00000, 0x0000000084d00000, 0x0000000084d00000|100%| O|  |TAMS 0x0000000084c00000| PB 0x0000000084c00000| Untracked 
|  77|0x0000000084d00000, 0x0000000084e00000, 0x0000000084e00000|100%| O|  |TAMS 0x0000000084d00000| PB 0x0000000084d00000| Untracked 
|  78|0x0000000084e00000, 0x0000000084f00000, 0x0000000084f00000|100%| O|  |TAMS 0x0000000084e00000| PB 0x0000000084e00000| Untracked 
|  79|0x0000000084f00000, 0x0000000085000000, 0x0000000085000000|100%| O|  |TAMS 0x0000000084f00000| PB 0x0000000084f00000| Untracked 
|  80|0x0000000085000000, 0x0000000085100000, 0x0000000085100000|100%| O|  |TAMS 0x0000000085000000| PB 0x0000000085000000| Untracked 
|  81|0x0000000085100000, 0x0000000085200000, 0x0000000085200000|100%| O|  |TAMS 0x0000000085100000| PB 0x0000000085100000| Untracked 
|  82|0x0000000085200000, 0x0000000085300000, 0x0000000085300000|100%| O|Cm|TAMS 0x0000000085200000| PB 0x0000000085200000| Complete 
|  83|0x0000000085300000, 0x0000000085400000, 0x0000000085400000|100%| O|  |TAMS 0x0000000085300000| PB 0x0000000085300000| Untracked 
|  84|0x0000000085400000, 0x0000000085500000, 0x0000000085500000|100%| O|  |TAMS 0x0000000085400000| PB 0x0000000085400000| Untracked 
|  85|0x0000000085500000, 0x0000000085600000, 0x0000000085600000|100%| O|  |TAMS 0x0000000085500000| PB 0x0000000085500000| Untracked 
|  86|0x0000000085600000, 0x0000000085700000, 0x0000000085700000|100%| O|  |TAMS 0x0000000085600000| PB 0x0000000085600000| Untracked 
|  87|0x0000000085700000, 0x0000000085800000, 0x0000000085800000|100%| O|  |TAMS 0x0000000085700000| PB 0x0000000085700000| Untracked 
|  88|0x0000000085800000, 0x0000000085900000, 0x0000000085900000|100%| O|Cm|TAMS 0x0000000085800000| PB 0x0000000085800000| Complete 
|  89|0x0000000085900000, 0x0000000085a00000, 0x0000000085a00000|100%| O|  |TAMS 0x0000000085900000| PB 0x0000000085900000| Untracked 
|  90|0x0000000085a00000, 0x0000000085b00000, 0x0000000085b00000|100%| O|  |TAMS 0x0000000085a00000| PB 0x0000000085a00000| Untracked 
|  91|0x0000000085b00000, 0x0000000085c00000, 0x0000000085c00000|100%| O|  |TAMS 0x0000000085b00000| PB 0x0000000085b00000| Untracked 
|  92|0x0000000085c00000, 0x0000000085d00000, 0x0000000085d00000|100%| O|  |TAMS 0x0000000085c00000| PB 0x0000000085c00000| Untracked 
|  93|0x0000000085d00000, 0x0000000085e00000, 0x0000000085e00000|100%| O|  |TAMS 0x0000000085d00000| PB 0x0000000085d00000| Untracked 
|  94|0x0000000085e00000, 0x0000000085f00000, 0x0000000085f00000|100%| O|  |TAMS 0x0000000085e00000| PB 0x0000000085e00000| Untracked 
|  95|0x0000000085f00000, 0x0000000086000000, 0x0000000086000000|100%| O|  |TAMS 0x0000000085f00000| PB 0x0000000085f00000| Untracked 
|  96|0x0000000086000000, 0x0000000086100000, 0x0000000086100000|100%| O|  |TAMS 0x0000000086000000| PB 0x0000000086000000| Untracked 
|  97|0x0000000086100000, 0x0000000086200000, 0x0000000086200000|100%| O|  |TAMS 0x0000000086100000| PB 0x0000000086100000| Untracked 
|  98|0x0000000086200000, 0x0000000086300000, 0x0000000086300000|100%| O|  |TAMS 0x0000000086200000| PB 0x0000000086200000| Untracked 
|  99|0x0000000086300000, 0x000000008631d9f8, 0x0000000086400000| 11%| O|  |TAMS 0x0000000086300000| PB 0x0000000086300000| Untracked 
| 100|0x0000000086400000, 0x0000000086500000, 0x0000000086500000|100%| O|  |TAMS 0x0000000086400000| PB 0x0000000086400000| Untracked 
| 101|0x0000000086500000, 0x0000000086600000, 0x0000000086600000|100%| O|  |TAMS 0x0000000086500000| PB 0x0000000086500000| Untracked 
| 102|0x0000000086600000, 0x0000000086600000, 0x0000000086700000|  0%| F|  |TAMS 0x0000000086600000| PB 0x0000000086600000| Untracked 
| 103|0x0000000086700000, 0x0000000086700000, 0x0000000086800000|  0%| F|  |TAMS 0x0000000086700000| PB 0x0000000086700000| Untracked 
| 104|0x0000000086800000, 0x0000000086800000, 0x0000000086900000|  0%| F|  |TAMS 0x0000000086800000| PB 0x0000000086800000| Untracked 
| 105|0x0000000086900000, 0x0000000086900000, 0x0000000086a00000|  0%| F|  |TAMS 0x0000000086900000| PB 0x0000000086900000| Untracked 
| 106|0x0000000086a00000, 0x0000000086a00000, 0x0000000086b00000|  0%| F|  |TAMS 0x0000000086a00000| PB 0x0000000086a00000| Untracked 
| 107|0x0000000086b00000, 0x0000000086b00000, 0x0000000086c00000|  0%| F|  |TAMS 0x0000000086b00000| PB 0x0000000086b00000| Untracked 
| 108|0x0000000086c00000, 0x0000000086c00000, 0x0000000086d00000|  0%| F|  |TAMS 0x0000000086c00000| PB 0x0000000086c00000| Untracked 
| 109|0x0000000086d00000, 0x0000000086d00000, 0x0000000086e00000|  0%| F|  |TAMS 0x0000000086d00000| PB 0x0000000086d00000| Untracked 
| 110|0x0000000086e00000, 0x0000000086e00000, 0x0000000086f00000|  0%| F|  |TAMS 0x0000000086e00000| PB 0x0000000086e00000| Untracked 
| 111|0x0000000086f00000, 0x0000000086f00000, 0x0000000087000000|  0%| F|  |TAMS 0x0000000086f00000| PB 0x0000000086f00000| Untracked 
| 112|0x0000000087000000, 0x0000000087000000, 0x0000000087100000|  0%| F|  |TAMS 0x0000000087000000| PB 0x0000000087000000| Untracked 
| 113|0x0000000087100000, 0x0000000087100000, 0x0000000087200000|  0%| F|  |TAMS 0x0000000087100000| PB 0x0000000087100000| Untracked 
| 114|0x0000000087200000, 0x0000000087200000, 0x0000000087300000|  0%| F|  |TAMS 0x0000000087200000| PB 0x0000000087200000| Untracked 
| 115|0x0000000087300000, 0x0000000087300000, 0x0000000087400000|  0%| F|  |TAMS 0x0000000087300000| PB 0x0000000087300000| Untracked 
| 116|0x0000000087400000, 0x0000000087400000, 0x0000000087500000|  0%| F|  |TAMS 0x0000000087400000| PB 0x0000000087400000| Untracked 
| 117|0x0000000087500000, 0x0000000087500000, 0x0000000087600000|  0%| F|  |TAMS 0x0000000087500000| PB 0x0000000087500000| Untracked 
| 118|0x0000000087600000, 0x0000000087600000, 0x0000000087700000|  0%| F|  |TAMS 0x0000000087600000| PB 0x0000000087600000| Untracked 
| 119|0x0000000087700000, 0x0000000087700000, 0x0000000087800000|  0%| F|  |TAMS 0x0000000087700000| PB 0x0000000087700000| Untracked 
| 120|0x0000000087800000, 0x000000008783b840, 0x0000000087900000| 23%| E|  |TAMS 0x0000000087800000| PB 0x0000000087800000| Complete 
| 121|0x0000000087900000, 0x0000000087a00000, 0x0000000087a00000|100%| E|CS|TAMS 0x0000000087900000| PB 0x0000000087900000| Complete 
| 122|0x0000000087a00000, 0x0000000087b00000, 0x0000000087b00000|100%| E|CS|TAMS 0x0000000087a00000| PB 0x0000000087a00000| Complete 
| 123|0x0000000087b00000, 0x0000000087c00000, 0x0000000087c00000|100%| E|CS|TAMS 0x0000000087b00000| PB 0x0000000087b00000| Complete 
| 124|0x0000000087c00000, 0x0000000087d00000, 0x0000000087d00000|100%| E|CS|TAMS 0x0000000087c00000| PB 0x0000000087c00000| Complete 
| 125|0x0000000087d00000, 0x0000000087e00000, 0x0000000087e00000|100%| E|CS|TAMS 0x0000000087d00000| PB 0x0000000087d00000| Complete 
| 126|0x0000000087e00000, 0x0000000087f00000, 0x0000000087f00000|100%| E|CS|TAMS 0x0000000087e00000| PB 0x0000000087e00000| Complete 
| 127|0x0000000087f00000, 0x0000000088000000, 0x0000000088000000|100%| E|CS|TAMS 0x0000000087f00000| PB 0x0000000087f00000| Complete 
| 128|0x0000000088000000, 0x0000000088100000, 0x0000000088100000|100%| E|CS|TAMS 0x0000000088000000| PB 0x0000000088000000| Complete 
| 129|0x0000000088100000, 0x0000000088200000, 0x0000000088200000|100%| E|CS|TAMS 0x0000000088100000| PB 0x0000000088100000| Complete 
| 130|0x0000000088200000, 0x0000000088300000, 0x0000000088300000|100%| E|CS|TAMS 0x0000000088200000| PB 0x0000000088200000| Complete 
| 131|0x0000000088300000, 0x0000000088400000, 0x0000000088400000|100%| E|CS|TAMS 0x0000000088300000| PB 0x0000000088300000| Complete 
| 132|0x0000000088400000, 0x0000000088500000, 0x0000000088500000|100%| E|CS|TAMS 0x0000000088400000| PB 0x0000000088400000| Complete 
| 133|0x0000000088500000, 0x0000000088600000, 0x0000000088600000|100%| E|CS|TAMS 0x0000000088500000| PB 0x0000000088500000| Complete 
| 134|0x0000000088600000, 0x0000000088700000, 0x0000000088700000|100%| S|CS|TAMS 0x0000000088600000| PB 0x0000000088600000| Complete 
| 135|0x0000000088700000, 0x0000000088800000, 0x0000000088800000|100%| S|CS|TAMS 0x0000000088700000| PB 0x0000000088700000| Complete 
| 136|0x0000000088800000, 0x0000000088900000, 0x0000000088900000|100%| S|CS|TAMS 0x0000000088800000| PB 0x0000000088800000| Complete 
| 137|0x0000000088900000, 0x0000000088a00000, 0x0000000088a00000|100%| S|CS|TAMS 0x0000000088900000| PB 0x0000000088900000| Complete 
| 138|0x0000000088a00000, 0x0000000088b00000, 0x0000000088b00000|100%| S|CS|TAMS 0x0000000088a00000| PB 0x0000000088a00000| Complete 
| 139|0x0000000088b00000, 0x0000000088c00000, 0x0000000088c00000|100%| E|CS|TAMS 0x0000000088b00000| PB 0x0000000088b00000| Complete 
| 140|0x0000000088c00000, 0x0000000088d00000, 0x0000000088d00000|100%| E|CS|TAMS 0x0000000088c00000| PB 0x0000000088c00000| Complete 
| 141|0x0000000088d00000, 0x0000000088e00000, 0x0000000088e00000|100%| E|CS|TAMS 0x0000000088d00000| PB 0x0000000088d00000| Complete 
| 142|0x0000000088e00000, 0x0000000088f00000, 0x0000000088f00000|100%| E|CS|TAMS 0x0000000088e00000| PB 0x0000000088e00000| Complete 
| 143|0x0000000088f00000, 0x0000000089000000, 0x0000000089000000|100%| E|CS|TAMS 0x0000000088f00000| PB 0x0000000088f00000| Complete 
| 144|0x0000000089000000, 0x0000000089100000, 0x0000000089100000|100%| E|CS|TAMS 0x0000000089000000| PB 0x0000000089000000| Complete 
| 145|0x0000000089100000, 0x0000000089200000, 0x0000000089200000|100%| E|CS|TAMS 0x0000000089100000| PB 0x0000000089100000| Complete 
| 146|0x0000000089200000, 0x0000000089300000, 0x0000000089300000|100%| E|CS|TAMS 0x0000000089200000| PB 0x0000000089200000| Complete 
| 147|0x0000000089300000, 0x0000000089400000, 0x0000000089400000|100%| E|CS|TAMS 0x0000000089300000| PB 0x0000000089300000| Complete 
| 148|0x0000000089400000, 0x0000000089500000, 0x0000000089500000|100%| E|CS|TAMS 0x0000000089400000| PB 0x0000000089400000| Complete 
| 149|0x0000000089500000, 0x0000000089600000, 0x0000000089600000|100%| E|CS|TAMS 0x0000000089500000| PB 0x0000000089500000| Complete 
| 150|0x0000000089600000, 0x0000000089700000, 0x0000000089700000|100%| E|CS|TAMS 0x0000000089600000| PB 0x0000000089600000| Complete 
| 151|0x0000000089700000, 0x0000000089800000, 0x0000000089800000|100%| E|CS|TAMS 0x0000000089700000| PB 0x0000000089700000| Complete 
| 152|0x0000000089800000, 0x0000000089900000, 0x0000000089900000|100%| E|CS|TAMS 0x0000000089800000| PB 0x0000000089800000| Complete 
| 153|0x0000000089900000, 0x0000000089a00000, 0x0000000089a00000|100%| E|CS|TAMS 0x0000000089900000| PB 0x0000000089900000| Complete 
| 154|0x0000000089a00000, 0x0000000089b00000, 0x0000000089b00000|100%| E|CS|TAMS 0x0000000089a00000| PB 0x0000000089a00000| Complete 
| 155|0x0000000089b00000, 0x0000000089c00000, 0x0000000089c00000|100%| E|CS|TAMS 0x0000000089b00000| PB 0x0000000089b00000| Complete 
| 156|0x0000000089c00000, 0x0000000089d00000, 0x0000000089d00000|100%| E|CS|TAMS 0x0000000089c00000| PB 0x0000000089c00000| Complete 
| 157|0x0000000089d00000, 0x0000000089e00000, 0x0000000089e00000|100%| E|CS|TAMS 0x0000000089d00000| PB 0x0000000089d00000| Complete 
| 158|0x0000000089e00000, 0x0000000089f00000, 0x0000000089f00000|100%| E|CS|TAMS 0x0000000089e00000| PB 0x0000000089e00000| Complete 
| 190|0x000000008be00000, 0x000000008bf00000, 0x000000008bf00000|100%| E|CS|TAMS 0x000000008be00000| PB 0x000000008be00000| Complete 
| 191|0x000000008bf00000, 0x000000008c000000, 0x000000008c000000|100%| E|  |TAMS 0x000000008bf00000| PB 0x000000008bf00000| Complete 
| 192|0x000000008c000000, 0x000000008c100000, 0x000000008c100000|100%| E|CS|TAMS 0x000000008c000000| PB 0x000000008c000000| Complete 
| 193|0x000000008c100000, 0x000000008c200000, 0x000000008c200000|100%| E|CS|TAMS 0x000000008c100000| PB 0x000000008c100000| Complete 
| 194|0x000000008c200000, 0x000000008c300000, 0x000000008c300000|100%| E|CS|TAMS 0x000000008c200000| PB 0x000000008c200000| Complete 
| 195|0x000000008c300000, 0x000000008c400000, 0x000000008c400000|100%| E|CS|TAMS 0x000000008c300000| PB 0x000000008c300000| Complete 
| 196|0x000000008c400000, 0x000000008c500000, 0x000000008c500000|100%| E|CS|TAMS 0x000000008c400000| PB 0x000000008c400000| Complete 
| 197|0x000000008c500000, 0x000000008c600000, 0x000000008c600000|100%| E|CS|TAMS 0x000000008c500000| PB 0x000000008c500000| Complete 
| 198|0x000000008c600000, 0x000000008c700000, 0x000000008c700000|100%| E|CS|TAMS 0x000000008c600000| PB 0x000000008c600000| Complete 
| 241|0x000000008f100000, 0x000000008f200000, 0x000000008f200000|100%| E|CS|TAMS 0x000000008f100000| PB 0x000000008f100000| Complete 
| 242|0x000000008f200000, 0x000000008f300000, 0x000000008f300000|100%| E|CS|TAMS 0x000000008f200000| PB 0x000000008f200000| Complete 
| 243|0x000000008f300000, 0x000000008f400000, 0x000000008f400000|100%| E|CS|TAMS 0x000000008f300000| PB 0x000000008f300000| Complete 
|2040|0x00000000ff800000, 0x00000000ff900000, 0x00000000ff900000|100%| E|CS|TAMS 0x00000000ff800000| PB 0x00000000ff800000| Complete 
|2041|0x00000000ff900000, 0x00000000ffa00000, 0x00000000ffa00000|100%| O|  |TAMS 0x00000000ff900000| PB 0x00000000ff900000| Untracked 
|2042|0x00000000ffa00000, 0x00000000ffb00000, 0x00000000ffb00000|100%| O|  |TAMS 0x00000000ffa00000| PB 0x00000000ffa00000| Untracked 
|2043|0x00000000ffb00000, 0x00000000ffc00000, 0x00000000ffc00000|100%| O|  |TAMS 0x00000000ffb00000| PB 0x00000000ffb00000| Untracked 
|2044|0x00000000ffc00000, 0x00000000ffd00000, 0x00000000ffd00000|100%| O|  |TAMS 0x00000000ffc00000| PB 0x00000000ffc00000| Untracked 
|2045|0x00000000ffd00000, 0x00000000ffe00000, 0x00000000ffe00000|100%| O|  |TAMS 0x00000000ffd00000| PB 0x00000000ffd00000| Untracked 
|2046|0x00000000ffe00000, 0x00000000fff00000, 0x00000000fff00000|100%| O|  |TAMS 0x00000000ffe00000| PB 0x00000000ffe00000| Untracked 
|2047|0x00000000fff00000, 0x0000000100000000, 0x0000000100000000|100%| E|CS|TAMS 0x00000000fff00000| PB 0x00000000fff00000| Complete 

Card table byte_map: [0x00000282d4a90000,0x00000282d4e90000] _byte_map_base: 0x00000282d4690000

Marking Bits: (CMBitMap*) 0x00000282c2047830
 Bits: [0x00000282d4e90000, 0x00000282d6e90000)

Polling page: 0x00000282bfe00000

Metaspace:

Usage:
  Non-class:     94.40 MB used.
      Class:     15.44 MB used.
       Both:    109.83 MB used.

Virtual space:
  Non-class space:      128.00 MB reserved,      95.38 MB ( 75%) committed,  2 nodes.
      Class space:        1.00 GB reserved,      16.38 MB (  2%) committed,  1 nodes.
             Both:        1.12 GB reserved,     111.75 MB ( 10%) committed. 

Chunk freelists:
   Non-Class:  336.00 KB
       Class:  15.65 MB
        Both:  15.98 MB

MaxMetaspaceSize: unlimited
CompressedClassSpaceSize: 1.00 GB
Initial GC threshold: 21.00 MB
Current GC threshold: 172.94 MB
CDS: off
 - commit_granule_bytes: 65536.
 - commit_granule_words: 8192.
 - virtual_space_node_default_size: 8388608.
 - enlarge_chunks_in_place: 1.
 - use_allocation_guard: 0.


Internal statistics:

num_allocs_failed_limit: 6.
num_arena_births: 3770.
num_arena_deaths: 0.
num_vsnodes_births: 3.
num_vsnodes_deaths: 0.
num_space_committed: 1788.
num_space_uncommitted: 0.
num_chunks_returned_to_freelist: 6.
num_chunks_taken_from_freelist: 8250.
num_chunk_merges: 6.
num_chunk_splits: 5425.
num_chunks_enlarged: 3454.
num_inconsistent_stats: 0.

CodeHeap 'non-profiled nmethods': size=120000Kb used=7335Kb max_used=7335Kb free=112664Kb
 bounds [0x00000282ccc10000, 0x00000282cd340000, 0x00000282d4140000]
CodeHeap 'profiled nmethods': size=120000Kb used=20626Kb max_used=20626Kb free=99373Kb
 bounds [0x00000282c5140000, 0x00000282c6570000, 0x00000282cc670000]
CodeHeap 'non-nmethods': size=5760Kb used=2903Kb max_used=2949Kb free=2857Kb
 bounds [0x00000282cc670000, 0x00000282cc970000, 0x00000282ccc10000]
CodeCache: size=245760Kb, used=30864Kb, max_used=30910Kb, free=214894Kb
 total_blobs=11783, nmethods=10776, adapters=910, full_count=0
Compilation: enabled, stopped_count=0, restarted_count=0

Compilation events (20 events):
Event: 22.004 Thread 0x00000282d9c7b970 nmethod 12390 0x00000282cd334490 code [0x00000282cd334620, 0x00000282cd3346e8]
Event: 22.004 Thread 0x00000282d9c7b970 12378       1       org.gradle.internal.component.local.model.DefaultLocalComponentMetadata::getId (5 bytes)
Event: 22.004 Thread 0x00000282d9c7b970 nmethod 12378 0x00000282cd334790 code [0x00000282cd334920, 0x00000282cd3349e8]
Event: 22.012 Thread 0x00000282d9c7b970 12392       3       org.gradle.api.internal.attributes.DefaultCompatibilityRuleChain::doesSomething (18 bytes)
Event: 22.012 Thread 0x00000282d9c7b970 nmethod 12392 0x00000282c6533a10 code [0x00000282c6533bc0, 0x00000282c6533de0]
Event: 22.012 Thread 0x00000282e1d4de50 12376       4       org.gradle.internal.instantiation.generator.DependencyInjectingInstantiator::verifyParameters (175 bytes)
Event: 22.012 Thread 0x00000282d9c7b970 12393       3       org.gradle.api.internal.artifacts.ivyservice.resolutionstrategy.DefaultCachePolicy::missingModuleExpiry (9 bytes)
Event: 22.013 Thread 0x00000282d9c7b970 nmethod 12393 0x00000282c6533e90 code [0x00000282c6534040, 0x00000282c6534190]
Event: 22.014 Thread 0x00000282d9c7b970 12395       3       org.gradle.api.internal.artifacts.ivyservice.resolveengine.graph.builder.ComponentState::isCandidateForConflictResolution (8 bytes)
Event: 22.014 Thread 0x00000282d9c7b970 nmethod 12395 0x00000282c6534290 code [0x00000282c6534420, 0x00000282c6534558]
Event: 22.014 Thread 0x00000282d9c7b970 12396       3       org.gradle.api.internal.artifacts.ivyservice.resolveengine.graph.conflicts.DefaultConflictHandler::registerCandidate (53 bytes)
Event: 22.014 Thread 0x00000282d9c7b970 nmethod 12396 0x00000282c6534610 code [0x00000282c6534860, 0x00000282c6534f48]
Event: 22.014 Thread 0x00000282d9c7b970 12397       1       org.gradle.internal.component.model.LocalComponentDependencyMetadata::getArtifacts (5 bytes)
Event: 22.015 Thread 0x00000282d9c7b970 nmethod 12397 0x00000282cd334a90 code [0x00000282cd334c20, 0x00000282cd334ce8]
Event: 22.015 Thread 0x00000282d9c7b970 12398       3       org.gradle.api.internal.artifacts.ivyservice.resolveengine.graph.builder.NodeState::intersectEdgeExclusions (40 bytes)
Event: 22.015 Thread 0x00000282d9c7b970 nmethod 12398 0x00000282c6535290 code [0x00000282c6535480, 0x00000282c6535898]
Event: 22.015 Thread 0x00000282d9c7b970 12400       3       org.gradle.api.internal.artifacts.ivyservice.resolveengine.graph.selectors.SelectorStateResolverResults::register (21 bytes)
Event: 22.015 Thread 0x00000282d9c7b970 nmethod 12400 0x00000282c6535a10 code [0x00000282c6535be0, 0x00000282c6535fe0]
Event: 22.015 Thread 0x00000282d9c7b970 12399       3       org.gradle.api.internal.artifacts.ivyservice.resolveengine.graph.builder.NodeState::joinNodeExclusions (27 bytes)
Event: 22.015 Thread 0x00000282d9c7b970 nmethod 12399 0x00000282c6536190 code [0x00000282c6536360, 0x00000282c65366e0]

GC Heap History (20 events):
Event: 11.108 GC heap before
{Heap before GC invocations=26 (full 0):
 garbage-first heap   total 141312K, used 132421K [0x0000000080000000, 0x0000000100000000)
  region size 1024K, 54 young (55296K), 4 survivors (4096K)
 Metaspace       used 82773K, committed 84544K, reserved 1179648K
  class space    used 11444K, committed 12288K, reserved 1048576K
}
Event: 11.112 GC heap after
{Heap after GC invocations=27 (full 0):
 garbage-first heap   total 141312K, used 84110K [0x0000000080000000, 0x0000000100000000)
  region size 1024K, 7 young (7168K), 7 survivors (7168K)
 Metaspace       used 82773K, committed 84544K, reserved 1179648K
  class space    used 11444K, committed 12288K, reserved 1048576K
}
Event: 11.462 GC heap before
{Heap before GC invocations=27 (full 0):
 garbage-first heap   total 141312K, used 125070K [0x0000000080000000, 0x0000000100000000)
  region size 1024K, 47 young (48128K), 7 survivors (7168K)
 Metaspace       used 84492K, committed 86208K, reserved 1179648K
  class space    used 11687K, committed 12480K, reserved 1048576K
}
Event: 11.468 GC heap after
{Heap after GC invocations=28 (full 0):
 garbage-first heap   total 141312K, used 86498K [0x0000000080000000, 0x0000000100000000)
  region size 1024K, 6 young (6144K), 6 survivors (6144K)
 Metaspace       used 84492K, committed 86208K, reserved 1179648K
  class space    used 11687K, committed 12480K, reserved 1048576K
}
Event: 11.834 GC heap before
{Heap before GC invocations=28 (full 0):
 garbage-first heap   total 141312K, used 126434K [0x0000000080000000, 0x0000000100000000)
  region size 1024K, 45 young (46080K), 6 survivors (6144K)
 Metaspace       used 86564K, committed 88384K, reserved 1179648K
  class space    used 11987K, committed 12864K, reserved 1048576K
}
Event: 11.839 GC heap after
{Heap after GC invocations=29 (full 0):
 garbage-first heap   total 141312K, used 89136K [0x0000000080000000, 0x0000000100000000)
  region size 1024K, 6 young (6144K), 6 survivors (6144K)
 Metaspace       used 86564K, committed 88384K, reserved 1179648K
  class space    used 11987K, committed 12864K, reserved 1048576K
}
Event: 12.259 GC heap before
{Heap before GC invocations=30 (full 0):
 garbage-first heap   total 152576K, used 126000K [0x0000000080000000, 0x0000000100000000)
  region size 1024K, 42 young (43008K), 6 survivors (6144K)
 Metaspace       used 89559K, committed 91392K, reserved 1179648K
  class space    used 12579K, committed 13440K, reserved 1048576K
}
Event: 12.263 GC heap after
{Heap after GC invocations=31 (full 0):
 garbage-first heap   total 152576K, used 90698K [0x0000000080000000, 0x0000000100000000)
  region size 1024K, 4 young (4096K), 4 survivors (4096K)
 Metaspace       used 89559K, committed 91392K, reserved 1179648K
  class space    used 12579K, committed 13440K, reserved 1048576K
}
Event: 12.794 GC heap before
{Heap before GC invocations=31 (full 0):
 garbage-first heap   total 152576K, used 139850K [0x0000000080000000, 0x0000000100000000)
  region size 1024K, 52 young (53248K), 4 survivors (4096K)
 Metaspace       used 93453K, committed 95296K, reserved 1179648K
  class space    used 13136K, committed 14016K, reserved 1048576K
}
Event: 12.798 GC heap after
{Heap after GC invocations=32 (full 0):
 garbage-first heap   total 152576K, used 92982K [0x0000000080000000, 0x0000000100000000)
  region size 1024K, 4 young (4096K), 4 survivors (4096K)
 Metaspace       used 93453K, committed 95296K, reserved 1179648K
  class space    used 13136K, committed 14016K, reserved 1048576K
}
Event: 13.416 GC heap before
{Heap before GC invocations=32 (full 0):
 garbage-first heap   total 152576K, used 140086K [0x0000000080000000, 0x0000000100000000)
  region size 1024K, 50 young (51200K), 4 survivors (4096K)
 Metaspace       used 97059K, committed 98944K, reserved 1179648K
  class space    used 13677K, committed 14592K, reserved 1048576K
}
Event: 13.421 GC heap after
{Heap after GC invocations=33 (full 0):
 garbage-first heap   total 152576K, used 95796K [0x0000000080000000, 0x0000000100000000)
  region size 1024K, 7 young (7168K), 7 survivors (7168K)
 Metaspace       used 97059K, committed 98944K, reserved 1179648K
  class space    used 13677K, committed 14592K, reserved 1048576K
}
Event: 13.910 GC heap before
{Heap before GC invocations=34 (full 0):
 garbage-first heap   total 160768K, used 135732K [0x0000000080000000, 0x0000000100000000)
  region size 1024K, 46 young (47104K), 7 survivors (7168K)
 Metaspace       used 101329K, committed 103296K, reserved 1179648K
  class space    used 14280K, committed 15232K, reserved 1048576K
}
Event: 13.916 GC heap after
{Heap after GC invocations=35 (full 0):
 garbage-first heap   total 160768K, used 98012K [0x0000000080000000, 0x0000000100000000)
  region size 1024K, 6 young (6144K), 6 survivors (6144K)
 Metaspace       used 101329K, committed 103296K, reserved 1179648K
  class space    used 14280K, committed 15232K, reserved 1048576K
}
Event: 14.378 GC heap before
{Heap before GC invocations=35 (full 0):
 garbage-first heap   total 160768K, used 144092K [0x0000000080000000, 0x0000000100000000)
  region size 1024K, 51 young (52224K), 6 survivors (6144K)
 Metaspace       used 103153K, committed 105088K, reserved 1179648K
  class space    used 14530K, committed 15488K, reserved 1048576K
}
Event: 14.384 GC heap after
{Heap after GC invocations=36 (full 0):
 garbage-first heap   total 160768K, used 102400K [0x0000000080000000, 0x0000000100000000)
  region size 1024K, 7 young (7168K), 7 survivors (7168K)
 Metaspace       used 103153K, committed 105088K, reserved 1179648K
  class space    used 14530K, committed 15488K, reserved 1048576K
}
Event: 14.786 GC heap before
{Heap before GC invocations=36 (full 0):
 garbage-first heap   total 160768K, used 144384K [0x0000000080000000, 0x0000000100000000)
  region size 1024K, 48 young (49152K), 7 survivors (7168K)
 Metaspace       used 104120K, committed 106176K, reserved 1179648K
  class space    used 14710K, committed 15680K, reserved 1048576K
}
Event: 14.792 GC heap after
{Heap after GC invocations=37 (full 0):
 garbage-first heap   total 160768K, used 109067K [0x0000000080000000, 0x0000000100000000)
  region size 1024K, 6 young (6144K), 6 survivors (6144K)
 Metaspace       used 104120K, committed 106176K, reserved 1179648K
  class space    used 14710K, committed 15680K, reserved 1048576K
}
Event: 15.725 GC heap before
{Heap before GC invocations=38 (full 0):
 garbage-first heap   total 183296K, used 142859K [0x0000000080000000, 0x0000000100000000)
  region size 1024K, 40 young (40960K), 6 survivors (6144K)
 Metaspace       used 107972K, committed 110016K, reserved 1179648K
  class space    used 15264K, committed 16256K, reserved 1048576K
}
Event: 15.732 GC heap after
{Heap after GC invocations=39 (full 0):
 garbage-first heap   total 183296K, used 114806K [0x0000000080000000, 0x0000000100000000)
  region size 1024K, 5 young (5120K), 5 survivors (5120K)
 Metaspace       used 107972K, committed 110016K, reserved 1179648K
  class space    used 15264K, committed 16256K, reserved 1048576K
}

Dll operation events (3 events):
Event: 0.014 Loaded shared library D:\develop\Android\Android Studio\jbr\bin\java.dll
Event: 0.019 Loaded shared library D:\develop\Android\Android Studio\jbr\bin\zip.dll
Event: 0.520 Loaded shared library D:\develop\Android\Android Studio\jbr\bin\verify.dll

Deoptimization events (20 events):
Event: 21.995 Thread 0x00000282e244a800 Uncommon trap: trap_request=0xffffffde fr.pc=0x00000282cd226408 relative=0x0000000000000b08
Event: 21.995 Thread 0x00000282e244a800 Uncommon trap: reason=class_check action=maybe_recompile pc=0x00000282cd226408 method=org.gradle.api.internal.artifacts.dependencies.DefaultImmutableVersionConstraint.of(Lorg/gradle/api/artifacts/VersionConstraint;)Lorg/gradle/api/internal/artifacts/Immut
Event: 21.995 Thread 0x00000282e244a800 DEOPT PACKING pc=0x00000282cd226408 sp=0x000000d7040f99f0
Event: 21.995 Thread 0x00000282e244a800 DEOPT UNPACKING pc=0x00000282cc6c46a2 sp=0x000000d7040f9968 mode 2
Event: 21.995 Thread 0x00000282e244a800 Uncommon trap: trap_request=0xffffffde fr.pc=0x00000282cd226408 relative=0x0000000000000b08
Event: 21.995 Thread 0x00000282e244a800 Uncommon trap: reason=class_check action=maybe_recompile pc=0x00000282cd226408 method=org.gradle.api.internal.artifacts.dependencies.DefaultImmutableVersionConstraint.of(Lorg/gradle/api/artifacts/VersionConstraint;)Lorg/gradle/api/internal/artifacts/Immut
Event: 21.995 Thread 0x00000282e244a800 DEOPT PACKING pc=0x00000282cd226408 sp=0x000000d7040f99f0
Event: 21.995 Thread 0x00000282e244a800 DEOPT UNPACKING pc=0x00000282cc6c46a2 sp=0x000000d7040f9968 mode 2
Event: 21.995 Thread 0x00000282e244a800 Uncommon trap: trap_request=0xffffffde fr.pc=0x00000282cd226408 relative=0x0000000000000b08
Event: 21.995 Thread 0x00000282e244a800 Uncommon trap: reason=class_check action=maybe_recompile pc=0x00000282cd226408 method=org.gradle.api.internal.artifacts.dependencies.DefaultImmutableVersionConstraint.of(Lorg/gradle/api/artifacts/VersionConstraint;)Lorg/gradle/api/internal/artifacts/Immut
Event: 21.995 Thread 0x00000282e244a800 DEOPT PACKING pc=0x00000282cd226408 sp=0x000000d7040f99f0
Event: 21.995 Thread 0x00000282e244a800 DEOPT UNPACKING pc=0x00000282cc6c46a2 sp=0x000000d7040f9968 mode 2
Event: 21.995 Thread 0x00000282e244a800 Uncommon trap: trap_request=0xffffffde fr.pc=0x00000282cd222aec relative=0x000000000000004c
Event: 21.995 Thread 0x00000282e244a800 Uncommon trap: reason=class_check action=maybe_recompile pc=0x00000282cd222aec method=org.gradle.api.internal.artifacts.dependencies.DefaultImmutableVersionConstraint.of(Lorg/gradle/api/artifacts/VersionConstraint;)Lorg/gradle/api/internal/artifacts/Immut
Event: 21.995 Thread 0x00000282e244a800 DEOPT PACKING pc=0x00000282cd222aec sp=0x000000d7040f99c0
Event: 21.995 Thread 0x00000282e244a800 DEOPT UNPACKING pc=0x00000282cc6c46a2 sp=0x000000d7040f9960 mode 2
Event: 21.999 Thread 0x00000282e244a800 Uncommon trap: trap_request=0xffffffdc fr.pc=0x00000282cd0d6fe4 relative=0x0000000000000324
Event: 21.999 Thread 0x00000282e244a800 Uncommon trap: reason=class_check action=make_not_entrant pc=0x00000282cd0d6fe4 method=java.util.ArrayList$SubList.toArray([Ljava/lang/Object;)[Ljava/lang/Object; @ 37 c2
Event: 21.999 Thread 0x00000282e244a800 DEOPT PACKING pc=0x00000282cd0d6fe4 sp=0x000000d7040f9980
Event: 21.999 Thread 0x00000282e244a800 DEOPT UNPACKING pc=0x00000282cc6c46a2 sp=0x000000d7040f9958 mode 2

Classes loaded (20 events):
Event: 16.852 Loading class sun/security/ssl/NewSessionTicket$T12NewSessionTicketMessage
Event: 16.852 Loading class sun/security/ssl/NewSessionTicket$NewSessionTicketMessage
Event: 16.852 Loading class sun/security/ssl/NewSessionTicket$NewSessionTicketMessage done
Event: 16.852 Loading class sun/security/ssl/NewSessionTicket$T12NewSessionTicketMessage done
Event: 16.852 Loading class sun/security/ssl/SSLCipher$T12GcmReadCipherGenerator$GcmReadCipher
Event: 16.853 Loading class sun/security/ssl/SSLCipher$T12GcmReadCipherGenerator$GcmReadCipher done
Event: 16.853 Loading class com/sun/crypto/provider/GaloisCounterMode$GCMDecrypt
Event: 16.853 Loading class com/sun/crypto/provider/GaloisCounterMode$GCMDecrypt done
Event: 16.853 Loading class com/sun/crypto/provider/GaloisCounterMode$DecryptOp
Event: 16.854 Loading class com/sun/crypto/provider/GaloisCounterMode$DecryptOp done
Event: 16.854 Loading class jdk/internal/event/TLSHandshakeEvent
Event: 16.855 Loading class jdk/internal/event/TLSHandshakeEvent done
Event: 16.855 Loading class javax/net/ssl/SSLEngineResult$HandshakeStatus
Event: 16.855 Loading class javax/net/ssl/SSLEngineResult$HandshakeStatus done
Event: 17.170 Loading class java/text/ParsePosition
Event: 17.170 Loading class java/text/ParsePosition done
Event: 17.170 Loading class java/text/CalendarBuilder
Event: 17.171 Loading class java/text/CalendarBuilder done
Event: 17.172 Loading class java/nio/charset/UnsupportedCharsetException
Event: 17.172 Loading class java/nio/charset/UnsupportedCharsetException done

Classes unloaded (0 events):
No events

Classes redefined (0 events):
No events

Internal exceptions (20 events):
Event: 14.727 Thread 0x00000282e0321890 Exception <a 'java/lang/NoSuchMethodError'{0x0000000086fe63d0}: static Lorg/gradle/internal/build/event/types/DefaultTaskDescriptor;.<clinit>()V> (0x0000000086fe63d0) 
thrown [s\src\hotspot\share\prims\jni.cpp, line 1144]
Event: 14.733 Thread 0x00000282e2450a70 Exception <a 'java/lang/IncompatibleClassChangeError'{0x0000000086e3f298}: Found class java.lang.Object, but interface was expected> (0x0000000086e3f298) 
thrown [s\src\hotspot\share\interpreter\linkResolver.cpp, line 851]
Event: 14.785 Thread 0x00000282da6110d0 Implicit null exception at 0x00000282cd14e478 to 0x00000282cd14f664
Event: 14.834 Thread 0x00000282e2450a70 Exception <a 'java/lang/IncompatibleClassChangeError'{0x00000000fffa6188}: Found class java.lang.Object, but interface was expected> (0x00000000fffa6188) 
thrown [s\src\hotspot\share\interpreter\linkResolver.cpp, line 851]
Event: 14.889 Thread 0x00000282e2450a70 Exception <a 'java/lang/NoSuchMethodError'{0x00000000ff8ff190}: 'int java.lang.invoke.DirectMethodHandle$Holder.invokeStaticInit(java.lang.Object, java.lang.Object, java.lang.Object, java.lang.Object, java.lang.Object)'> (0x00000000ff8ff190) 
thrown [s\src\hotspot\share\interpreter\linkResolver.cpp, line 784]
Event: 14.908 Thread 0x00000282e0321890 Exception <a 'java/lang/NoSuchMethodError'{0x000000008f2942c8}: static Lorg/gradle/internal/build/event/types/DefaultTaskFinishedProgressEvent;.<clinit>()V> (0x000000008f2942c8) 
thrown [s\src\hotspot\share\prims\jni.cpp, line 1144]
Event: 14.910 Thread 0x00000282e0321890 Exception <a 'java/lang/NoSuchMethodError'{0x000000008f2de790}: static Lorg/gradle/internal/build/event/types/DefaultTaskSuccessResult;.<clinit>()V> (0x000000008f2de790) 
thrown [s\src\hotspot\share\prims\jni.cpp, line 1144]
Event: 14.910 Thread 0x00000282e0321890 Exception <a 'java/lang/NoSuchMethodError'{0x000000008f2dfec8}: static Lorg/gradle/internal/build/event/types/AbstractTaskResult;.<clinit>()V> (0x000000008f2dfec8) 
thrown [s\src\hotspot\share\prims\jni.cpp, line 1144]
Event: 14.919 Thread 0x00000282e244a800 Exception <a 'sun/nio/fs/WindowsException'{0x000000008f12f760}> (0x000000008f12f760) 
thrown [s\src\hotspot\share\prims\jni.cpp, line 537]
Event: 14.925 Thread 0x00000282e0321890 Exception <a 'java/lang/NoSuchMethodError'{0x000000008f1f7148}: static Lorg/gradle/internal/build/event/types/DefaultTaskSkippedResult;.<clinit>()V> (0x000000008f1f7148) 
thrown [s\src\hotspot\share\prims\jni.cpp, line 1144]
Event: 14.926 Thread 0x00000282dfc89b40 Exception <a 'java/lang/NoSuchMethodError'{0x000000008f1f9918}: static Lcom/android/buildanalyzer/common/AndroidGradlePluginAttributionData$BuildInfo;.<clinit>()V> (0x000000008f1f9918) 
thrown [s\src\hotspot\share\prims\jni.cpp, line 1144]
Event: 14.929 Thread 0x00000282dfc89b40 Exception <a 'java/lang/NoSuchMethodError'{0x000000008c624740}: static Lcom/android/buildanalyzer/common/AndroidGradlePluginAttributionData$JavaInfo;.<clinit>()V> (0x000000008c624740) 
thrown [s\src\hotspot\share\prims\jni.cpp, line 1144]
Event: 14.935 Thread 0x00000282dfc89b40 Exception <a 'java/lang/NoSuchMethodError'{0x000000008c65c130}: static [Ljava/lang/String;.<clinit>()V> (0x000000008c65c130) 
thrown [s\src\hotspot\share\prims\jni.cpp, line 1144]
Event: 14.936 Thread 0x00000282dfc89b40 Exception <a 'java/lang/NoSuchMethodError'{0x000000008c67ab50}: static Lcom/android/buildanalyzer/common/AndroidGradlePluginAttributionData$TaskInfo;.<clinit>()V> (0x000000008c67ab50) 
thrown [s\src\hotspot\share\prims\jni.cpp, line 1144]
Event: 14.937 Thread 0x00000282dfc89b40 Exception <a 'java/lang/NoSuchMethodError'{0x000000008c689758}: static Lcom/android/buildanalyzer/common/AndroidGradlePluginAttributionData$TaskCategoryInfo;.<clinit>()V> (0x000000008c689758) 
thrown [s\src\hotspot\share\prims\jni.cpp, line 1144]
Event: 14.949 Thread 0x00000282e244a800 Exception <a 'sun/nio/fs/WindowsException'{0x000000008c535fe8}> (0x000000008c535fe8) 
thrown [s\src\hotspot\share\prims\jni.cpp, line 537]
Event: 14.955 Thread 0x00000282e0321890 Exception <a 'java/lang/NoSuchMethodError'{0x000000008c596490}: static [Ljava/lang/Object;.<clinit>()V> (0x000000008c596490) 
thrown [s\src\hotspot\share\prims\jni.cpp, line 1144]
Event: 15.504 Thread 0x00000282e43bc510 Implicit null exception at 0x00000282cce4a1f9 to 0x00000282cce4a224
Event: 15.504 Thread 0x00000282e43bcba0 Implicit null exception at 0x00000282cce4a1f9 to 0x00000282cce4a224
Event: 15.574 Thread 0x00000282e244a800 Exception <a 'sun/nio/fs/WindowsException'{0x00000000896f95d8}> (0x00000000896f95d8) 
thrown [s\src\hotspot\share\prims\jni.cpp, line 537]

ZGC Phase Switch (0 events):
No events

VM Operations (20 events):
Event: 15.587 Executing VM operation: HandshakeAllThreads (Deoptimize)
Event: 15.587 Executing VM operation: HandshakeAllThreads (Deoptimize) done
Event: 15.725 Executing VM operation: G1CollectForAllocation (G1 Evacuation Pause)
Event: 15.732 Executing VM operation: G1CollectForAllocation (G1 Evacuation Pause) done
Event: 15.803 Executing VM operation: HandshakeAllThreads (Deoptimize)
Event: 15.803 Executing VM operation: HandshakeAllThreads (Deoptimize) done
Event: 16.115 Executing VM operation: HandshakeAllThreads (Deoptimize)
Event: 16.116 Executing VM operation: HandshakeAllThreads (Deoptimize) done
Event: 16.144 Executing VM operation: HandshakeAllThreads (Deoptimize)
Event: 16.145 Executing VM operation: HandshakeAllThreads (Deoptimize) done
Event: 17.145 Executing VM operation: Cleanup
Event: 17.145 Executing VM operation: Cleanup done
Event: 18.147 Executing VM operation: Cleanup
Event: 18.148 Executing VM operation: Cleanup done
Event: 19.160 Executing VM operation: Cleanup
Event: 19.160 Executing VM operation: Cleanup done
Event: 20.174 Executing VM operation: Cleanup
Event: 20.174 Executing VM operation: Cleanup done
Event: 21.189 Executing VM operation: Cleanup
Event: 21.189 Executing VM operation: Cleanup done

Memory protections (0 events):
No events

Nmethod flushes (20 events):
Event: 14.870 Thread 0x00000282d9b2e260 flushing  nmethod 0x00000282c5d65610
Event: 14.870 Thread 0x00000282d9b2e260 flushing  nmethod 0x00000282ccc54810
Event: 14.870 Thread 0x00000282d9b2e260 flushing  nmethod 0x00000282cce37a90
Event: 14.870 Thread 0x00000282d9b2e260 flushing  nmethod 0x00000282c5193f10
Event: 14.870 Thread 0x00000282d9b2e260 flushing  nmethod 0x00000282c5316490
Event: 14.870 Thread 0x00000282d9b2e260 flushing  nmethod 0x00000282c53a4310
Event: 14.870 Thread 0x00000282d9b2e260 flushing  nmethod 0x00000282c5477010
Event: 14.870 Thread 0x00000282d9b2e260 flushing  nmethod 0x00000282c5478990
Event: 14.870 Thread 0x00000282d9b2e260 flushing  nmethod 0x00000282c547a410
Event: 14.870 Thread 0x00000282d9b2e260 flushing  nmethod 0x00000282c556f810
Event: 14.870 Thread 0x00000282d9b2e260 flushing  nmethod 0x00000282c5573210
Event: 14.870 Thread 0x00000282d9b2e260 flushing  nmethod 0x00000282c55d1d90
Event: 14.870 Thread 0x00000282d9b2e260 flushing  nmethod 0x00000282c56d7610
Event: 14.870 Thread 0x00000282d9b2e260 flushing  nmethod 0x00000282c573b090
Event: 14.870 Thread 0x00000282d9b2e260 flushing  nmethod 0x00000282c573ba10
Event: 14.870 Thread 0x00000282d9b2e260 flushing  nmethod 0x00000282c584bb90
Event: 14.870 Thread 0x00000282d9b2e260 flushing  nmethod 0x00000282c5adc910
Event: 14.870 Thread 0x00000282d9b2e260 flushing  nmethod 0x00000282c5e1ba10
Event: 14.870 Thread 0x00000282d9b2e260 flushing  nmethod 0x00000282c5eb3710
Event: 14.870 Thread 0x00000282d9b2e260 flushing  nmethod 0x00000282c6011910

Events (20 events):
Event: 16.493 Thread 0x00000282d9c7b970 Thread added: 0x00000282e1d4b570
Event: 16.498 Thread 0x00000282d9c7b970 Thread added: 0x00000282e1d4d0b0
Event: 17.157 Thread 0x00000282e1d4d0b0 Thread exited: 0x00000282e1d4d0b0
Event: 17.165 Thread 0x00000282e1d4b570 Thread exited: 0x00000282e1d4b570
Event: 17.731 Thread 0x00000282d9c7b970 Thread added: 0x00000282e1d4d0b0
Event: 17.736 Thread 0x00000282d9c7b970 Thread added: 0x00000282e1d4d780
Event: 18.146 Thread 0x00000282e244a800 Thread added: 0x00000282e43b9720
Event: 18.147 Thread 0x00000282e244a800 Thread added: 0x00000282e43b62a0
Event: 18.147 Thread 0x00000282e244a800 Thread added: 0x00000282e43b7650
Event: 18.818 Thread 0x00000282e1d4d780 Thread exited: 0x00000282e1d4d780
Event: 18.818 Thread 0x00000282e1d4d0b0 Thread exited: 0x00000282e1d4d0b0
Event: 18.847 Thread 0x00000282d9c75670 Thread added: 0x00000282e1d4de50
Event: 19.404 Thread 0x00000282e1d4de50 Thread exited: 0x00000282e1d4de50
Event: 20.382 Thread 0x00000282d9c75670 Thread added: 0x00000282e1d4e520
Event: 20.393 Thread 0x00000282e244a800 Thread added: 0x00000282e43b6930
Event: 20.394 Thread 0x00000282e244a800 Thread added: 0x00000282e43b8370
Event: 20.892 Thread 0x00000282e1d4e520 Thread exited: 0x00000282e1d4e520
Event: 21.673 Thread 0x00000282e244a800 Thread added: 0x00000282e43ba440
Event: 21.673 Thread 0x00000282e244a800 Thread added: 0x00000282e43b7ce0
Event: 22.012 Thread 0x00000282d9c7b970 Thread added: 0x00000282e1d4de50


Dynamic libraries:
0x00007ff673540000 - 0x00007ff67354a000 	D:\develop\Android\Android Studio\jbr\bin\java.exe
0x00007ffc56a60000 - 0x00007ffc56cc7000 	C:\WINDOWS\SYSTEM32\ntdll.dll
0x00007ffc55b40000 - 0x00007ffc55c09000 	C:\WINDOWS\System32\KERNEL32.DLL
0x00007ffc54340000 - 0x00007ffc5472f000 	C:\WINDOWS\System32\KERNELBASE.dll
0x00007ffc541f0000 - 0x00007ffc5433b000 	C:\WINDOWS\System32\ucrtbase.dll
0x00007ffc39160000 - 0x00007ffc39178000 	D:\develop\Android\Android Studio\jbr\bin\jli.dll
0x00007ffc4e650000 - 0x00007ffc4e66b000 	D:\develop\Android\Android Studio\jbr\bin\VCRUNTIME140.dll
0x00007ffc566a0000 - 0x00007ffc56865000 	C:\WINDOWS\System32\USER32.dll
0x00007ffc41770000 - 0x00007ffc41a03000 	C:\WINDOWS\WinSxS\amd64_microsoft.windows.common-controls_6595b64144ccf1df_6.0.26100.7309_none_3e05feeae336a044\COMCTL32.dll
0x00007ffc53bb0000 - 0x00007ffc53bd7000 	C:\WINDOWS\System32\win32u.dll
0x00007ffc55f50000 - 0x00007ffc55ff9000 	C:\WINDOWS\System32\msvcrt.dll
0x00007ffc54b60000 - 0x00007ffc54b8b000 	C:\WINDOWS\System32\GDI32.dll
0x00007ffc53be0000 - 0x00007ffc53d0c000 	C:\WINDOWS\System32\gdi32full.dll
0x00007ffc54140000 - 0x00007ffc541e3000 	C:\WINDOWS\System32\msvcp_win.dll
0x00007ffc560b0000 - 0x00007ffc560e1000 	C:\WINDOWS\System32\IMM32.DLL
0x00007ffc4b0f0000 - 0x00007ffc4b0fc000 	D:\develop\Android\Android Studio\jbr\bin\vcruntime140_1.dll
0x00007ffc30530000 - 0x00007ffc305bd000 	D:\develop\Android\Android Studio\jbr\bin\msvcp140.dll
0x00007ffbb8ca0000 - 0x00007ffbb9936000 	D:\develop\Android\Android Studio\jbr\bin\server\jvm.dll
0x00007ffc55e90000 - 0x00007ffc55f44000 	C:\WINDOWS\System32\ADVAPI32.dll
0x00007ffc552f0000 - 0x00007ffc55396000 	C:\WINDOWS\System32\sechost.dll
0x00007ffc553a0000 - 0x00007ffc554b8000 	C:\WINDOWS\System32\RPCRT4.dll
0x00007ffc54a00000 - 0x00007ffc54a74000 	C:\WINDOWS\System32\WS2_32.dll
0x00007ffc539d0000 - 0x00007ffc53a2e000 	C:\WINDOWS\SYSTEM32\POWRPROF.dll
0x00007ffc4b2e0000 - 0x00007ffc4b2eb000 	C:\WINDOWS\SYSTEM32\VERSION.dll
0x00007ffc4b2a0000 - 0x00007ffc4b2d5000 	C:\WINDOWS\SYSTEM32\WINMM.dll
0x00007ffc539b0000 - 0x00007ffc539c4000 	C:\WINDOWS\SYSTEM32\UMPDC.dll
0x00007ffc52900000 - 0x00007ffc5291b000 	C:\WINDOWS\SYSTEM32\kernel.appcore.dll
0x00007ffc4b0e0000 - 0x00007ffc4b0ea000 	D:\develop\Android\Android Studio\jbr\bin\jimage.dll
0x00007ffc51110000 - 0x00007ffc51352000 	C:\WINDOWS\SYSTEM32\DBGHELP.DLL
0x00007ffc557b0000 - 0x00007ffc55b36000 	C:\WINDOWS\System32\combase.dll
0x00007ffc55c10000 - 0x00007ffc55ce6000 	C:\WINDOWS\System32\OLEAUT32.dll
0x00007ffc3ebf0000 - 0x00007ffc3ec2c000 	C:\WINDOWS\SYSTEM32\dbgcore.DLL
0x00007ffc53f20000 - 0x00007ffc53fc5000 	C:\WINDOWS\System32\bcryptPrimitives.dll
0x00007ffc3b760000 - 0x00007ffc3b76e000 	D:\develop\Android\Android Studio\jbr\bin\instrument.dll
0x00007ffc3b770000 - 0x00007ffc3b790000 	D:\develop\Android\Android Studio\jbr\bin\java.dll
0x00007ffc3b6b0000 - 0x00007ffc3b6c8000 	D:\develop\Android\Android Studio\jbr\bin\zip.dll
0x00007ffc54b90000 - 0x00007ffc552e3000 	C:\WINDOWS\System32\SHELL32.dll
0x00007ffc53fd0000 - 0x00007ffc5413a000 	C:\WINDOWS\System32\wintypes.dll
0x00007ffc515f0000 - 0x00007ffc51e4e000 	C:\WINDOWS\SYSTEM32\windows.storage.dll
0x00007ffc56920000 - 0x00007ffc56a15000 	C:\WINDOWS\System32\SHCORE.dll
0x00007ffc56870000 - 0x00007ffc568d6000 	C:\WINDOWS\System32\shlwapi.dll
0x00007ffc53a90000 - 0x00007ffc53ab9000 	C:\WINDOWS\SYSTEM32\profapi.dll
0x00007ffc4b0d0000 - 0x00007ffc4b0e0000 	D:\develop\Android\Android Studio\jbr\bin\net.dll
0x00007ffc4b7e0000 - 0x00007ffc4b908000 	C:\WINDOWS\SYSTEM32\WINHTTP.dll
0x00007ffc52e90000 - 0x00007ffc52efb000 	C:\WINDOWS\system32\mswsock.dll
0x00007ffc390f0000 - 0x00007ffc39106000 	D:\develop\Android\Android Studio\jbr\bin\nio.dll
0x00007ffc39180000 - 0x00007ffc39190000 	D:\develop\Android\Android Studio\jbr\bin\verify.dll
0x00007ffc38fd0000 - 0x00007ffc38ff7000 	C:\Users\jane\.gradle\native\c067742578af261105cb4f569cf0c3c89f3d7b1fecec35dd04571415982c5e48\windows-amd64\native-platform.dll
0x00007ffbed730000 - 0x00007ffbed874000 	C:\Users\jane\.gradle\native\38dada09dfb8b06ba9b0570ebf7e218e3eb74d4ef43ca46872605cf95ebc2f47\windows-amd64\native-platform-file-events.dll
0x00007ffc42ba0000 - 0x00007ffc42ba9000 	D:\develop\Android\Android Studio\jbr\bin\management.dll
0x00007ffc40050000 - 0x00007ffc4005b000 	D:\develop\Android\Android Studio\jbr\bin\management_ext.dll
0x00007ffc568e0000 - 0x00007ffc568e8000 	C:\WINDOWS\System32\PSAPI.DLL
0x00007ffc53150000 - 0x00007ffc5316b000 	C:\WINDOWS\SYSTEM32\CRYPTSP.dll
0x00007ffc52860000 - 0x00007ffc5289a000 	C:\WINDOWS\system32\rsaenh.dll
0x00007ffc52f40000 - 0x00007ffc52f6b000 	C:\WINDOWS\SYSTEM32\USERENV.dll
0x00007ffc53a60000 - 0x00007ffc53a8a000 	C:\WINDOWS\SYSTEM32\bcrypt.dll
0x00007ffc53170000 - 0x00007ffc5317c000 	C:\WINDOWS\SYSTEM32\CRYPTBASE.dll
0x00007ffc52330000 - 0x00007ffc52364000 	C:\WINDOWS\SYSTEM32\IPHLPAPI.DLL
0x00007ffc54b50000 - 0x00007ffc54b5a000 	C:\WINDOWS\System32\NSI.dll
0x00007ffc43ba0000 - 0x00007ffc43ba9000 	D:\develop\Android\Android Studio\jbr\bin\extnet.dll
0x00007ffc21050000 - 0x00007ffc21058000 	C:\WINDOWS\system32\wshunix.dll
0x00007ffc31440000 - 0x00007ffc31458000 	C:\WINDOWS\system32\napinsp.dll
0x00007ffc523d0000 - 0x00007ffc524fc000 	C:\WINDOWS\SYSTEM32\DNSAPI.dll
0x00007ffc31420000 - 0x00007ffc31432000 	C:\WINDOWS\System32\winrnr.dll
0x00007ffc313f0000 - 0x00007ffc31412000 	C:\WINDOWS\system32\nlansp_c.dll
0x00007ffc4b1c0000 - 0x00007ffc4b1d6000 	C:\WINDOWS\system32\wshbth.dll
0x00007ffc4b0c0000 - 0x00007ffc4b0cb000 	C:\Windows\System32\rasadhlp.dll
0x00007ffc4d4d0000 - 0x00007ffc4d556000 	C:\WINDOWS\System32\fwpuclnt.dll

JVMTI agents:
C:\Users\jane\.gradle\wrapper\dists\gradle-8.5-bin\5t9huq95ubn472n8rpzujfbqh\gradle-8.5\lib\agents\gradle-instrumentation-agent-8.5.jar path:D:\develop\Android\Android Studio\jbr\bin\instrument.dll, loaded, initialized, instrumentlib options:none

dbghelp: loaded successfully - version: 4.0.5 - missing functions: none
symbol engine: initialized successfully - sym options: 0x614 - pdb path: .;D:\develop\Android\Android Studio\jbr\bin;C:\WINDOWS\SYSTEM32;C:\WINDOWS\WinSxS\amd64_microsoft.windows.common-controls_6595b64144ccf1df_6.0.26100.7309_none_3e05feeae336a044;D:\develop\Android\Android Studio\jbr\bin\server;C:\Users\jane\.gradle\native\c067742578af261105cb4f569cf0c3c89f3d7b1fecec35dd04571415982c5e48\windows-amd64;C:\Users\jane\.gradle\native\38dada09dfb8b06ba9b0570ebf7e218e3eb74d4ef43ca46872605cf95ebc2f47\windows-amd64

VM Arguments:
jvm_args: --add-opens=java.base/java.util=ALL-UNNAMED --add-opens=java.base/java.lang=ALL-UNNAMED --add-opens=java.base/java.lang.invoke=ALL-UNNAMED --add-opens=java.prefs/java.util.prefs=ALL-UNNAMED --add-opens=java.base/java.nio.charset=ALL-UNNAMED --add-opens=java.base/java.net=ALL-UNNAMED --add-opens=java.base/java.util.concurrent.atomic=ALL-UNNAMED -Xmx2048m -Dfile.encoding=UTF-8 -Duser.country=CN -Duser.language=zh -Duser.variant -javaagent:C:\Users\jane\.gradle\wrapper\dists\gradle-8.5-bin\5t9huq95ubn472n8rpzujfbqh\gradle-8.5\lib\agents\gradle-instrumentation-agent-8.5.jar 
java_command: org.gradle.launcher.daemon.bootstrap.GradleDaemon 8.5
java_class_path (initial): C:\Users\jane\.gradle\wrapper\dists\gradle-8.5-bin\5t9huq95ubn472n8rpzujfbqh\gradle-8.5\lib\gradle-launcher-8.5.jar
Launcher Type: SUN_STANDARD

[Global flags]
     intx CICompilerCount                          = 4                                         {product} {ergonomic}
     uint ConcGCThreads                            = 3                                         {product} {ergonomic}
     uint G1ConcRefinementThreads                  = 10                                        {product} {ergonomic}
   size_t G1HeapRegionSize                         = 1048576                                   {product} {ergonomic}
    uintx GCDrainStackTargetSize                   = 64                                        {product} {ergonomic}
   size_t InitialHeapSize                          = 255852544                                 {product} {ergonomic}
   size_t MarkStackSize                            = 4194304                                   {product} {ergonomic}
   size_t MaxHeapSize                              = 2147483648                                {product} {command line}
   size_t MaxNewSize                               = 1287651328                                {product} {ergonomic}
   size_t MinHeapDeltaBytes                        = 1048576                                   {product} {ergonomic}
   size_t MinHeapSize                              = 8388608                                   {product} {ergonomic}
    uintx NonNMethodCodeHeapSize                   = 5839372                                {pd product} {ergonomic}
    uintx NonProfiledCodeHeapSize                  = 122909434                              {pd product} {ergonomic}
    uintx ProfiledCodeHeapSize                     = 122909434                              {pd product} {ergonomic}
    uintx ReservedCodeCacheSize                    = 251658240                              {pd product} {ergonomic}
     bool SegmentedCodeCache                       = true                                      {product} {ergonomic}
   size_t SoftMaxHeapSize                          = 2147483648                             {manageable} {ergonomic}
     bool UseCompressedOops                        = true                           {product lp64_product} {ergonomic}
     bool UseG1GC                                  = true                                      {product} {ergonomic}
     bool UseLargePagesIndividualAllocation        = false                                  {pd product} {ergonomic}

Logging:
Log output configuration:
 #0: stdout all=warning uptime,level,tags foldmultilines=false
 #1: stderr all=off uptime,level,tags foldmultilines=false

Environment Variables:
JAVA_HOME=D:\develop\Javatwo\jdk-11
PATH=C:\WINDOWS\system32;C:\WINDOWS;C:\WINDOWS\System32\Wbem;C:\WINDOWS\System32\WindowsPowerShell\v1.0\;C:\WINDOWS\System32\OpenSSH\;C:\Program Files\WireGuard\;C:\Program Files\Cloudflare\Cloudflare WARP\;D:\develop\apache-maven-3.9.4\bin;D:\develop\mysql-8.0.34-winx64\bin;C:\Program Files\Git\cmd;D:\develop\cursor\resources\app\bin;D:\develop\nodejs\;D:\develop\nodejs\node_global\node_modules;D:\qt6\Tools\mingw1310_64\bin;D:\qt6\Tools\CMake_64\bin;D:\qt6\6.9.3\mingw_64\bin;D:\vcpkg;D:\develop\Javatwo\jdk-11\bin;C:\Program Files (x86)\Common Files\Oracle\Java\javapath;C:\Program Files\Common Files\Oracle\Java\javapath;D:\AndroidStudioSDK\platform-tools;D:\AndroidStudioSDK\build-tools\36.1.0;D:\develop\gradle-7.6.6\bin;C:\Users\jane\.cargo\bin;D:\anaconda3;D:\anaconda3\Library\mingw-w64\bin;D:\anaconda3\Library\usr\bin;D:\anaconda3\Library\bin;D:\anaconda3\Scripts;C:\Users\jane\AppData\Local\Programs\Python\Python39-32\Scripts\;C:\Users\jane\AppData\Local\Programs\Python\Python39-32\;C:\Users\jane\AppData\Local\Microsoft\WindowsApps;C:\Users\jane\AppData\Local\Programs\Microsoft VS Code\bin;D:\develop\IntelliJIDEA2024.2.2\bin;;D:\develop\DataGrip 2024.1.1\bin;;D:\develop\CodeBuddy CN\bin;C:\Users\jane\AppData\Roaming\npm;D:\developoverseas\Qoder\bin;D:\developoverseas\Antigravity\bin
USERNAME=jane
OS=Windows_NT
PROCESSOR_IDENTIFIER=AMD64 Family 25 Model 68 Stepping 1, AuthenticAMD
TMP=C:\Users\jane\AppData\Local\Temp
TEMP=C:\Users\jane\AppData\Local\Temp




Periodic native trim disabled

JNI global refs:
JNI global refs: 31, weak refs: 4

JNI global refs memory usage: 835, weak refs: 833

Process memory usage:
Resident Set Size: 478132K (3% of 15930312K total physical memory with 905120K free physical memory)

OOME stack traces (most recent first):
Classloader memory used:
Loader org.gradle.internal.classloader.VisitableURLClassLoader                         : 38579K
Loader bootstrap                                                                       : 33283K
Loader org.gradle.internal.classloader.VisitableURLClassLoader$InstrumentingVisitableURLClassLoader: 26826K
Loader org.gradle.initialization.MixInLegacyTypesClassLoader                           : 12159K
Loader jdk.internal.loader.ClassLoaders$PlatformClassLoader                            : 847K
Loader org.gradle.groovy.scripts.internal.DefaultScriptCompilationHandler$ScriptClassLoader: 329K
Loader jdk.internal.reflect.DelegatingClassLoader                                      : 236K
Loader jdk.internal.loader.ClassLoaders$AppClassLoader                                 : 227K
Loader org.codehaus.groovy.runtime.callsite.CallSiteClassLoader                        : 40024B
Loader sun.reflect.misc.MethodUtil                                                     : 2984B


[error occurred during error reporting (Classloader stats), id 0xe0000001, Out of Memory Error (s\src\hotspot\share\memory\arena.cpp:168)]
---------------  S Y S T E M  ---------------

OS:
 Windows 11 , 64 bit Build 26100 (10.0.26100.7623)
OS uptime: 0 days 4:09 hours
Hyper-V role detected

CPU: total 12 (initial active 12) (12 cores per cpu, 2 threads per core) family 25 model 68 stepping 1 microcode 0xa404101, cx8, cmov, fxsr, ht, mmx, 3dnowpref, sse, sse2, sse3, ssse3, sse4a, sse4.1, sse4.2, popcnt, lzcnt, tsc, tscinvbit, avx, avx2, aes, clmul, bmi1, bmi2, adx, sha, fma, vzeroupper, clflush, clflushopt, hv, rdtscp, rdpid, f16c, cet_ss
Processor Information for the first 12 processors :
  Max Mhz: 3301, Current Mhz: 3273, Mhz Limit: 3301

Memory: 4k page, system-wide physical 15556M (874M free)
TotalPageFile size 27283M (AvailPageFile size 1M)
current process WorkingSet (physical memory assigned to process): 468M, peak: 480M
current process commit charge ("private bytes"): 503M, peak: 513M

vm_info: OpenJDK 64-Bit Server VM (21.0.8+-14196175-b1038.72) for windows-amd64 JRE (21.0.8+-14196175-b1038.72), built on 2025-10-01T10:24:33Z by "builder" with MS VC++ 16.10 / 16.11 (VS2019)

END.
